#
# There is insufficient memory for the Java Runtime Environment to continue.
# Native memory allocation (malloc) failed to allocate 41418752 bytes for committing reserved memory.
# Possible reasons:
#   The system is out of physical RAM or swap space
#   In 32 bit mode, the process size limit was hit
# Possible solutions:
#   Reduce memory load on the system
#   Increase physical memory or swap space
#   Check if swap backing store is full
#   Use 64 bit Java on a 64 bit OS
#   Decrease Java heap size (-Xmx/-Xms)
#   Decrease number of Java threads
#   Decrease Java thread stack sizes (-Xss)
#   Set larger code cache with -XX:ReservedCodeCacheSize=
# This output file may be truncated or incomplete.
#
#  Out of Memory Error (os_linux.cpp:2809), pid=22319, tid=140548251039488
#
# JRE version: OpenJDK Runtime Environment (7.0_79-b14) (build 1.7.0_79-b14)
# Java VM: OpenJDK 64-Bit Server VM (24.79-b02 mixed mode linux-amd64 compressed oops)
# Derivative: IcedTea 2.5.6
# Distribution: Ubuntu 14.04 LTS, package 7u79-2.5.6-0ubuntu1.14.04.1
# Failed to write core dump. Core dumps have been disabled. To enable core dumping, try "ulimit -c unlimited" before starting Java again
#

---------------  T H R E A D  ---------------

Current thread (0x00007fd3f8077800):  VMThread [stack: 0x00007fd3f083b000,0x00007fd3f093c000] [id=22330]

Stack: [0x00007fd3f083b000,0x00007fd3f093c000],  sp=0x00007fd3f093a490,  free space=1021k
Native frames: (J=compiled Java code, j=interpreted, Vv=VM code, C=native code)
V  [libjvm.so+0x94afd5]  VMError::report_and_die()+0x175
V  [libjvm.so+0x48b9f4]  report_vm_out_of_memory(char const*, int, unsigned long, char const*)+0x74
V  [libjvm.so+0x7c809b]  os::pd_commit_memory(char*, unsigned long, unsigned long, bool)+0xeb
V  [libjvm.so+0x7c2b3f]  os::commit_memory(char*, unsigned long, unsigned long, bool)+0x1f
V  [libjvm.so+0x83503b]  PSVirtualSpace::expand_by(unsigned long)+0x5b
V  [libjvm.so+0x835e90]  PSYoungGen::resize_generation(unsigned long, unsigned long)+0xb0
V  [libjvm.so+0x83657b]  PSYoungGen::resize(unsigned long, unsigned long)+0x1b
V  [libjvm.so+0x832860]  PSScavenge::invoke_no_policy()+0xde0
V  [libjvm.so+0x833038]  PSScavenge::invoke()+0x38
V  [libjvm.so+0x7e9723]  ParallelScavengeHeap::failed_mem_allocate(unsigned long)+0x63
V  [libjvm.so+0x94c9d4]  VM_ParallelGCFailedAllocation::doit()+0x84
V  [libjvm.so+0x950ed7]  VM_Operation::evaluate()+0x47
V  [libjvm.so+0x94f848]  VMThread::evaluate_operation(VM_Operation*)+0x318
V  [libjvm.so+0x94fca9]  VMThread::loop()+0x219
V  [libjvm.so+0x9500f2]  VMThread::run()+0x72
V  [libjvm.so+0x7c4f62]  java_start(Thread*)+0xf2

VM_Operation (0x00007fd3fee68000): ParallelGCFailedAllocation, mode: safepoint, requested by thread 0x00007fd3f800c000


---------------  P R O C E S S  ---------------

Java Threads: ( => current thread )
  0x00007fd3f82c7000 JavaThread "Service Thread" daemon [_thread_blocked, id=22336, stack(0x00007fd3f004f000,0x00007fd3f0150000)]
  0x00007fd3f82c4800 JavaThread "C2 CompilerThread1" daemon [_thread_blocked, id=22335, stack(0x00007fd3f0150000,0x00007fd3f0251000)]
  0x00007fd3f82c2800 JavaThread "C2 CompilerThread0" daemon [_thread_blocked, id=22334, stack(0x00007fd3f0251000,0x00007fd3f0352000)]
  0x00007fd3f82bf000 JavaThread "Signal Dispatcher" daemon [_thread_blocked, id=22333, stack(0x00007fd3f0352000,0x00007fd3f0453000)]
  0x00007fd3f807d800 JavaThread "Finalizer" daemon [_thread_blocked, id=22332, stack(0x00007fd3f0639000,0x00007fd3f073a000)]
  0x00007fd3f807b800 JavaThread "Reference Handler" daemon [_thread_blocked, id=22331, stack(0x00007fd3f073a000,0x00007fd3f083b000)]
  0x00007fd3f800c000 JavaThread "main" [_thread_blocked, id=22325, stack(0x00007fd3fed6b000,0x00007fd3fee6c000)]

Other Threads:
=>0x00007fd3f8077800 VMThread [stack: 0x00007fd3f083b000,0x00007fd3f093c000] [id=22330]
  0x00007fd3f82d2000 WatcherThread [stack: 0x00007fd3eb81d000,0x00007fd3eb91e000] [id=22337]

VM state:at safepoint (normal execution)

VM Mutex/Monitor currently owned by a thread:  ([mutex/lock_event])
[0x00007fd3f80083b0] Threads_lock - owner thread: 0x00007fd3f8077800
[0x00007fd3f80088b0] Heap_lock - owner thread: 0x00007fd3f800c000

Heap
 PSYoungGen      total 69120K, used 5607K [0x00000000eba80000, 0x00000000f0380000, 0x0000000100000000)
  eden space 63488K, 0% used [0x00000000eba80000,0x00000000eba80000,0x00000000ef880000)
  from space 5632K, 99% used [0x00000000ef880000,0x00000000efdf9cb0,0x00000000efe00000)
  to   space 5632K, 0% used [0x00000000efe00000,0x00000000efe00000,0x00000000f0380000)
 ParOldGen       total 41472K, used 12789K [0x00000000c3000000, 0x00000000c5880000, 0x00000000eba80000)
  object space 41472K, 30% used [0x00000000c3000000,0x00000000c3c7d730,0x00000000c5880000)
 PSPermGen       total 21504K, used 17462K [0x00000000b8a00000, 0x00000000b9f00000, 0x00000000c3000000)
  object space 21504K, 81% used [0x00000000b8a00000,0x00000000b9b0d988,0x00000000b9f00000)

Card table byte_map: [0x00007fd3f4589000,0x00007fd3f47c5000] byte_map_base: 0x00007fd3f3fc4000

Polling page: 0x00007fd3fee8d000

Code Cache  [0x00007fd3f47c5000, 0x00007fd3f4a35000, 0x00007fd3f77c5000)
 total_blobs=780 nmethods=375 adapters=357 free_code_cache=47805Kb largest_free_block=48875520

Compilation events (10 events):
Event: 40,824 Thread 0x00007fd3f82c4800 nmethod 385 0x00007fd3f4904310 code [0x00007fd3f4904460, 0x00007fd3f4904558]
Event: 40,824 Thread 0x00007fd3f82c4800  388             com.google.common.cache.LocalCache$AccessQueue$1::setPreviousInAccessQueue (6 bytes)
Event: 40,825 Thread 0x00007fd3f82c2800 nmethod 387 0x00007fd3f4904110 code [0x00007fd3f4904240, 0x00007fd3f4904298]
Event: 40,825 Thread 0x00007fd3f82c4800 nmethod 388 0x00007fd3f4903f10 code [0x00007fd3f4904040, 0x00007fd3f49040b8]
Event: 40,825 Thread 0x00007fd3f82c4800  389  s          java.util.Hashtable::get (70 bytes)
Event: 40,825 Thread 0x00007fd3f82c2800  390             java.lang.ref.WeakReference::<init> (7 bytes)
Event: 40,826 Thread 0x00007fd3f82c2800 nmethod 390 0x00007fd3f4903cd0 code [0x00007fd3f4903e00, 0x00007fd3f4903e98]
Event: 40,832 Thread 0x00007fd3f82c4800 nmethod 389 0x00007fd3f4916ed0 code [0x00007fd3f4917040, 0x00007fd3f49176b8]
Event: 40,835 Thread 0x00007fd3f82c2800  391             com.google.common.cache.LocalCache$WeakAccessWriteEntry::setPreviousInWriteQueue (6 bytes)
Event: 40,836 Thread 0x00007fd3f82c2800 nmethod 391 0x00007fd3f4903ad0 code [0x00007fd3f4903c00, 0x00007fd3f4903c78]

GC Heap History (10 events):
Event: 5,785 GC heap after
Heap after GC invocations=4 (full 0):
 PSYoungGen      total 18432K, used 2528K [0x00000000eba80000, 0x00000000ede80000, 0x0000000100000000)
  eden space 15872K, 0% used [0x00000000eba80000,0x00000000eba80000,0x00000000eca00000)
  from space 2560K, 98% used [0x00000000ecc80000,0x00000000ecef8020,0x00000000ecf00000)
  to   space 2560K, 0% used [0x00000000eca00000,0x00000000eca00000,0x00000000ecc80000)
 ParOldGen       total 41472K, used 7091K [0x00000000c3000000, 0x00000000c5880000, 0x00000000eba80000)
  object space 41472K, 17% used [0x00000000c3000000,0x00000000c36ecd18,0x00000000c5880000)
 PSPermGen       total 21504K, used 13280K [0x00000000b8a00000, 0x00000000b9f00000, 0x00000000c3000000)
  object space 21504K, 61% used [0x00000000b8a00000,0x00000000b96f82b8,0x00000000b9f00000)
}
Event: 6,068 GC heap before
{Heap before GC invocations=5 (full 0):
 PSYoungGen      total 18432K, used 18400K [0x00000000eba80000, 0x00000000ede80000, 0x0000000100000000)
  eden space 15872K, 100% used [0x00000000eba80000,0x00000000eca00000,0x00000000eca00000)
  from space 2560K, 98% used [0x00000000ecc80000,0x00000000ecef8020,0x00000000ecf00000)
  to   space 2560K, 0% used [0x00000000eca00000,0x00000000eca00000,0x00000000ecc80000)
 ParOldGen       total 41472K, used 7091K [0x00000000c3000000, 0x00000000c5880000, 0x00000000eba80000)
  object space 41472K, 17% used [0x00000000c3000000,0x00000000c36ecd18,0x00000000c5880000)
 PSPermGen       total 21504K, used 13358K [0x00000000b8a00000, 0x00000000b9f00000, 0x00000000c3000000)
  object space 21504K, 62% used [0x00000000b8a00000,0x00000000b970bbc0,0x00000000b9f00000)
Event: 6,076 GC heap after
Heap after GC invocations=5 (full 0):
 PSYoungGen      total 18432K, used 2544K [0x00000000eba80000, 0x00000000ee580000, 0x0000000100000000)
  eden space 15872K, 0% used [0x00000000eba80000,0x00000000eba80000,0x00000000eca00000)
  from space 2560K, 99% used [0x00000000eca00000,0x00000000ecc7c030,0x00000000ecc80000)
  to   space 6144K, 0% used [0x00000000edf80000,0x00000000edf80000,0x00000000ee580000)
 ParOldGen       total 41472K, used 8683K [0x00000000c3000000, 0x00000000c5880000, 0x00000000eba80000)
  object space 41472K, 20% used [0x00000000c3000000,0x00000000c387ad28,0x00000000c5880000)
 PSPermGen       total 21504K, used 13358K [0x00000000b8a00000, 0x00000000b9f00000, 0x00000000c3000000)
  object space 21504K, 62% used [0x00000000b8a00000,0x00000000b970bbc0,0x00000000b9f00000)
}
Event: 6,308 GC heap before
{Heap before GC invocations=6 (full 0):
 PSYoungGen      total 18432K, used 18416K [0x00000000eba80000, 0x00000000ee580000, 0x0000000100000000)
  eden space 15872K, 100% used [0x00000000eba80000,0x00000000eca00000,0x00000000eca00000)
  from space 2560K, 99% used [0x00000000eca00000,0x00000000ecc7c030,0x00000000ecc80000)
  to   space 6144K, 0% used [0x00000000edf80000,0x00000000edf80000,0x00000000ee580000)
 ParOldGen       total 41472K, used 8683K [0x00000000c3000000, 0x00000000c5880000, 0x00000000eba80000)
  object space 41472K, 20% used [0x00000000c3000000,0x00000000c387ad28,0x00000000c5880000)
 PSPermGen       total 21504K, used 13497K [0x00000000b8a00000, 0x00000000b9f00000, 0x00000000c3000000)
  object space 21504K, 62% used [0x00000000b8a00000,0x00000000b972e700,0x00000000b9f00000)
Event: 6,316 GC heap after
Heap after GC invocations=6 (full 0):
 PSYoungGen      total 37888K, used 4449K [0x00000000eba80000, 0x00000000ee580000, 0x0000000100000000)
  eden space 31744K, 0% used [0x00000000eba80000,0x00000000eba80000,0x00000000ed980000)
  from space 6144K, 72% used [0x00000000edf80000,0x00000000ee3d87f0,0x00000000ee580000)
  to   space 6144K, 0% used [0x00000000ed980000,0x00000000ed980000,0x00000000edf80000)
 ParOldGen       total 41472K, used 8683K [0x00000000c3000000, 0x00000000c5880000, 0x00000000eba80000)
  object space 41472K, 20% used [0x00000000c3000000,0x00000000c387ad28,0x00000000c5880000)
 PSPermGen       total 21504K, used 13497K [0x00000000b8a00000, 0x00000000b9f00000, 0x00000000c3000000)
  object space 21504K, 62% used [0x00000000b8a00000,0x00000000b972e700,0x00000000b9f00000)
}
Event: 6,638 GC heap before
{Heap before GC invocations=7 (full 0):
 PSYoungGen      total 37888K, used 36193K [0x00000000eba80000, 0x00000000ee580000, 0x0000000100000000)
  eden space 31744K, 100% used [0x00000000eba80000,0x00000000ed980000,0x00000000ed980000)
  from space 6144K, 72% used [0x00000000edf80000,0x00000000ee3d87f0,0x00000000ee580000)
  to   space 6144K, 0% used [0x00000000ed980000,0x00000000ed980000,0x00000000edf80000)
 ParOldGen       total 41472K, used 8683K [0x00000000c3000000, 0x00000000c5880000, 0x00000000eba80000)
  object space 41472K, 20% used [0x00000000c3000000,0x00000000c387ad28,0x00000000c5880000)
 PSPermGen       total 21504K, used 13699K [0x00000000b8a00000, 0x00000000b9f00000, 0x00000000c3000000)
  object space 21504K, 63% used [0x00000000b8a00000,0x00000000b9760d28,0x00000000b9f00000)
Event: 6,649 GC heap after
Heap after GC invocations=7 (full 0):
 PSYoungGen      total 37888K, used 4522K [0x00000000eba80000, 0x00000000f0380000, 0x0000000100000000)
  eden space 31744K, 0% used [0x00000000eba80000,0x00000000eba80000,0x00000000ed980000)
  from space 6144K, 73% used [0x00000000ed980000,0x00000000eddea820,0x00000000edf80000)
  to   space 5632K, 0% used [0x00000000efe00000,0x00000000efe00000,0x00000000f0380000)
 ParOldGen       total 41472K, used 10198K [0x00000000c3000000, 0x00000000c5880000, 0x00000000eba80000)
  object space 41472K, 24% used [0x00000000c3000000,0x00000000c39f5a58,0x00000000c5880000)
 PSPermGen       total 21504K, used 13699K [0x00000000b8a00000, 0x00000000b9f00000, 0x00000000c3000000)
  object space 21504K, 63% used [0x00000000b8a00000,0x00000000b9760d28,0x00000000b9f00000)
}
Event: 7,494 GC heap before
{Heap before GC invocations=8 (full 0):
 PSYoungGen      total 37888K, used 36266K [0x00000000eba80000, 0x00000000f0380000, 0x0000000100000000)
  eden space 31744K, 100% used [0x00000000eba80000,0x00000000ed980000,0x00000000ed980000)
  from space 6144K, 73% used [0x00000000ed980000,0x00000000eddea820,0x00000000edf80000)
  to   space 5632K, 0% used [0x00000000efe00000,0x00000000efe00000,0x00000000f0380000)
 ParOldGen       total 41472K, used 10198K [0x00000000c3000000, 0x00000000c5880000, 0x00000000eba80000)
  object space 41472K, 24% used [0x00000000c3000000,0x00000000c39f5a58,0x00000000c5880000)
 PSPermGen       total 21504K, used 14703K [0x00000000b8a00000, 0x00000000b9f00000, 0x00000000c3000000)
  object space 21504K, 68% used [0x00000000b8a00000,0x00000000b985bfe8,0x00000000b9f00000)
Event: 7,538 GC heap after
Heap after GC invocations=8 (full 0):
 PSYoungGen      total 69120K, used 4041K [0x00000000eba80000, 0x00000000f0380000, 0x0000000100000000)
  eden space 63488K, 0% used [0x00000000eba80000,0x00000000eba80000,0x00000000ef880000)
  from space 5632K, 71% used [0x00000000efe00000,0x00000000f01f2780,0x00000000f0380000)
  to   space 5632K, 0% used [0x00000000ef880000,0x00000000ef880000,0x00000000efe00000)
 ParOldGen       total 41472K, used 11127K [0x00000000c3000000, 0x00000000c5880000, 0x00000000eba80000)
  object space 41472K, 26% used [0x00000000c3000000,0x00000000c3addca8,0x00000000c5880000)
 PSPermGen       total 21504K, used 14703K [0x00000000b8a00000, 0x00000000b9f00000, 0x00000000c3000000)
  object space 21504K, 68% used [0x00000000b8a00000,0x00000000b985bfe8,0x00000000b9f00000)
}
Event: 42,071 GC heap before
{Heap before GC invocations=9 (full 0):
 PSYoungGen      total 69120K, used 67529K [0x00000000eba80000, 0x00000000f0380000, 0x0000000100000000)
  eden space 63488K, 100% used [0x00000000eba80000,0x00000000ef880000,0x00000000ef880000)
  from space 5632K, 71% used [0x00000000efe00000,0x00000000f01f2780,0x00000000f0380000)
  to   space 5632K, 0% used [0x00000000ef880000,0x00000000ef880000,0x00000000efe00000)
 ParOldGen       total 41472K, used 11127K [0x00000000c3000000, 0x00000000c5880000, 0x00000000eba80000)
  object space 41472K, 26% used [0x00000000c3000000,0x00000000c3addca8,0x00000000c5880000)
 PSPermGen       total 21504K, used 17462K [0x00000000b8a00000, 0x00000000b9f00000, 0x00000000c3000000)
  object space 21504K, 81% used [0x00000000b8a00000,0x00000000b9b0d988,0x00000000b9f00000)

Deoptimization events (10 events):
Event: 7,833 Thread 0x00007fd3f800c000 Uncommon trap: reason=class_check action=maybe_recompile pc=0x00007fd3f4841444 method=java.lang.StringCoding$StringDecoder.decode([BII)[C @ 30
Event: 7,867 Thread 0x00007fd3f800c000 Uncommon trap: reason=unloaded action=reinterpret pc=0x00007fd3f48d6d94 method=javassist.bytecode.AttributeInfo.read(Ljavassist/bytecode/ConstPool;Ljava/io/DataInputStream;)Ljavassist/bytecode/AttributeInfo; @ 348
Event: 27,888 Thread 0x00007fd3f800c000 Uncommon trap: reason=unloaded action=reinterpret pc=0x00007fd3f4889170 method=javassist.bytecode.ConstPool.readOne(Ljava/io/DataInputStream;)I @ 124
Event: 30,345 Thread 0x00007fd3f800c000 Uncommon trap: reason=class_check action=maybe_recompile pc=0x00007fd3f483dacc method=java.lang.StringCoding$StringDecoder.decode([BII)[C @ 30
Event: 30,705 Thread 0x00007fd3f800c000 Uncommon trap: reason=class_check action=maybe_recompile pc=0x00007fd3f48855f0 method=java.io.BufferedInputStream.read([BII)I @ 101
Event: 30,705 Thread 0x00007fd3f800c000 Uncommon trap: reason=class_check action=maybe_recompile pc=0x00007fd3f48855f0 method=java.io.BufferedInputStream.read([BII)I @ 101
Event: 30,759 Thread 0x00007fd3f800c000 Uncommon trap: reason=class_check action=maybe_recompile pc=0x00007fd3f48855f0 method=java.io.BufferedInputStream.read([BII)I @ 101
Event: 31,853 Thread 0x00007fd3f800c000 Uncommon trap: reason=class_check action=maybe_recompile pc=0x00007fd3f4863608 method=java.util.Properties$LineReader.readLine()I @ 62
Event: 33,534 Thread 0x00007fd3f800c000 Uncommon trap: reason=class_check action=maybe_recompile pc=0x00007fd3f49180f8 method=java.util.Properties$LineReader.readLine()I @ 402
Event: 33,742 Thread 0x00007fd3f800c000 Uncommon trap: reason=class_check action=maybe_recompile pc=0x00007fd3f49180f8 method=java.util.Properties$LineReader.readLine()I @ 402

Internal exceptions (10 events):
Event: 40,071 Thread 0x00007fd3f800c000 Threw 0x00000000ef2cb610 at /build/openjdk-7-FO0dNI/openjdk-7-7u79-2.5.6/build/openjdk/hotspot/src/share/vm/prims/jvm.cpp:1284
Event: 40,071 Thread 0x00007fd3f800c000 Threw 0x00000000ef2d1748 at /build/openjdk-7-FO0dNI/openjdk-7-7u79-2.5.6/build/openjdk/hotspot/src/share/vm/prims/jvm.cpp:1284
Event: 40,072 Thread 0x00007fd3f800c000 Threw 0x00000000ef2d97f0 at /build/openjdk-7-FO0dNI/openjdk-7-7u79-2.5.6/build/openjdk/hotspot/src/share/vm/prims/jvm.cpp:1284
Event: 40,072 Thread 0x00007fd3f800c000 Threw 0x00000000ef2df928 at /build/openjdk-7-FO0dNI/openjdk-7-7u79-2.5.6/build/openjdk/hotspot/src/share/vm/prims/jvm.cpp:1284
Event: 40,072 Thread 0x00007fd3f800c000 Threw 0x00000000ef2dfbe0 at /build/openjdk-7-FO0dNI/openjdk-7-7u79-2.5.6/build/openjdk/hotspot/src/share/vm/classfile/systemDictionary.cpp:185
Event: 40,073 Thread 0x00007fd3f800c000 Threw 0x00000000ef2e81f8 at /build/openjdk-7-FO0dNI/openjdk-7-7u79-2.5.6/build/openjdk/hotspot/src/share/vm/prims/jvm.cpp:1284
Event: 40,073 Thread 0x00007fd3f800c000 Threw 0x00000000ef2ee4b0 at /build/openjdk-7-FO0dNI/openjdk-7-7u79-2.5.6/build/openjdk/hotspot/src/share/vm/prims/jvm.cpp:1284
Event: 40,074 Thread 0x00007fd3f800c000 Threw 0x00000000ef2f6788 at /build/openjdk-7-FO0dNI/openjdk-7-7u79-2.5.6/build/openjdk/hotspot/src/share/vm/prims/jvm.cpp:1284
Event: 40,074 Thread 0x00007fd3f800c000 Threw 0x00000000ef2fca40 at /build/openjdk-7-FO0dNI/openjdk-7-7u79-2.5.6/build/openjdk/hotspot/src/share/vm/prims/jvm.cpp:1284
Event: 40,074 Thread 0x00007fd3f800c000 Threw 0x00000000ef2fcd00 at /build/openjdk-7-FO0dNI/openjdk-7-7u79-2.5.6/build/openjdk/hotspot/src/share/vm/classfile/systemDictionary.cpp:185

Events (10 events):
Event: 40,073 loading class 0x00007fd3f8836350
Event: 40,073 loading class 0x00007fd3f8836350 done
Event: 40,073 loading class 0x00007fd3f8836350
Event: 40,073 loading class 0x00007fd3f8836350 done
Event: 40,074 loading class 0x00007fd3f8836350
Event: 40,074 loading class 0x00007fd3f8836350 done
Event: 40,689 loading class 0x00007fd3f1b7ab30
Event: 40,777 loading class 0x00007fd3f1b7ab30 done
Event: 40,821 Thread 0x00007fd3f82c4800 flushing nmethod 0x00007fd3f4896190
Event: 41,326 Executing VM operation: ParallelGCFailedAllocation


Dynamic libraries:
00400000-00401000 r-xp 00000000 08:05 800799                             /usr/lib/jvm/java-7-openjdk-amd64/jre/bin/java
00600000-00601000 r--p 00000000 08:05 800799                             /usr/lib/jvm/java-7-openjdk-amd64/jre/bin/java
00601000-00602000 rw-p 00001000 08:05 800799                             /usr/lib/jvm/java-7-openjdk-amd64/jre/bin/java
00ef3000-00f14000 rw-p 00000000 00:00 0                                  [heap]
b8a00000-b9f00000 rw-p 00000000 00:00 0 
b9f00000-c3000000 rw-p 00000000 00:00 0 
c3000000-c5880000 rw-p 00000000 00:00 0 
c5880000-eba80000 rw-p 00000000 00:00 0 
eba80000-f0380000 rw-p 00000000 00:00 0 
f2b00000-100000000 rw-p 00000000 00:00 0 
7fd3a8000000-7fd3a8022000 rw-p 00000000 00:00 0 
7fd3a8022000-7fd3ac000000 ---p 00000000 00:00 0 
7fd3aeee3000-7fd3aeee7000 r-xp 00000000 08:05 657731                     /lib/x86_64-linux-gnu/libgpg-error.so.0.10.0
7fd3aeee7000-7fd3af0e6000 ---p 00004000 08:05 657731                     /lib/x86_64-linux-gnu/libgpg-error.so.0.10.0
7fd3af0e6000-7fd3af0e7000 r--p 00003000 08:05 657731                     /lib/x86_64-linux-gnu/libgpg-error.so.0.10.0
7fd3af0e7000-7fd3af0e8000 rw-p 00004000 08:05 657731                     /lib/x86_64-linux-gnu/libgpg-error.so.0.10.0
7fd3af0e8000-7fd3af0ea000 r-xp 00000000 08:05 657741                     /lib/x86_64-linux-gnu/libkeyutils.so.1.4
7fd3af0ea000-7fd3af2ea000 ---p 00002000 08:05 657741                     /lib/x86_64-linux-gnu/libkeyutils.so.1.4
7fd3af2ea000-7fd3af2eb000 r--p 00002000 08:05 657741                     /lib/x86_64-linux-gnu/libkeyutils.so.1.4
7fd3af2eb000-7fd3af2ec000 rw-p 00003000 08:05 657741                     /lib/x86_64-linux-gnu/libkeyutils.so.1.4
7fd3af2ec000-7fd3af327000 r-xp 00000000 08:05 922577                     /usr/lib/x86_64-linux-gnu/libp11-kit.so.0.0.0
7fd3af327000-7fd3af526000 ---p 0003b000 08:05 922577                     /usr/lib/x86_64-linux-gnu/libp11-kit.so.0.0.0
7fd3af526000-7fd3af52c000 r--p 0003a000 08:05 922577                     /usr/lib/x86_64-linux-gnu/libp11-kit.so.0.0.0
7fd3af52c000-7fd3af52e000 rw-p 00040000 08:05 922577                     /usr/lib/x86_64-linux-gnu/libp11-kit.so.0.0.0
7fd3af52e000-7fd3af540000 r-xp 00000000 08:05 922760                     /usr/lib/x86_64-linux-gnu/libtasn1.so.6.2.0
7fd3af540000-7fd3af740000 ---p 00012000 08:05 922760                     /usr/lib/x86_64-linux-gnu/libtasn1.so.6.2.0
7fd3af740000-7fd3af741000 r--p 00012000 08:05 922760                     /usr/lib/x86_64-linux-gnu/libtasn1.so.6.2.0
7fd3af741000-7fd3af742000 rw-p 00013000 08:05 922760                     /usr/lib/x86_64-linux-gnu/libtasn1.so.6.2.0
7fd3af742000-7fd3af7be000 r-xp 00000000 08:05 657727                     /lib/x86_64-linux-gnu/libgcrypt.so.11.8.2
7fd3af7be000-7fd3af9be000 ---p 0007c000 08:05 657727                     /lib/x86_64-linux-gnu/libgcrypt.so.11.8.2
7fd3af9be000-7fd3af9bf000 r--p 0007c000 08:05 657727                     /lib/x86_64-linux-gnu/libgcrypt.so.11.8.2
7fd3af9bf000-7fd3af9c2000 rw-p 0007d000 08:05 657727                     /lib/x86_64-linux-gnu/libgcrypt.so.11.8.2
7fd3af9c2000-7fd3af9cc000 r-xp 00000000 08:05 922460                     /usr/lib/x86_64-linux-gnu/libkrb5support.so.0.1
7fd3af9cc000-7fd3afbcb000 ---p 0000a000 08:05 922460                     /usr/lib/x86_64-linux-gnu/libkrb5support.so.0.1
7fd3afbcb000-7fd3afbcc000 r--p 00009000 08:05 922460                     /usr/lib/x86_64-linux-gnu/libkrb5support.so.0.1
7fd3afbcc000-7fd3afbcd000 rw-p 0000a000 08:05 922460                     /usr/lib/x86_64-linux-gnu/libkrb5support.so.0.1
7fd3afbcd000-7fd3afbd0000 r-xp 00000000 08:05 657707                     /lib/x86_64-linux-gnu/libcom_err.so.2.1
7fd3afbd0000-7fd3afdcf000 ---p 00003000 08:05 657707                     /lib/x86_64-linux-gnu/libcom_err.so.2.1
7fd3afdcf000-7fd3afdd0000 r--p 00002000 08:05 657707                     /lib/x86_64-linux-gnu/libcom_err.so.2.1
7fd3afdd0000-7fd3afdd1000 rw-p 00003000 08:05 657707                     /lib/x86_64-linux-gnu/libcom_err.so.2.1
7fd3afdd1000-7fd3afdfd000 r-xp 00000000 08:05 922454                     /usr/lib/x86_64-linux-gnu/libk5crypto.so.3.1
7fd3afdfd000-7fd3afffc000 ---p 0002c000 08:05 922454                     /usr/lib/x86_64-linux-gnu/libk5crypto.so.3.1
7fd3afffc000-7fd3afffe000 r--p 0002b000 08:05 922454                     /usr/lib/x86_64-linux-gnu/libk5crypto.so.3.1
7fd3afffe000-7fd3affff000 rw-p 0002d000 08:05 922454                     /usr/lib/x86_64-linux-gnu/libk5crypto.so.3.1
7fd3affff000-7fd3b0000000 rw-p 00000000 00:00 0 
7fd3b0000000-7fd3b0021000 rw-p 00000000 00:00 0 
7fd3b0021000-7fd3b4000000 ---p 00000000 00:00 0 
7fd3b4000000-7fd3b4021000 rw-p 00000000 00:00 0 
7fd3b4021000-7fd3b8000000 ---p 00000000 00:00 0 
7fd3b816f000-7fd3b822b000 r-xp 00000000 08:05 922458                     /usr/lib/x86_64-linux-gnu/libkrb5.so.3.3
7fd3b822b000-7fd3b842b000 ---p 000bc000 08:05 922458                     /usr/lib/x86_64-linux-gnu/libkrb5.so.3.3
7fd3b842b000-7fd3b8438000 r--p 000bc000 08:05 922458                     /usr/lib/x86_64-linux-gnu/libkrb5.so.3.3
7fd3b8438000-7fd3b843a000 rw-p 000c9000 08:05 922458                     /usr/lib/x86_64-linux-gnu/libkrb5.so.3.3
7fd3b843a000-7fd3b8449000 r-xp 00000000 08:05 921954                     /usr/lib/x86_64-linux-gnu/libavahi-client.so.3.2.9
7fd3b8449000-7fd3b8649000 ---p 0000f000 08:05 921954                     /usr/lib/x86_64-linux-gnu/libavahi-client.so.3.2.9
7fd3b8649000-7fd3b864a000 r--p 0000f000 08:05 921954                     /usr/lib/x86_64-linux-gnu/libavahi-client.so.3.2.9
7fd3b864a000-7fd3b864b000 rw-p 00010000 08:05 921954                     /usr/lib/x86_64-linux-gnu/libavahi-client.so.3.2.9
7fd3b864b000-7fd3b8656000 r-xp 00000000 08:05 921956                     /usr/lib/x86_64-linux-gnu/libavahi-common.so.3.5.3
7fd3b8656000-7fd3b8855000 ---p 0000b000 08:05 921956                     /usr/lib/x86_64-linux-gnu/libavahi-common.so.3.5.3
7fd3b8855000-7fd3b8856000 r--p 0000a000 08:05 921956                     /usr/lib/x86_64-linux-gnu/libavahi-common.so.3.5.3
7fd3b8856000-7fd3b8857000 rw-p 0000b000 08:05 921956                     /usr/lib/x86_64-linux-gnu/libavahi-common.so.3.5.3
7fd3b8857000-7fd3b890d000 r-xp 00000000 08:05 922257                     /usr/lib/x86_64-linux-gnu/libgnutls.so.26.22.6
7fd3b890d000-7fd3b8b0d000 ---p 000b6000 08:05 922257                     /usr/lib/x86_64-linux-gnu/libgnutls.so.26.22.6
7fd3b8b0d000-7fd3b8b13000 r--p 000b6000 08:05 922257                     /usr/lib/x86_64-linux-gnu/libgnutls.so.26.22.6
7fd3b8b13000-7fd3b8b14000 rw-p 000bc000 08:05 922257                     /usr/lib/x86_64-linux-gnu/libgnutls.so.26.22.6
7fd3b8b14000-7fd3b8b15000 rw-p 00000000 00:00 0 
7fd3b8b15000-7fd3b8b58000 r-xp 00000000 08:05 922288                     /usr/lib/x86_64-linux-gnu/libgssapi_krb5.so.2.2
7fd3b8b58000-7fd3b8d58000 ---p 00043000 08:05 922288                     /usr/lib/x86_64-linux-gnu/libgssapi_krb5.so.2.2
7fd3b8d58000-7fd3b8d59000 r--p 00043000 08:05 922288                     /usr/lib/x86_64-linux-gnu/libgssapi_krb5.so.2.2
7fd3b8d59000-7fd3b8d5b000 rw-p 00044000 08:05 922288                     /usr/lib/x86_64-linux-gnu/libgssapi_krb5.so.2.2
7fd3b8d5b000-7fd3b8dc7000 r-xp 00000000 08:05 922039                     /usr/lib/x86_64-linux-gnu/libcups.so.2
7fd3b8dc7000-7fd3b8fc7000 ---p 0006c000 08:05 922039                     /usr/lib/x86_64-linux-gnu/libcups.so.2
7fd3b8fc7000-7fd3b8fce000 r--p 0006c000 08:05 922039                     /usr/lib/x86_64-linux-gnu/libcups.so.2
7fd3b8fce000-7fd3b8fcf000 rw-p 00073000 08:05 922039                     /usr/lib/x86_64-linux-gnu/libcups.so.2
7fd3b8fe8000-7fd3b8fe9000 rw-p 00000000 00:00 0 
7fd3b8fe9000-7fd3b8fec000 r--p 00000000 08:05 168202                     /usr/share/locale-langpack/es/LC_MESSAGES/atk10.mo
7fd3b8fec000-7fd3b9034000 r-xp 00000000 08:05 800860                     /usr/lib/jvm/java-7-openjdk-amd64/jre/lib/amd64/xawt/libmawt.so
7fd3b9034000-7fd3b9233000 ---p 00048000 08:05 800860                     /usr/lib/jvm/java-7-openjdk-amd64/jre/lib/amd64/xawt/libmawt.so
7fd3b9233000-7fd3b9234000 r--p 00047000 08:05 800860                     /usr/lib/jvm/java-7-openjdk-amd64/jre/lib/amd64/xawt/libmawt.so
7fd3b9234000-7fd3b9237000 rw-p 00048000 08:05 800860                     /usr/lib/jvm/java-7-openjdk-amd64/jre/lib/amd64/xawt/libmawt.so
7fd3b9237000-7fd3b9238000 rw-p 00000000 00:00 0 
7fd3b9238000-7fd3b92d8000 r-xp 00000000 08:05 800735                     /usr/lib/jvm/java-7-openjdk-amd64/jre/lib/amd64/libawt.so
7fd3b92d8000-7fd3b94d8000 ---p 000a0000 08:05 800735                     /usr/lib/jvm/java-7-openjdk-amd64/jre/lib/amd64/libawt.so
7fd3b94d8000-7fd3b94d9000 r--p 000a0000 08:05 800735                     /usr/lib/jvm/java-7-openjdk-amd64/jre/lib/amd64/libawt.so
7fd3b94d9000-7fd3b94e4000 rw-p 000a1000 08:05 800735                     /usr/lib/jvm/java-7-openjdk-amd64/jre/lib/amd64/libawt.so
7fd3b94e4000-7fd3b9509000 rw-p 00000000 00:00 0 
7fd3b9509000-7fd3b9513000 r--s 00203000 08:05 800689                     /usr/lib/jvm/java-7-openjdk-amd64/jre/lib/charsets.jar
7fd3b9513000-7fd3b9565000 r--p 00000000 08:05 5522                       /usr/share/fonts/truetype/dejavu/DejaVuSansMono.ttf
7fd3b9565000-7fd3b95bc000 r--p 00000000 08:05 133210                     /usr/share/fonts/truetype/ubuntu-font-family/Ubuntu-R.ttf
7fd3b95bc000-7fd3b95bd000 r--s 00000000 08:05 289549                     /var/cache/fontconfig/c05880de57d1f5e948fdfacc138775d9-le64.cache-4
7fd3b95bd000-7fd3b95c8000 r--s 00000000 08:05 289543                     /var/cache/fontconfig/945677eb7aeaf62f1d50efc3fb3ec7d8-le64.cache-4
7fd3b95c8000-7fd3b95ca000 r--s 00000000 08:05 292932                     /var/cache/fontconfig/99e8ed0e538f840c565b6ed5dad60d56-le64.cache-4
7fd3b95ca000-7fd3b95d3000 r--s 00000000 08:05 292931                     /var/cache/fontconfig/a6d8cf8e4ec09cdbc8633c31745a07dd-le64.cache-4
7fd3b95d3000-7fd3b95d9000 r--s 00000000 08:05 289529                     /var/cache/fontconfig/2cd17615ca594fa2959ae173292e504c-le64.cache-4
7fd3b95d9000-7fd3b95da000 r--s 00000000 08:05 289559                     /var/cache/fontconfig/e7071f4a29fa870f4323321c154eba04-le64.cache-4
7fd3b95da000-7fd3b95db000 r--s 00000000 08:05 289526                     /var/cache/fontconfig/0d8c3b2ac0904cb8a57a757ad11a4a08-le64.cache-4
7fd3b95db000-7fd3b95e2000 r--s 00000000 08:05 289546                     /var/cache/fontconfig/a755afe4a08bf5b97852ceb7400b47bc-le64.cache-4
7fd3b95e2000-7fd3b95f6000 r--s 00000000 08:05 289524                     /var/cache/fontconfig/04aabc0a78ac019cf9454389977116d2-le64.cache-4
7fd3b95f6000-7fd3b95f7000 r--s 00000000 08:05 289528                     /var/cache/fontconfig/1ac9eb803944fde146138c791f5cc56a-le64.cache-4
7fd3b95f7000-7fd3b95fb000 r--s 00000000 08:05 289532                     /var/cache/fontconfig/385c0604a188198f04d133e54aba7fe7-le64.cache-4
7fd3b95fb000-7fd3b9600000 r--s 00000000 08:05 289542                     /var/cache/fontconfig/8801497958630a81b71ace7c5f9b32a8-le64.cache-4
7fd3b9600000-7fd3b963b000 r--s 00000000 08:05 289941                     /var/cache/fontconfig/365b55f210c0a22e9a19e35191240f32-le64.cache-4
7fd3b963b000-7fd3b9642000 r--s 00000000 08:05 289530                     /var/cache/fontconfig/3047814df9a2f067bd2d96a2b9c36e5a-le64.cache-4
7fd3b9642000-7fd3b9655000 r--s 00000000 08:05 289553                     /var/cache/fontconfig/d52a8644073d54c13679302ca1180695-le64.cache-4
7fd3b9655000-7fd3b9656000 ---p 00000000 00:00 0 
7fd3b9656000-7fd3b9e56000 rw-p 00000000 00:00 0                          [stack:22339]
7fd3b9e56000-7fd3b9e57000 ---p 00000000 00:00 0 
7fd3b9e57000-7fd3ba657000 rw-p 00000000 00:00 0                          [stack:22338]
7fd3ba657000-7fd3ba670000 r-xp 00000000 08:05 1047926                    /usr/lib/x86_64-linux-gnu/gio/modules/libgioremote-volume-monitor.so
7fd3ba670000-7fd3ba870000 ---p 00019000 08:05 1047926                    /usr/lib/x86_64-linux-gnu/gio/modules/libgioremote-volume-monitor.so
7fd3ba870000-7fd3ba873000 r--p 00019000 08:05 1047926                    /usr/lib/x86_64-linux-gnu/gio/modules/libgioremote-volume-monitor.so
7fd3ba873000-7fd3ba874000 rw-p 0001c000 08:05 1047926                    /usr/lib/x86_64-linux-gnu/gio/modules/libgioremote-volume-monitor.so
7fd3ba874000-7fd3ba8b8000 r-xp 00000000 08:05 657712                     /lib/x86_64-linux-gnu/libdbus-1.so.3.7.6
7fd3ba8b8000-7fd3baab7000 ---p 00044000 08:05 657712                     /lib/x86_64-linux-gnu/libdbus-1.so.3.7.6
7fd3baab7000-7fd3baab8000 r--p 00043000 08:05 657712                     /lib/x86_64-linux-gnu/libdbus-1.so.3.7.6
7fd3baab8000-7fd3baab9000 rw-p 00044000 08:05 657712                     /lib/x86_64-linux-gnu/libdbus-1.so.3.7.6
7fd3baab9000-7fd3baac1000 r-xp 00000000 08:05 657760                     /lib/x86_64-linux-gnu/libnih-dbus.so.1.0.0
7fd3baac1000-7fd3bacc1000 ---p 00008000 08:05 657760                     /lib/x86_64-linux-gnu/libnih-dbus.so.1.0.0
7fd3bacc1000-7fd3bacc2000 r--p 00008000 08:05 657760                     /lib/x86_64-linux-gnu/libnih-dbus.so.1.0.0
7fd3bacc2000-7fd3bacc3000 rw-p 00009000 08:05 657760                     /lib/x86_64-linux-gnu/libnih-dbus.so.1.0.0
7fd3bacc3000-7fd3bacda000 r-xp 00000000 08:05 657762                     /lib/x86_64-linux-gnu/libnih.so.1.0.0
7fd3bacda000-7fd3baed9000 ---p 00017000 08:05 657762                     /lib/x86_64-linux-gnu/libnih.so.1.0.0
7fd3baed9000-7fd3baeda000 r--p 00016000 08:05 657762                     /lib/x86_64-linux-gnu/libnih.so.1.0.0
7fd3baeda000-7fd3baedb000 rw-p 00017000 08:05 657762                     /lib/x86_64-linux-gnu/libnih.so.1.0.0
7fd3baedb000-7fd3baef4000 r-xp 00000000 08:05 657703                     /lib/x86_64-linux-gnu/libcgmanager.so.0.0.0
7fd3baef4000-7fd3bb0f3000 ---p 00019000 08:05 657703                     /lib/x86_64-linux-gnu/libcgmanager.so.0.0.0
7fd3bb0f3000-7fd3bb0f5000 r--p 00018000 08:05 657703                     /lib/x86_64-linux-gnu/libcgmanager.so.0.0.0
7fd3bb0f5000-7fd3bb0f6000 rw-p 0001a000 08:05 657703                     /lib/x86_64-linux-gnu/libcgmanager.so.0.0.0
7fd3bb0f6000-7fd3bb106000 r-xp 00000000 08:05 657846                     /lib/x86_64-linux-gnu/libudev.so.1.3.5
7fd3bb106000-7fd3bb305000 ---p 00010000 08:05 657846                     /lib/x86_64-linux-gnu/libudev.so.1.3.5
7fd3bb305000-7fd3bb306000 r--p 0000f000 08:05 657846                     /lib/x86_64-linux-gnu/libudev.so.1.3.5
7fd3bb306000-7fd3bb307000 rw-p 00010000 08:05 657846                     /lib/x86_64-linux-gnu/libudev.so.1.3.5
7fd3bb307000-7fd3bb33b000 r-xp 00000000 08:05 1048227                    /usr/lib/x86_64-linux-gnu/gvfs/libgvfscommon.so
7fd3bb33b000-7fd3bb53b000 ---p 00034000 08:05 1048227                    /usr/lib/x86_64-linux-gnu/gvfs/libgvfscommon.so
7fd3bb53b000-7fd3bb540000 r--p 00034000 08:05 1048227                    /usr/lib/x86_64-linux-gnu/gvfs/libgvfscommon.so
7fd3bb540000-7fd3bb541000 rw-p 00039000 08:05 1048227                    /usr/lib/x86_64-linux-gnu/gvfs/libgvfscommon.so
7fd3bb541000-7fd3bb570000 r-xp 00000000 08:05 1047927                    /usr/lib/x86_64-linux-gnu/gio/modules/libgvfsdbus.so
7fd3bb570000-7fd3bb770000 ---p 0002f000 08:05 1047927                    /usr/lib/x86_64-linux-gnu/gio/modules/libgvfsdbus.so
7fd3bb770000-7fd3bb771000 r--p 0002f000 08:05 1047927                    /usr/lib/x86_64-linux-gnu/gio/modules/libgvfsdbus.so
7fd3bb771000-7fd3bb772000 rw-p 00030000 08:05 1047927                    /usr/lib/x86_64-linux-gnu/gio/modules/libgvfsdbus.so
7fd3bb772000-7fd3bb773000 rw-p 00000000 00:00 0 
7fd3bb773000-7fd3bb77e000 r-xp 00000000 08:05 1047922                    /usr/lib/x86_64-linux-gnu/gio/modules/libdconfsettings.so
7fd3bb77e000-7fd3bb97e000 ---p 0000b000 08:05 1047922                    /usr/lib/x86_64-linux-gnu/gio/modules/libdconfsettings.so
7fd3bb97e000-7fd3bb97f000 r--p 0000b000 08:05 1047922                    /usr/lib/x86_64-linux-gnu/gio/modules/libdconfsettings.so
7fd3bb97f000-7fd3bb980000 rw-p 0000c000 08:05 1047922                    /usr/lib/x86_64-linux-gnu/gio/modules/libdconfsettings.so
7fd3bb980000-7fd3bb9c0000 r--p 00000000 08:05 1064624                    /usr/share/glib-2.0/schemas/gschemas.compiled
7fd3bb9c0000-7fd3bb9c7000 r-xp 00000000 08:05 922569                     /usr/lib/x86_64-linux-gnu/libogg.so.0.8.1
7fd3bb9c7000-7fd3bbbc7000 ---p 00007000 08:05 922569                     /usr/lib/x86_64-linux-gnu/libogg.so.0.8.1
7fd3bbbc7000-7fd3bbbc8000 r--p 00007000 08:05 922569                     /usr/lib/x86_64-linux-gnu/libogg.so.0.8.1
7fd3bbbc8000-7fd3bbbc9000 rw-p 00008000 08:05 922569                     /usr/lib/x86_64-linux-gnu/libogg.so.0.8.1
7fd3bbbc9000-7fd3bbbf5000 r-xp 00000000 08:05 922843                     /usr/lib/x86_64-linux-gnu/libvorbis.so.0.4.5
7fd3bbbf5000-7fd3bbdf4000 ---p 0002c000 08:05 922843                     /usr/lib/x86_64-linux-gnu/libvorbis.so.0.4.5
7fd3bbdf4000-7fd3bbdf5000 r--p 0002b000 08:05 922843                     /usr/lib/x86_64-linux-gnu/libvorbis.so.0.4.5
7fd3bbdf5000-7fd3bbdf6000 rw-p 0002c000 08:05 922843                     /usr/lib/x86_64-linux-gnu/libvorbis.so.0.4.5
7fd3bbdf6000-7fd3bbdff000 r-xp 00000000 08:05 922475                     /usr/lib/x86_64-linux-gnu/libltdl.so.7.3.0
7fd3bbdff000-7fd3bbffe000 ---p 00009000 08:05 922475                     /usr/lib/x86_64-linux-gnu/libltdl.so.7.3.0
7fd3bbffe000-7fd3bbfff000 r--p 00008000 08:05 922475                     /usr/lib/x86_64-linux-gnu/libltdl.so.7.3.0
7fd3bbfff000-7fd3bc000000 rw-p 00009000 08:05 922475                     /usr/lib/x86_64-linux-gnu/libltdl.so.7.3.0
7fd3bc000000-7fd3bc725000 rw-p 00000000 00:00 0 
7fd3bc725000-7fd3c0000000 ---p 00000000 00:00 0 
7fd3c0000000-7fd3c0021000 rw-p 00000000 00:00 0 
7fd3c0021000-7fd3c4000000 ---p 00000000 00:00 0 
7fd3c4000000-7fd3c4021000 rw-p 00000000 00:00 0 
7fd3c4021000-7fd3c8000000 ---p 00000000 00:00 0 
7fd3c8000000-7fd3c8a36000 rw-p 00000000 00:00 0 
7fd3c8a36000-7fd3cc000000 ---p 00000000 00:00 0 
7fd3cc000000-7fd3cc021000 rw-p 00000000 00:00 0 
7fd3cc021000-7fd3d0000000 ---p 00000000 00:00 0 
7fd3d0000000-7fd3d0021000 rw-p 00000000 00:00 0 
7fd3d0021000-7fd3d4000000 ---p 00000000 00:00 0 
7fd3d4000000-7fd3d4021000 rw-p 00000000 00:00 0 
7fd3d4021000-7fd3d8000000 ---p 00000000 00:00 0 
7fd3d8000000-7fd3d8240000 rw-p 00000000 00:00 0 
7fd3d8240000-7fd3dc000000 ---p 00000000 00:00 0 
7fd3dc000000-7fd3dc021000 rw-p 00000000 00:00 0 
7fd3dc021000-7fd3e0000000 ---p 00000000 00:00 0 
7fd3e0000000-7fd3e0001000 r--s 00000000 08:05 289556                     /var/cache/fontconfig/dc05db6664285cc2f12bf69c139ae4c3-le64.cache-4
7fd3e0001000-7fd3e0007000 r--s 00000000 08:05 289547                     /var/cache/fontconfig/b47c4e1ecd0709278f4910c18777a504-le64.cache-4
7fd3e0007000-7fd3e0010000 r--s 00000000 08:05 290072                     /var/cache/fontconfig/52f7bdb7ce746bfd7eaa1985bd9cfa93-le64.cache-4
7fd3e0010000-7fd3e0019000 r--s 00000000 08:05 289533                     /var/cache/fontconfig/3f7329c5293ffd510edef78f73874cfd-le64.cache-4
7fd3e0019000-7fd3e0024000 r--s 00000000 08:05 290642                     /var/cache/fontconfig/d589a48862398ed80a3d6066f4f56f4c-le64.cache-4
7fd3e0024000-7fd3e0031000 r--s 00000000 08:05 290135                     /var/cache/fontconfig/e13b20fdb08344e0e664864cc2ede53d-le64.cache-4
7fd3e0031000-7fd3e0042000 r-xp 00000000 08:05 922764                     /usr/lib/x86_64-linux-gnu/libtdb.so.1.2.12
7fd3e0042000-7fd3e0241000 ---p 00011000 08:05 922764                     /usr/lib/x86_64-linux-gnu/libtdb.so.1.2.12
7fd3e0241000-7fd3e0242000 r--p 00010000 08:05 922764                     /usr/lib/x86_64-linux-gnu/libtdb.so.1.2.12
7fd3e0242000-7fd3e0243000 rw-p 00011000 08:05 922764                     /usr/lib/x86_64-linux-gnu/libtdb.so.1.2.12
7fd3e0243000-7fd3e024a000 r-xp 00000000 08:05 922847                     /usr/lib/x86_64-linux-gnu/libvorbisfile.so.3.3.4
7fd3e024a000-7fd3e0449000 ---p 00007000 08:05 922847                     /usr/lib/x86_64-linux-gnu/libvorbisfile.so.3.3.4
7fd3e0449000-7fd3e044a000 r--p 00006000 08:05 922847                     /usr/lib/x86_64-linux-gnu/libvorbisfile.so.3.3.4
7fd3e044a000-7fd3e044b000 rw-p 00007000 08:05 922847                     /usr/lib/x86_64-linux-gnu/libvorbisfile.so.3.3.4
7fd3e044b000-7fd3e045a000 r-xp 00000000 08:05 921989                     /usr/lib/x86_64-linux-gnu/libcanberra.so.0.2.5
7fd3e045a000-7fd3e0659000 ---p 0000f000 08:05 921989                     /usr/lib/x86_64-linux-gnu/libcanberra.so.0.2.5
7fd3e0659000-7fd3e065a000 r--p 0000e000 08:05 921989                     /usr/lib/x86_64-linux-gnu/libcanberra.so.0.2.5
7fd3e065a000-7fd3e065b000 rw-p 0000f000 08:05 921989                     /usr/lib/x86_64-linux-gnu/libcanberra.so.0.2.5
7fd3e065b000-7fd3e065f000 r-xp 00000000 08:05 921985                     /usr/lib/x86_64-linux-gnu/libcanberra-gtk.so.0.1.9
7fd3e065f000-7fd3e085e000 ---p 00004000 08:05 921985                     /usr/lib/x86_64-linux-gnu/libcanberra-gtk.so.0.1.9
7fd3e085e000-7fd3e085f000 r--p 00003000 08:05 921985                     /usr/lib/x86_64-linux-gnu/libcanberra-gtk.so.0.1.9
7fd3e085f000-7fd3e0860000 rw-p 00004000 08:05 921985                     /usr/lib/x86_64-linux-gnu/libcanberra-gtk.so.0.1.9
7fd3e0860000-7fd3e0865000 r-xp 00000000 08:05 1048177                    /usr/lib/x86_64-linux-gnu/gtk-2.0/modules/libcanberra-gtk-module.so
7fd3e0865000-7fd3e0a64000 ---p 00005000 08:05 1048177                    /usr/lib/x86_64-linux-gnu/gtk-2.0/modules/libcanberra-gtk-module.so
7fd3e0a64000-7fd3e0a65000 r--p 00004000 08:05 1048177                    /usr/lib/x86_64-linux-gnu/gtk-2.0/modules/libcanberra-gtk-module.so
7fd3e0a65000-7fd3e0a66000 rw-p 00005000 08:05 1048177                    /usr/lib/x86_64-linux-gnu/gtk-2.0/modules/libcanberra-gtk-module.so
7fd3e0a66000-7fd3e0a95000 r-xp 00000000 08:05 1048159                    /usr/lib/x86_64-linux-gnu/gtk-2.0/2.10.0/engines/libmurrine.so
7fd3e0a95000-7fd3e0c95000 ---p 0002f000 08:05 1048159                    /usr/lib/x86_64-linux-gnu/gtk-2.0/2.10.0/engines/libmurrine.so
7fd3e0c95000-7fd3e0c96000 r--p 0002f000 08:05 1048159                    /usr/lib/x86_64-linux-gnu/gtk-2.0/2.10.0/engines/libmurrine.so
7fd3e0c96000-7fd3e0c97000 rw-p 00030000 08:05 1048159                    /usr/lib/x86_64-linux-gnu/gtk-2.0/2.10.0/engines/libmurrine.so
7fd3e0c97000-7fd3e0ca7000 r-xp 00000000 08:05 922813                     /usr/lib/x86_64-linux-gnu/libunity-gtk2-parser.so.0.0.0
7fd3e0ca7000-7fd3e0ea6000 ---p 00010000 08:05 922813                     /usr/lib/x86_64-linux-gnu/libunity-gtk2-parser.so.0.0.0
7fd3e0ea6000-7fd3e0ea7000 r--p 0000f000 08:05 922813                     /usr/lib/x86_64-linux-gnu/libunity-gtk2-parser.so.0.0.0
7fd3e0ea7000-7fd3e0ea8000 rw-p 00010000 08:05 922813                     /usr/lib/x86_64-linux-gnu/libunity-gtk2-parser.so.0.0.0
7fd3e0ea8000-7fd3e0ead000 r-xp 00000000 08:05 1048181                    /usr/lib/x86_64-linux-gnu/gtk-2.0/modules/libunity-gtk-module.so
7fd3e0ead000-7fd3e10ac000 ---p 00005000 08:05 1048181                    /usr/lib/x86_64-linux-gnu/gtk-2.0/modules/libunity-gtk-module.so
7fd3e10ac000-7fd3e10ad000 r--p 00004000 08:05 1048181                    /usr/lib/x86_64-linux-gnu/gtk-2.0/modules/libunity-gtk-module.so
7fd3e10ad000-7fd3e10ae000 rw-p 00005000 08:05 1048181                    /usr/lib/x86_64-linux-gnu/gtk-2.0/modules/libunity-gtk-module.so
7fd3e10ae000-7fd3e10bf000 r-xp 00000000 08:05 1048180                    /usr/lib/x86_64-linux-gnu/gtk-2.0/modules/liboverlay-scrollbar.so
7fd3e10bf000-7fd3e12be000 ---p 00011000 08:05 1048180                    /usr/lib/x86_64-linux-gnu/gtk-2.0/modules/liboverlay-scrollbar.so
7fd3e12be000-7fd3e12bf000 r--p 00010000 08:05 1048180                    /usr/lib/x86_64-linux-gnu/gtk-2.0/modules/liboverlay-scrollbar.so
7fd3e12bf000-7fd3e12c0000 rw-p 00011000 08:05 1048180                    /usr/lib/x86_64-linux-gnu/gtk-2.0/modules/liboverlay-scrollbar.so
7fd3e12c0000-7fd3e12ea000 r--p 00000000 08:05 168338                     /usr/share/locale-langpack/es/LC_MESSAGES/gtk20-properties.mo
7fd3e12ea000-7fd3e1310000 r--p 00000000 08:05 168395                     /usr/share/locale-langpack/es/LC_MESSAGES/libc.mo
7fd3e1310000-7fd3e1316000 r-xp 00000000 08:05 922053                     /usr/lib/x86_64-linux-gnu/libdatrie.so.1.3.1
7fd3e1316000-7fd3e1515000 ---p 00006000 08:05 922053                     /usr/lib/x86_64-linux-gnu/libdatrie.so.1.3.1
7fd3e1515000-7fd3e1516000 r--p 00005000 08:05 922053                     /usr/lib/x86_64-linux-gnu/libdatrie.so.1.3.1
7fd3e1516000-7fd3e1517000 rw-p 00006000 08:05 922053                     /usr/lib/x86_64-linux-gnu/libdatrie.so.1.3.1
7fd3e1517000-7fd3e1531000 r-xp 00000000 08:05 922279                     /usr/lib/x86_64-linux-gnu/libgraphite2.so.3.0.1
7fd3e1531000-7fd3e1730000 ---p 0001a000 08:05 922279                     /usr/lib/x86_64-linux-gnu/libgraphite2.so.3.0.1
7fd3e1730000-7fd3e1732000 r--p 00019000 08:05 922279                     /usr/lib/x86_64-linux-gnu/libgraphite2.so.3.0.1
7fd3e1732000-7fd3e1733000 rw-p 0001b000 08:05 922279                     /usr/lib/x86_64-linux-gnu/libgraphite2.so.3.0.1
7fd3e1733000-7fd3e1738000 r-xp 00000000 08:05 921861                     /usr/lib/x86_64-linux-gnu/libXdmcp.so.6.0.0
7fd3e1738000-7fd3e1937000 ---p 00005000 08:05 921861                     /usr/lib/x86_64-linux-gnu/libXdmcp.so.6.0.0
7fd3e1937000-7fd3e1938000 r--p 00004000 08:05 921861                     /usr/lib/x86_64-linux-gnu/libXdmcp.so.6.0.0
7fd3e1938000-7fd3e1939000 rw-p 00005000 08:05 921861                     /usr/lib/x86_64-linux-gnu/libXdmcp.so.6.0.0
7fd3e1939000-7fd3e193b000 r-xp 00000000 08:05 921850                     /usr/lib/x86_64-linux-gnu/libXau.so.6.0.0
7fd3e193b000-7fd3e1b3b000 ---p 00002000 08:05 921850                     /usr/lib/x86_64-linux-gnu/libXau.so.6.0.0
7fd3e1b3b000-7fd3e1b3c000 r--p 00002000 08:05 921850                     /usr/lib/x86_64-linux-gnu/libXau.so.6.0.0
7fd3e1b3c000-7fd3e1b3d000 rw-p 00003000 08:05 921850                     /usr/lib/x86_64-linux-gnu/libXau.so.6.0.0
7fd3e1b3d000-7fd3e1b7a000 r-xp 00000000 08:05 657801                     /lib/x86_64-linux-gnu/libpcre.so.3.13.1
7fd3e1b7a000-7fd3e1d79000 ---p 0003d000 08:05 657801                     /lib/x86_64-linux-gnu/libpcre.so.3.13.1
7fd3e1d79000-7fd3e1d7a000 r--p 0003c000 08:05 657801                     /lib/x86_64-linux-gnu/libpcre.so.3.13.1
7fd3e1d7a000-7fd3e1d7b000 rw-p 0003d000 08:05 657801                     /lib/x86_64-linux-gnu/libpcre.so.3.13.1
7fd3e1d7b000-7fd3e1d82000 r-xp 00000000 08:05 922132                     /usr/lib/x86_64-linux-gnu/libffi.so.6.0.1
7fd3e1d82000-7fd3e1f81000 ---p 00007000 08:05 922132                     /usr/lib/x86_64-linux-gnu/libffi.so.6.0.1
7fd3e1f81000-7fd3e1f82000 r--p 00006000 08:05 922132                     /usr/lib/x86_64-linux-gnu/libffi.so.6.0.1
7fd3e1f82000-7fd3e1f83000 rw-p 00007000 08:05 922132                     /usr/lib/x86_64-linux-gnu/libffi.so.6.0.1
7fd3e1f83000-7fd3e1faa000 r-xp 00000000 08:05 657720                     /lib/x86_64-linux-gnu/libexpat.so.1.6.0
7fd3e1faa000-7fd3e21aa000 ---p 00027000 08:05 657720                     /lib/x86_64-linux-gnu/libexpat.so.1.6.0
7fd3e21aa000-7fd3e21ac000 r--p 00027000 08:05 657720                     /lib/x86_64-linux-gnu/libexpat.so.1.6.0
7fd3e21ac000-7fd3e21ad000 rw-p 00029000 08:05 657720                     /lib/x86_64-linux-gnu/libexpat.so.1.6.0
7fd3e21ad000-7fd3e21b5000 r-xp 00000000 08:05 922776                     /usr/lib/x86_64-linux-gnu/libthai.so.0.2.0
7fd3e21b5000-7fd3e23b4000 ---p 00008000 08:05 922776                     /usr/lib/x86_64-linux-gnu/libthai.so.0.2.0
7fd3e23b4000-7fd3e23b5000 r--p 00007000 08:05 922776                     /usr/lib/x86_64-linux-gnu/libthai.so.0.2.0
7fd3e23b5000-7fd3e23b6000 rw-p 00008000 08:05 922776                     /usr/lib/x86_64-linux-gnu/libthai.so.0.2.0
7fd3e23b6000-7fd3e2409000 r-xp 00000000 08:05 922392                     /usr/lib/x86_64-linux-gnu/libharfbuzz.so.0.927.0
7fd3e2409000-7fd3e2609000 ---p 00053000 08:05 922392                     /usr/lib/x86_64-linux-gnu/libharfbuzz.so.0.927.0
7fd3e2609000-7fd3e260a000 r--p 00053000 08:05 922392                     /usr/lib/x86_64-linux-gnu/libharfbuzz.so.0.927.0
7fd3e260a000-7fd3e260b000 rw-p 00054000 08:05 922392                     /usr/lib/x86_64-linux-gnu/libharfbuzz.so.0.927.0
7fd3e260b000-7fd3e2622000 r-xp 00000000 08:05 657824                     /lib/x86_64-linux-gnu/libresolv-2.19.so
7fd3e2622000-7fd3e2822000 ---p 00017000 08:05 657824                     /lib/x86_64-linux-gnu/libresolv-2.19.so
7fd3e2822000-7fd3e2823000 r--p 00017000 08:05 657824                     /lib/x86_64-linux-gnu/libresolv-2.19.so
7fd3e2823000-7fd3e2824000 rw-p 00018000 08:05 657824                     /lib/x86_64-linux-gnu/libresolv-2.19.so
7fd3e2824000-7fd3e2826000 rw-p 00000000 00:00 0 
7fd3e2826000-7fd3e2846000 r-xp 00000000 08:05 657828                     /lib/x86_64-linux-gnu/libselinux.so.1
7fd3e2846000-7fd3e2a45000 ---p 00020000 08:05 657828                     /lib/x86_64-linux-gnu/libselinux.so.1
7fd3e2a45000-7fd3e2a46000 r--p 0001f000 08:05 657828                     /lib/x86_64-linux-gnu/libselinux.so.1
7fd3e2a46000-7fd3e2a47000 rw-p 00020000 08:05 657828                     /lib/x86_64-linux-gnu/libselinux.so.1
7fd3e2a47000-7fd3e2a49000 rw-p 00000000 00:00 0 
7fd3e2a49000-7fd3e2a51000 r-xp 00000000 08:05 922902                     /usr/lib/x86_64-linux-gnu/libxcb-render.so.0.0.0
7fd3e2a51000-7fd3e2c50000 ---p 00008000 08:05 922902                     /usr/lib/x86_64-linux-gnu/libxcb-render.so.0.0.0
7fd3e2c50000-7fd3e2c51000 r--p 00007000 08:05 922902                     /usr/lib/x86_64-linux-gnu/libxcb-render.so.0.0.0
7fd3e2c51000-7fd3e2c52000 rw-p 00008000 08:05 922902                     /usr/lib/x86_64-linux-gnu/libxcb-render.so.0.0.0
7fd3e2c52000-7fd3e2c54000 r-xp 00000000 08:05 922906                     /usr/lib/x86_64-linux-gnu/libxcb-shm.so.0.0.0
7fd3e2c54000-7fd3e2e53000 ---p 00002000 08:05 922906                     /usr/lib/x86_64-linux-gnu/libxcb-shm.so.0.0.0
7fd3e2e53000-7fd3e2e54000 r--p 00001000 08:05 922906                     /usr/lib/x86_64-linux-gnu/libxcb-shm.so.0.0.0
7fd3e2e54000-7fd3e2e55000 rw-p 00002000 08:05 922906                     /usr/lib/x86_64-linux-gnu/libxcb-shm.so.0.0.0
7fd3e2e55000-7fd3e2e7a000 r-xp 00000000 08:05 657813                     /lib/x86_64-linux-gnu/libpng12.so.0.50.0
7fd3e2e7a000-7fd3e3079000 ---p 00025000 08:05 657813                     /lib/x86_64-linux-gnu/libpng12.so.0.50.0
7fd3e3079000-7fd3e307a000 r--p 00024000 08:05 657813                     /lib/x86_64-linux-gnu/libpng12.so.0.50.0
7fd3e307a000-7fd3e307b000 rw-p 00025000 08:05 657813                     /lib/x86_64-linux-gnu/libpng12.so.0.50.0
7fd3e307b000-7fd3e311c000 r-xp 00000000 08:05 922608                     /usr/lib/x86_64-linux-gnu/libpixman-1.so.0.30.2
7fd3e311c000-7fd3e331c000 ---p 000a1000 08:05 922608                     /usr/lib/x86_64-linux-gnu/libpixman-1.so.0.30.2
7fd3e331c000-7fd3e3323000 r--p 000a1000 08:05 922608                     /usr/lib/x86_64-linux-gnu/libpixman-1.so.0.30.2
7fd3e3323000-7fd3e3324000 rw-p 000a8000 08:05 922608                     /usr/lib/x86_64-linux-gnu/libpixman-1.so.0.30.2
7fd3e3324000-7fd3e3341000 r-xp 00000000 08:05 922916                     /usr/lib/x86_64-linux-gnu/libxcb.so.1.1.0
7fd3e3341000-7fd3e3541000 ---p 0001d000 08:05 922916                     /usr/lib/x86_64-linux-gnu/libxcb.so.1.1.0
7fd3e3541000-7fd3e3542000 r--p 0001d000 08:05 922916                     /usr/lib/x86_64-linux-gnu/libxcb.so.1.1.0
7fd3e3542000-7fd3e3543000 rw-p 0001e000 08:05 922916                     /usr/lib/x86_64-linux-gnu/libxcb.so.1.1.0
7fd3e3543000-7fd3e35e0000 r-xp 00000000 08:05 922174                     /usr/lib/x86_64-linux-gnu/libfreetype.so.6.11.1
7fd3e35e0000-7fd3e37df000 ---p 0009d000 08:05 922174                     /usr/lib/x86_64-linux-gnu/libfreetype.so.6.11.1
7fd3e37df000-7fd3e37e5000 r--p 0009c000 08:05 922174                     /usr/lib/x86_64-linux-gnu/libfreetype.so.6.11.1
7fd3e37e5000-7fd3e37e6000 rw-p 000a2000 08:05 922174                     /usr/lib/x86_64-linux-gnu/libfreetype.so.6.11.1
7fd3e37e6000-7fd3e37e8000 r-xp 00000000 08:05 921859                     /usr/lib/x86_64-linux-gnu/libXdamage.so.1.1.0
7fd3e37e8000-7fd3e39e7000 ---p 00002000 08:05 921859                     /usr/lib/x86_64-linux-gnu/libXdamage.so.1.1.0
7fd3e39e7000-7fd3e39e8000 r--p 00001000 08:05 921859                     /usr/lib/x86_64-linux-gnu/libXdamage.so.1.1.0
7fd3e39e8000-7fd3e39e9000 rw-p 00002000 08:05 921859                     /usr/lib/x86_64-linux-gnu/libXdamage.so.1.1.0
7fd3e39e9000-7fd3e39eb000 r-xp 00000000 08:05 921855                     /usr/lib/x86_64-linux-gnu/libXcomposite.so.1.0.0
7fd3e39eb000-7fd3e3bea000 ---p 00002000 08:05 921855                     /usr/lib/x86_64-linux-gnu/libXcomposite.so.1.0.0
7fd3e3bea000-7fd3e3beb000 r--p 00001000 08:05 921855                     /usr/lib/x86_64-linux-gnu/libXcomposite.so.1.0.0
7fd3e3beb000-7fd3e3bec000 rw-p 00002000 08:05 921855                     /usr/lib/x86_64-linux-gnu/libXcomposite.so.1.0.0
7fd3e3bec000-7fd3e3bf5000 r-xp 00000000 08:05 921857                     /usr/lib/x86_64-linux-gnu/libXcursor.so.1.0.2
7fd3e3bf5000-7fd3e3df4000 ---p 00009000 08:05 921857                     /usr/lib/x86_64-linux-gnu/libXcursor.so.1.0.2
7fd3e3df4000-7fd3e3df5000 r--p 00008000 08:05 921857                     /usr/lib/x86_64-linux-gnu/libXcursor.so.1.0.2
7fd3e3df5000-7fd3e3df6000 rw-p 00009000 08:05 921857                     /usr/lib/x86_64-linux-gnu/libXcursor.so.1.0.2
7fd3e3df6000-7fd3e3dff000 r-xp 00000000 08:05 921883                     /usr/lib/x86_64-linux-gnu/libXrandr.so.2.2.0
7fd3e3dff000-7fd3e3ffe000 ---p 00009000 08:05 921883                     /usr/lib/x86_64-linux-gnu/libXrandr.so.2.2.0
7fd3e3ffe000-7fd3e3fff000 r--p 00008000 08:05 921883                     /usr/lib/x86_64-linux-gnu/libXrandr.so.2.2.0
7fd3e3fff000-7fd3e4000000 rw-p 00009000 08:05 921883                     /usr/lib/x86_64-linux-gnu/libXrandr.so.2.2.0
7fd3e4000000-7fd3e4021000 rw-p 00000000 00:00 0 
7fd3e4021000-7fd3e8000000 ---p 00000000 00:00 0 
7fd3e8000000-7fd3e8002000 r--s 00000000 08:05 289540                     /var/cache/fontconfig/767a8244fc0220cfb567a839d0392e0b-le64.cache-4
7fd3e8002000-7fd3e8006000 r--s 00000000 08:05 289937                     /var/cache/fontconfig/7ef2298fde41cc6eeb7af42e48b7d293-le64.cache-4
7fd3e8006000-7fd3e801f000 r--p 00000000 08:05 168294                     /usr/share/locale-langpack/es/LC_MESSAGES/glib20.mo
7fd3e801f000-7fd3e802e000 r-xp 00000000 08:05 921871                     /usr/lib/x86_64-linux-gnu/libXi.so.6.1.0
7fd3e802e000-7fd3e822d000 ---p 0000f000 08:05 921871                     /usr/lib/x86_64-linux-gnu/libXi.so.6.1.0
7fd3e822d000-7fd3e822e000 r--p 0000e000 08:05 921871                     /usr/lib/x86_64-linux-gnu/libXi.so.6.1.0
7fd3e822e000-7fd3e822f000 rw-p 0000f000 08:05 921871                     /usr/lib/x86_64-linux-gnu/libXi.so.6.1.0
7fd3e822f000-7fd3e8231000 r-xp 00000000 08:05 921873                     /usr/lib/x86_64-linux-gnu/libXinerama.so.1.0.0
7fd3e8231000-7fd3e8430000 ---p 00002000 08:05 921873                     /usr/lib/x86_64-linux-gnu/libXinerama.so.1.0.0
7fd3e8430000-7fd3e8431000 r--p 00001000 08:05 921873                     /usr/lib/x86_64-linux-gnu/libXinerama.so.1.0.0
7fd3e8431000-7fd3e8432000 rw-p 00002000 08:05 921873                     /usr/lib/x86_64-linux-gnu/libXinerama.so.1.0.0
7fd3e8432000-7fd3e843b000 r-xp 00000000 08:05 921885                     /usr/lib/x86_64-linux-gnu/libXrender.so.1.3.0
7fd3e843b000-7fd3e863a000 ---p 00009000 08:05 921885                     /usr/lib/x86_64-linux-gnu/libXrender.so.1.3.0
7fd3e863a000-7fd3e863b000 r--p 00008000 08:05 921885                     /usr/lib/x86_64-linux-gnu/libXrender.so.1.3.0
7fd3e863b000-7fd3e863c000 rw-p 00009000 08:05 921885                     /usr/lib/x86_64-linux-gnu/libXrender.so.1.3.0
7fd3e863c000-7fd3e864d000 r-xp 00000000 08:05 921863                     /usr/lib/x86_64-linux-gnu/libXext.so.6.4.0
7fd3e864d000-7fd3e884c000 ---p 00011000 08:05 921863                     /usr/lib/x86_64-linux-gnu/libXext.so.6.4.0
7fd3e884c000-7fd3e884d000 r--p 00010000 08:05 921863                     /usr/lib/x86_64-linux-gnu/libXext.so.6.4.0
7fd3e884d000-7fd3e884e000 rw-p 00011000 08:05 921863                     /usr/lib/x86_64-linux-gnu/libXext.so.6.4.0
7fd3e884e000-7fd3e8954000 r-xp 00000000 08:05 657729                     /lib/x86_64-linux-gnu/libglib-2.0.so.0.4002.0
7fd3e8954000-7fd3e8b53000 ---p 00106000 08:05 657729                     /lib/x86_64-linux-gnu/libglib-2.0.so.0.4002.0
7fd3e8b53000-7fd3e8b54000 r--p 00105000 08:05 657729                     /lib/x86_64-linux-gnu/libglib-2.0.so.0.4002.0
7fd3e8b54000-7fd3e8b55000 rw-p 00106000 08:05 657729                     /lib/x86_64-linux-gnu/libglib-2.0.so.0.4002.0
7fd3e8b55000-7fd3e8b56000 rw-p 00000000 00:00 0 
7fd3e8b56000-7fd3e8ba5000 r-xp 00000000 08:05 922261                     /usr/lib/x86_64-linux-gnu/libgobject-2.0.so.0.4002.0
7fd3e8ba5000-7fd3e8da5000 ---p 0004f000 08:05 922261                     /usr/lib/x86_64-linux-gnu/libgobject-2.0.so.0.4002.0
7fd3e8da5000-7fd3e8da6000 r--p 0004f000 08:05 922261                     /usr/lib/x86_64-linux-gnu/libgobject-2.0.so.0.4002.0
7fd3e8da6000-7fd3e8da7000 rw-p 00050000 08:05 922261                     /usr/lib/x86_64-linux-gnu/libgobject-2.0.so.0.4002.0
7fd3e8da7000-7fd3e8de1000 r-xp 00000000 08:05 922146                     /usr/lib/x86_64-linux-gnu/libfontconfig.so.1.8.0
7fd3e8de1000-7fd3e8fe0000 ---p 0003a000 08:05 922146                     /usr/lib/x86_64-linux-gnu/libfontconfig.so.1.8.0
7fd3e8fe0000-7fd3e8fe2000 r--p 00039000 08:05 922146                     /usr/lib/x86_64-linux-gnu/libfontconfig.so.1.8.0
7fd3e8fe2000-7fd3e8fe3000 rw-p 0003b000 08:05 922146                     /usr/lib/x86_64-linux-gnu/libfontconfig.so.1.8.0
7fd3e8fe3000-7fd3e902d000 r-xp 00000000 08:05 922585                     /usr/lib/x86_64-linux-gnu/libpango-1.0.so.0.3600.3
7fd3e902d000-7fd3e922d000 ---p 0004a000 08:05 922585                     /usr/lib/x86_64-linux-gnu/libpango-1.0.so.0.3600.3
7fd3e922d000-7fd3e922f000 r--p 0004a000 08:05 922585                     /usr/lib/x86_64-linux-gnu/libpango-1.0.so.0.3600.3
7fd3e922f000-7fd3e9230000 rw-p 0004c000 08:05 922585                     /usr/lib/x86_64-linux-gnu/libpango-1.0.so.0.3600.3
7fd3e9230000-7fd3e9244000 r-xp 00000000 08:05 922589                     /usr/lib/x86_64-linux-gnu/libpangoft2-1.0.so.0.3600.3
7fd3e9244000-7fd3e9443000 ---p 00014000 08:05 922589                     /usr/lib/x86_64-linux-gnu/libpangoft2-1.0.so.0.3600.3
7fd3e9443000-7fd3e9444000 r--p 00013000 08:05 922589                     /usr/lib/x86_64-linux-gnu/libpangoft2-1.0.so.0.3600.3
7fd3e9444000-7fd3e9445000 rw-p 00014000 08:05 922589                     /usr/lib/x86_64-linux-gnu/libpangoft2-1.0.so.0.3600.3
7fd3e9445000-7fd3e95b1000 r-xp 00000000 08:05 922233                     /usr/lib/x86_64-linux-gnu/libgio-2.0.so.0.4002.0
7fd3e95b1000-7fd3e97b0000 ---p 0016c000 08:05 922233                     /usr/lib/x86_64-linux-gnu/libgio-2.0.so.0.4002.0
7fd3e97b0000-7fd3e97b4000 r--p 0016b000 08:05 922233                     /usr/lib/x86_64-linux-gnu/libgio-2.0.so.0.4002.0
7fd3e97b4000-7fd3e97b6000 rw-p 0016f000 08:05 922233                     /usr/lib/x86_64-linux-gnu/libgio-2.0.so.0.4002.0
7fd3e97b6000-7fd3e97b8000 rw-p 00000000 00:00 0 
7fd3e97b8000-7fd3e97d7000 r-xp 00000000 08:05 922209                     /usr/lib/x86_64-linux-gnu/libgdk_pixbuf-2.0.so.0.3000.7
7fd3e97d7000-7fd3e99d7000 ---p 0001f000 08:05 922209                     /usr/lib/x86_64-linux-gnu/libgdk_pixbuf-2.0.so.0.3000.7
7fd3e99d7000-7fd3e99d8000 r--p 0001f000 08:05 922209                     /usr/lib/x86_64-linux-gnu/libgdk_pixbuf-2.0.so.0.3000.7
7fd3e99d8000-7fd3e99d9000 rw-p 00020000 08:05 922209                     /usr/lib/x86_64-linux-gnu/libgdk_pixbuf-2.0.so.0.3000.7
7fd3e99d9000-7fd3e9adf000 r-xp 00000000 08:05 921981                     /usr/lib/x86_64-linux-gnu/libcairo.so.2.11301.0
7fd3e9adf000-7fd3e9cde000 ---p 00106000 08:05 921981                     /usr/lib/x86_64-linux-gnu/libcairo.so.2.11301.0
7fd3e9cde000-7fd3e9ce1000 r--p 00105000 08:05 921981                     /usr/lib/x86_64-linux-gnu/libcairo.so.2.11301.0
7fd3e9ce1000-7fd3e9ce2000 rw-p 00108000 08:05 921981                     /usr/lib/x86_64-linux-gnu/libcairo.so.2.11301.0
7fd3e9ce2000-7fd3e9ce4000 rw-p 00000000 00:00 0 
7fd3e9ce4000-7fd3e9d03000 r-xp 00000000 08:05 921942                     /usr/lib/x86_64-linux-gnu/libatk-1.0.so.0.21009.1
7fd3e9d03000-7fd3e9f03000 ---p 0001f000 08:05 921942                     /usr/lib/x86_64-linux-gnu/libatk-1.0.so.0.21009.1
7fd3e9f03000-7fd3e9f05000 r--p 0001f000 08:05 921942                     /usr/lib/x86_64-linux-gnu/libatk-1.0.so.0.21009.1
7fd3e9f05000-7fd3e9f06000 rw-p 00021000 08:05 921942                     /usr/lib/x86_64-linux-gnu/libatk-1.0.so.0.21009.1
7fd3e9f06000-7fd3e9f0b000 r-xp 00000000 08:05 921865                     /usr/lib/x86_64-linux-gnu/libXfixes.so.3.1.0
7fd3e9f0b000-7fd3ea10a000 ---p 00005000 08:05 921865                     /usr/lib/x86_64-linux-gnu/libXfixes.so.3.1.0
7fd3ea10a000-7fd3ea10b000 r--p 00004000 08:05 921865                     /usr/lib/x86_64-linux-gnu/libXfixes.so.3.1.0
7fd3ea10b000-7fd3ea10c000 rw-p 00005000 08:05 921865                     /usr/lib/x86_64-linux-gnu/libXfixes.so.3.1.0
7fd3ea10c000-7fd3ea23c000 r-xp 00000000 08:05 921846                     /usr/lib/x86_64-linux-gnu/libX11.so.6.3.0
7fd3ea23c000-7fd3ea43c000 ---p 00130000 08:05 921846                     /usr/lib/x86_64-linux-gnu/libX11.so.6.3.0
7fd3ea43c000-7fd3ea43d000 r--p 00130000 08:05 921846                     /usr/lib/x86_64-linux-gnu/libX11.so.6.3.0
7fd3ea43d000-7fd3ea441000 rw-p 00131000 08:05 921846                     /usr/lib/x86_64-linux-gnu/libX11.so.6.3.0
7fd3ea441000-7fd3ea44c000 r-xp 00000000 08:05 922587                     /usr/lib/x86_64-linux-gnu/libpangocairo-1.0.so.0.3600.3
7fd3ea44c000-7fd3ea64c000 ---p 0000b000 08:05 922587                     /usr/lib/x86_64-linux-gnu/libpangocairo-1.0.so.0.3600.3
7fd3ea64c000-7fd3ea64d000 r--p 0000b000 08:05 922587                     /usr/lib/x86_64-linux-gnu/libpangocairo-1.0.so.0.3600.3
7fd3ea64d000-7fd3ea64e000 rw-p 0000c000 08:05 922587                     /usr/lib/x86_64-linux-gnu/libpangocairo-1.0.so.0.3600.3
7fd3ea64e000-7fd3ea651000 r-xp 00000000 08:05 922245                     /usr/lib/x86_64-linux-gnu/libgmodule-2.0.so.0.4002.0
7fd3ea651000-7fd3ea850000 ---p 00003000 08:05 922245                     /usr/lib/x86_64-linux-gnu/libgmodule-2.0.so.0.4002.0
7fd3ea850000-7fd3ea851000 r--p 00002000 08:05 922245                     /usr/lib/x86_64-linux-gnu/libgmodule-2.0.so.0.4002.0
7fd3ea851000-7fd3ea852000 rw-p 00003000 08:05 922245                     /usr/lib/x86_64-linux-gnu/libgmodule-2.0.so.0.4002.0
7fd3ea852000-7fd3ea8ff000 r-xp 00000000 08:05 922207                     /usr/lib/x86_64-linux-gnu/libgdk-x11-2.0.so.0.2400.23
7fd3ea8ff000-7fd3eaafe000 ---p 000ad000 08:05 922207                     /usr/lib/x86_64-linux-gnu/libgdk-x11-2.0.so.0.2400.23
7fd3eaafe000-7fd3eab02000 r--p 000ac000 08:05 922207                     /usr/lib/x86_64-linux-gnu/libgdk-x11-2.0.so.0.2400.23
7fd3eab02000-7fd3eab04000 rw-p 000b0000 08:05 922207                     /usr/lib/x86_64-linux-gnu/libgdk-x11-2.0.so.0.2400.23
7fd3eab04000-7fd3eab09000 r-xp 00000000 08:05 921891                     /usr/lib/x86_64-linux-gnu/libXtst.so.6.1.0
7fd3eab09000-7fd3ead08000 ---p 00005000 08:05 921891                     /usr/lib/x86_64-linux-gnu/libXtst.so.6.1.0
7fd3ead08000-7fd3ead09000 r--p 00004000 08:05 921891                     /usr/lib/x86_64-linux-gnu/libXtst.so.6.1.0
7fd3ead09000-7fd3ead0a000 rw-p 00005000 08:05 921891                     /usr/lib/x86_64-linux-gnu/libXtst.so.6.1.0
7fd3ead0a000-7fd3ead0b000 r-xp 00000000 08:05 922368                     /usr/lib/x86_64-linux-gnu/libgthread-2.0.so.0.4002.0
7fd3ead0b000-7fd3eaf0a000 ---p 00001000 08:05 922368                     /usr/lib/x86_64-linux-gnu/libgthread-2.0.so.0.4002.0
7fd3eaf0a000-7fd3eaf0b000 r--p 00000000 08:05 922368                     /usr/lib/x86_64-linux-gnu/libgthread-2.0.so.0.4002.0
7fd3eaf0b000-7fd3eaf0c000 rw-p 00001000 08:05 922368                     /usr/lib/x86_64-linux-gnu/libgthread-2.0.so.0.4002.0
7fd3eaf0c000-7fd3eb33b000 r-xp 00000000 08:05 922372                     /usr/lib/x86_64-linux-gnu/libgtk-x11-2.0.so.0.2400.23
7fd3eb33b000-7fd3eb53a000 ---p 0042f000 08:05 922372                     /usr/lib/x86_64-linux-gnu/libgtk-x11-2.0.so.0.2400.23
7fd3eb53a000-7fd3eb541000 r--p 0042e000 08:05 922372                     /usr/lib/x86_64-linux-gnu/libgtk-x11-2.0.so.0.2400.23
7fd3eb541000-7fd3eb545000 rw-p 00435000 08:05 922372                     /usr/lib/x86_64-linux-gnu/libgtk-x11-2.0.so.0.2400.23
7fd3eb545000-7fd3eb548000 rw-p 00000000 00:00 0 
7fd3eb548000-7fd3eb549000 r--s 00000000 08:05 289534                     /var/cache/fontconfig/4794a0821666d79190d59a36cb4f44b5-le64.cache-4
7fd3eb549000-7fd3eb54a000 r--s 00000000 08:05 289536                     /var/cache/fontconfig/56cf4f4769d0f4abc89a4895d7bd3ae1-le64.cache-4
7fd3eb54a000-7fd3eb54f000 r--p 00000000 08:05 931364                     /home/chibi/.config/dconf/user
7fd3eb54f000-7fd3eb556000 r--s 00000000 08:05 1047829                    /usr/lib/x86_64-linux-gnu/gconv/gconv-modules.cache
7fd3eb556000-7fd3eb565000 r--p 00000000 08:05 168339                     /usr/share/locale-langpack/es/LC_MESSAGES/gtk20.mo
7fd3eb565000-7fd3eb5d1000 r-xp 00000000 08:05 177603                     /tmp/swtlib-64/libswt-pi-gtk-3557.so
7fd3eb5d1000-7fd3eb6d0000 ---p 0006c000 08:05 177603                     /tmp/swtlib-64/libswt-pi-gtk-3557.so
7fd3eb6d0000-7fd3eb6d4000 rw-p 0006b000 08:05 177603                     /tmp/swtlib-64/libswt-pi-gtk-3557.so
7fd3eb6d4000-7fd3eb6d5000 rw-p 00000000 00:00 0 
7fd3eb6d5000-7fd3eb715000 r-xp 00000000 08:05 177602                     /tmp/swtlib-64/libswt-gtk-3557.so
7fd3eb715000-7fd3eb815000 ---p 00040000 08:05 177602                     /tmp/swtlib-64/libswt-gtk-3557.so
7fd3eb815000-7fd3eb819000 rw-p 00040000 08:05 177602                     /tmp/swtlib-64/libswt-gtk-3557.so
7fd3eb819000-7fd3eb81a000 rw-p 00000000 00:00 0 
7fd3eb81a000-7fd3eb81d000 r--s 00017000 08:05 800698                     /usr/lib/jvm/java-7-openjdk-amd64/jre/lib/jce.jar
7fd3eb81d000-7fd3eb81e000 ---p 00000000 00:00 0 
7fd3eb81e000-7fd3eb91e000 rw-p 00000000 00:00 0                          [stack:22337]
7fd3eb91e000-7fd3ec000000 r--p 00000000 08:05 789633                     /usr/lib/locale/locale-archive
7fd3ec000000-7fd3ec021000 rw-p 00000000 00:00 0 
7fd3ec021000-7fd3f0000000 ---p 00000000 00:00 0 
7fd3f0000000-7fd3f0001000 r--s 00000000 08:05 289548                     /var/cache/fontconfig/b9d506c9ac06c20b433354fa67a72993-le64.cache-4
7fd3f0001000-7fd3f0002000 r--s 00000000 08:05 289525                     /var/cache/fontconfig/0c9eb80ebd1c36541ebe2852d3bb0c49-le64.cache-4
7fd3f0002000-7fd3f0007000 r--s 0004d000 08:05 800694                     /usr/lib/jvm/java-7-openjdk-amd64/jre/lib/jsse.jar
7fd3f0007000-7fd3f0011000 r--s 000ae000 08:05 800690                     /usr/lib/jvm/java-7-openjdk-amd64/jre/lib/resources.jar
7fd3f0011000-7fd3f0014000 r--s 0000b000 08:05 538323                     /home/chibi/.m2/repository/org/eclipse/xtend/org.eclipse.xtend.lib.macro/2.7.3/org.eclipse.xtend.lib.macro-2.7.3.jar
7fd3f0014000-7fd3f003d000 r--s 001ee000 08:05 538321                     /home/chibi/.m2/repository/com/google/guava/guava/14.0.1/guava-14.0.1.jar
7fd3f003d000-7fd3f0041000 r--s 00019000 08:05 538319                     /home/chibi/.m2/repository/org/eclipse/xtext/org.eclipse.xtext.xbase.lib/2.7.3/org.eclipse.xtext.xbase.lib-2.7.3.jar
7fd3f0041000-7fd3f0045000 r--s 0001d000 08:05 538317                     /home/chibi/.m2/repository/org/eclipse/xtend/org.eclipse.xtend.lib/2.7.3/org.eclipse.xtend.lib-2.7.3.jar
7fd3f0045000-7fd3f004f000 r--s 00095000 08:05 8921                       /home/chibi/.m2/repository/org/scala-lang/modules/scala-xml_2.11/1.0.2/scala-xml_2.11-1.0.2.jar
7fd3f004f000-7fd3f0052000 ---p 00000000 00:00 0 
7fd3f0052000-7fd3f0150000 rw-p 00000000 00:00 0                          [stack:22336]
7fd3f0150000-7fd3f0153000 ---p 00000000 00:00 0 
7fd3f0153000-7fd3f0251000 rw-p 00000000 00:00 0                          [stack:22335]
7fd3f0251000-7fd3f0254000 ---p 00000000 00:00 0 
7fd3f0254000-7fd3f0352000 rw-p 00000000 00:00 0                          [stack:22334]
7fd3f0352000-7fd3f0355000 ---p 00000000 00:00 0 
7fd3f0355000-7fd3f0453000 rw-p 00000000 00:00 0                          [stack:22333]
7fd3f0453000-7fd3f04ab000 r--s 004f2000 08:05 8919                       /home/chibi/.m2/repository/org/scala-lang/scala-library/2.11.2/scala-library-2.11.2.jar
7fd3f04ab000-7fd3f04be000 r--s 00211000 08:05 659977                     /home/chibi/.m2/repository/org/eclipse/swt/gtk/org.eclipse.swt.gtk.linux.x86_64/3.5.2.v3557f/org.eclipse.swt.gtk.linux.x86_64-3.5.2.v3557f.jar
7fd3f04be000-7fd3f0502000 r--s 0037c000 08:05 659975                     /home/chibi/.m2/repository/org/eclipse/ui/org.eclipse.ui.workbench/3.4.2.M20090127-1700/org.eclipse.ui.workbench-3.4.2.M20090127-1700.jar
7fd3f0502000-7fd3f0511000 r--s 000e5000 08:05 659971                     /home/chibi/.m2/repository/org/eclipse/org.eclipse.osgi/3.4.3.R34x_v20081215-1030/org.eclipse.osgi-3.4.3.R34x_v20081215-1030.jar
7fd3f0511000-7fd3f0525000 r--s 000eb000 08:05 659969                     /home/chibi/.m2/repository/org/eclipse/org.eclipse.jface/3.4.2.M20090107-0800/org.eclipse.jface-3.4.2.M20090107-0800.jar
7fd3f0525000-7fd3f052a000 r--s 0002b000 08:05 659967                     /home/chibi/.m2/repository/org/eclipse/jface/org.eclipse.jface.databinding/1.2.1.M20080827-0800a/org.eclipse.jface.databinding-1.2.1.M20080827-0800a.jar
7fd3f052a000-7fd3f052d000 r--s 00015000 08:05 659965                     /home/chibi/.m2/repository/org/eclipse/equinox/org.eclipse.equinox.common/3.4.0.v20080421-2006/org.eclipse.equinox.common-3.4.0.v20080421-2006.jar
7fd3f052d000-7fd3f0536000 r--s 0004c000 08:05 659963                     /home/chibi/.m2/repository/org/eclipse/core/org.eclipse.core.databinding/1.1.1.M20080827-0800b/org.eclipse.core.databinding-1.1.1.M20080827-0800b.jar
7fd3f0536000-7fd3f0538000 r--s 0000d000 08:05 659961                     /home/chibi/.m2/repository/org/eclipse/core/databinding/org.eclipse.core.databinding.beans/1.1.1.M20080827-0800a/org.eclipse.core.databinding.beans-1.1.1.M20080827-0800a.jar
7fd3f0538000-7fd3f053b000 r--s 00017000 08:05 659959                     /home/chibi/.m2/repository/org/eclipse/core/org.eclipse.core.commands/3.4.0.I20080509-2000/org.eclipse.core.commands-3.4.0.I20080509-2000.jar
7fd3f053b000-7fd3f0589000 r--s 0087c000 08:05 541508                     /home/chibi/.m2/repository/com/ibm/icu/icu4j/50.1.1/icu4j-50.1.1.jar
7fd3f0589000-7fd3f05aa000 r--s 00162000 08:05 541506                     /home/chibi/.m2/repository/org/mockito/mockito-all/1.9.5/mockito-all-1.9.5.jar
7fd3f05aa000-7fd3f05ac000 r--s 00008000 08:05 9325                       /home/chibi/.m2/repository/org/uqbar-project/arena-poo/3.5.1/arena-poo-3.5.1.jar
7fd3f05ac000-7fd3f05b1000 r--s 00016000 08:05 8915                       /home/chibi/.m2/repository/xml-apis/xml-apis/1.0.b2/xml-apis-1.0.b2.jar
7fd3f05b1000-7fd3f05b6000 r--s 00048000 08:05 8913                       /home/chibi/.m2/repository/dom4j/dom4j/1.6.1/dom4j-1.6.1.jar
7fd3f05b6000-7fd3f05b9000 r--s 00017000 08:05 8911                       /home/chibi/.m2/repository/org/reflections/reflections/0.9.8/reflections-0.9.8.jar
7fd3f05b9000-7fd3f05bd000 r--s 00038000 08:05 659430                     /home/chibi/.m2/repository/commons-lang/commons-lang/2.2/commons-lang-2.2.jar
7fd3f05bd000-7fd3f05c2000 r--s 0002a000 08:05 8909                       /home/chibi/.m2/repository/commons-beanutils/commons-beanutils/1.7.0/commons-beanutils-1.7.0.jar
7fd3f05c2000-7fd3f05c4000 r--s 0000d000 08:05 541504                     /home/chibi/.m2/repository/commons-logging/commons-logging/1.1.1/commons-logging-1.1.1.jar
7fd3f05c4000-7fd3f05ce000 r--s 000a5000 08:05 8907                       /home/chibi/.m2/repository/org/javassist/javassist/3.18.1-GA/javassist-3.18.1-GA.jar
7fd3f05ce000-7fd3f05d6000 r--s 00053000 08:05 1066452                    /home/chibi/.m2/repository/net/sf/oval/oval/1.81/oval-1.81.jar
7fd3f05d6000-7fd3f05e2000 r--s 00076000 08:05 1066450                    /home/chibi/.m2/repository/net/sourceforge/collections/collections-generic/4.01/collections-generic-4.01.jar
7fd3f05e2000-7fd3f05f0000 r--s 0007f000 08:05 1066448                    /home/chibi/.m2/repository/commons-collections/commons-collections/3.2.1/commons-collections-3.2.1.jar
7fd3f05f0000-7fd3f05f9000 r--s 0006d000 08:05 541502                     /home/chibi/.m2/repository/log4j/log4j/1.2.16/log4j-1.2.16.jar
7fd3f05f9000-7fd3f05fd000 r--s 00028000 08:05 1066548                    /home/chibi/.m2/repository/org/uqbar-project/arena-apo/3.5.1/arena-apo-3.5.1.jar
7fd3f05fd000-7fd3f0600000 r--s 00014000 08:05 1066546                    /home/chibi/.m2/repository/org/uqbar-project/arena-pot/3.5.1/arena-pot-3.5.1.jar
7fd3f0600000-7fd3f0607000 r--s 0002b000 08:05 1066544                    /home/chibi/.m2/repository/org/uqbar-project/arena-core/3.5.1/arena-core-3.5.1.jar
7fd3f0607000-7fd3f060d000 r--s 00033000 08:05 1066542                    /home/chibi/.m2/repository/org/uqbar-project/arena-jface/3.5.1/arena-jface-3.5.1.jar
7fd3f060d000-7fd3f0610000 r--s 0000e000 08:05 175969                     /home/chibi/Descargas/eclipse-jee mars/plugins/org.eclipse.xtend.lib.macro_2.7.3.v201411190455.jar
7fd3f0610000-7fd3f0639000 r--s 00200000 08:05 174828                     /home/chibi/Descargas/eclipse-jee mars/plugins/com.google.guava_15.0.0.v201403281430.jar
7fd3f0639000-7fd3f063c000 ---p 00000000 00:00 0 
7fd3f063c000-7fd3f073a000 rw-p 00000000 00:00 0                          [stack:22332]
7fd3f073a000-7fd3f073d000 ---p 00000000 00:00 0 
7fd3f073d000-7fd3f083b000 rw-p 00000000 00:00 0                          [stack:22331]
7fd3f083b000-7fd3f083c000 ---p 00000000 00:00 0 
7fd3f083c000-7fd3f1918000 rw-p 00000000 00:00 0                          [stack:22330]
7fd3f1918000-7fd3f1ac9000 r--s 01d29000 08:05 800687                     /usr/lib/jvm/java-7-openjdk-amd64/jre/lib/rt.jar
7fd3f1ac9000-7fd3f4185000 rw-p 00000000 00:00 0 
7fd3f4185000-7fd3f4186000 ---p 00000000 00:00 0 
7fd3f4186000-7fd3f4286000 rw-p 00000000 00:00 0                          [stack:22329]
7fd3f4286000-7fd3f4287000 ---p 00000000 00:00 0 
7fd3f4287000-7fd3f4387000 rw-p 00000000 00:00 0                          [stack:22328]
7fd3f4387000-7fd3f4388000 ---p 00000000 00:00 0 
7fd3f4388000-7fd3f4488000 rw-p 00000000 00:00 0                          [stack:22327]
7fd3f4488000-7fd3f4489000 ---p 00000000 00:00 0 
7fd3f4489000-7fd3f4594000 rw-p 00000000 00:00 0                          [stack:22326]
7fd3f4594000-7fd3f45dc000 rw-p 00000000 00:00 0 
7fd3f45dc000-7fd3f45f1000 rw-p 00000000 00:00 0 
7fd3f45f1000-7fd3f4721000 rw-p 00000000 00:00 0 
7fd3f4721000-7fd3f4746000 rw-p 00000000 00:00 0 
7fd3f4746000-7fd3f47c4000 rw-p 00000000 00:00 0 
7fd3f47c4000-7fd3f47c5000 rw-p 00000000 00:00 0 
7fd3f47c5000-7fd3f4a35000 rwxp 00000000 00:00 0 
7fd3f4a35000-7fd3f77c5000 rw-p 00000000 00:00 0 
7fd3f77c5000-7fd3f77cd000 r-xp 00000000 08:05 800720                     /usr/lib/jvm/java-7-openjdk-amd64/jre/lib/amd64/libzip.so
7fd3f77cd000-7fd3f79cc000 ---p 00008000 08:05 800720                     /usr/lib/jvm/java-7-openjdk-amd64/jre/lib/amd64/libzip.so
7fd3f79cc000-7fd3f79cd000 r--p 00007000 08:05 800720                     /usr/lib/jvm/java-7-openjdk-amd64/jre/lib/amd64/libzip.so
7fd3f79cd000-7fd3f79ce000 rw-p 00008000 08:05 800720                     /usr/lib/jvm/java-7-openjdk-amd64/jre/lib/amd64/libzip.so
7fd3f79ce000-7fd3f79d9000 r-xp 00000000 08:05 657773                     /lib/x86_64-linux-gnu/libnss_files-2.19.so
7fd3f79d9000-7fd3f7bd8000 ---p 0000b000 08:05 657773                     /lib/x86_64-linux-gnu/libnss_files-2.19.so
7fd3f7bd8000-7fd3f7bd9000 r--p 0000a000 08:05 657773                     /lib/x86_64-linux-gnu/libnss_files-2.19.so
7fd3f7bd9000-7fd3f7bda000 rw-p 0000b000 08:05 657773                     /lib/x86_64-linux-gnu/libnss_files-2.19.so
7fd3f7bda000-7fd3f7be5000 r-xp 00000000 08:05 657783                     /lib/x86_64-linux-gnu/libnss_nis-2.19.so
7fd3f7be5000-7fd3f7de4000 ---p 0000b000 08:05 657783                     /lib/x86_64-linux-gnu/libnss_nis-2.19.so
7fd3f7de4000-7fd3f7de5000 r--p 0000a000 08:05 657783                     /lib/x86_64-linux-gnu/libnss_nis-2.19.so
7fd3f7de5000-7fd3f7de6000 rw-p 0000b000 08:05 657783                     /lib/x86_64-linux-gnu/libnss_nis-2.19.so
7fd3f7de6000-7fd3f7dfd000 r-xp 00000000 08:05 657767                     /lib/x86_64-linux-gnu/libnsl-2.19.so
7fd3f7dfd000-7fd3f7ffc000 ---p 00017000 08:05 657767                     /lib/x86_64-linux-gnu/libnsl-2.19.so
7fd3f7ffc000-7fd3f7ffd000 r--p 00016000 08:05 657767                     /lib/x86_64-linux-gnu/libnsl-2.19.so
7fd3f7ffd000-7fd3f7ffe000 rw-p 00017000 08:05 657767                     /lib/x86_64-linux-gnu/libnsl-2.19.so
7fd3f7ffe000-7fd3f8000000 rw-p 00000000 00:00 0 
7fd3f8000000-7fd3f8896000 rw-p 00000000 00:00 0 
7fd3f8896000-7fd3fc000000 ---p 00000000 00:00 0 
7fd3fc000000-7fd3fc002000 r--s 00008000 08:05 1066538                    /home/chibi/.m2/repository/org/uqbar-project/uqbar-domain/3.5.1/uqbar-domain-3.5.1.jar
7fd3fc002000-7fd3fc006000 r--s 00032000 08:05 175966                     /home/chibi/Descargas/eclipse-jee mars/plugins/org.eclipse.xtend.lib_2.7.3.v201411190455.jar
7fd3fc006000-7fd3fc009000 r--s 0001e000 08:05 175992                     /home/chibi/Descargas/eclipse-jee mars/plugins/org.eclipse.xtext.xbase.lib_2.7.3.v201411190455.jar
7fd3fc009000-7fd3fc05d000 rw-p 00000000 00:00 0 
7fd3fc05d000-7fd3fc0a5000 rw-p 00000000 00:00 0 
7fd3fc0a5000-7fd3fc0ba000 rw-p 00000000 00:00 0 
7fd3fc0ba000-7fd3fc1eb000 rw-p 00000000 00:00 0 
7fd3fc1eb000-7fd3fc1f4000 r-xp 00000000 08:05 657769                     /lib/x86_64-linux-gnu/libnss_compat-2.19.so
7fd3fc1f4000-7fd3fc3f3000 ---p 00009000 08:05 657769                     /lib/x86_64-linux-gnu/libnss_compat-2.19.so
7fd3fc3f3000-7fd3fc3f4000 r--p 00008000 08:05 657769                     /lib/x86_64-linux-gnu/libnss_compat-2.19.so
7fd3fc3f4000-7fd3fc3f5000 rw-p 00009000 08:05 657769                     /lib/x86_64-linux-gnu/libnss_compat-2.19.so
7fd3fc3f5000-7fd3fc420000 r-xp 00000000 08:05 800757                     /usr/lib/jvm/java-7-openjdk-amd64/jre/lib/amd64/libjava.so
7fd3fc420000-7fd3fc61f000 ---p 0002b000 08:05 800757                     /usr/lib/jvm/java-7-openjdk-amd64/jre/lib/amd64/libjava.so
7fd3fc61f000-7fd3fc620000 r--p 0002a000 08:05 800757                     /usr/lib/jvm/java-7-openjdk-amd64/jre/lib/amd64/libjava.so
7fd3fc620000-7fd3fc622000 rw-p 0002b000 08:05 800757                     /usr/lib/jvm/java-7-openjdk-amd64/jre/lib/amd64/libjava.so
7fd3fc622000-7fd3fc632000 r-xp 00000000 08:05 800738                     /usr/lib/jvm/java-7-openjdk-amd64/jre/lib/amd64/libverify.so
7fd3fc632000-7fd3fc831000 ---p 00010000 08:05 800738                     /usr/lib/jvm/java-7-openjdk-amd64/jre/lib/amd64/libverify.so
7fd3fc831000-7fd3fc833000 r--p 0000f000 08:05 800738                     /usr/lib/jvm/java-7-openjdk-amd64/jre/lib/amd64/libverify.so
7fd3fc833000-7fd3fc834000 rw-p 00011000 08:05 800738                     /usr/lib/jvm/java-7-openjdk-amd64/jre/lib/amd64/libverify.so
7fd3fc834000-7fd3fc83b000 r-xp 00000000 08:05 657826                     /lib/x86_64-linux-gnu/librt-2.19.so
7fd3fc83b000-7fd3fca3a000 ---p 00007000 08:05 657826                     /lib/x86_64-linux-gnu/librt-2.19.so
7fd3fca3a000-7fd3fca3b000 r--p 00006000 08:05 657826                     /lib/x86_64-linux-gnu/librt-2.19.so
7fd3fca3b000-7fd3fca3c000 rw-p 00007000 08:05 657826                     /lib/x86_64-linux-gnu/librt-2.19.so
7fd3fca3c000-7fd3fca52000 r-xp 00000000 08:05 657725                     /lib/x86_64-linux-gnu/libgcc_s.so.1
7fd3fca52000-7fd3fcc51000 ---p 00016000 08:05 657725                     /lib/x86_64-linux-gnu/libgcc_s.so.1
7fd3fcc51000-7fd3fcc52000 rw-p 00015000 08:05 657725                     /lib/x86_64-linux-gnu/libgcc_s.so.1
7fd3fcc52000-7fd3fcd57000 r-xp 00000000 08:05 657748                     /lib/x86_64-linux-gnu/libm-2.19.so
7fd3fcd57000-7fd3fcf56000 ---p 00105000 08:05 657748                     /lib/x86_64-linux-gnu/libm-2.19.so
7fd3fcf56000-7fd3fcf57000 r--p 00104000 08:05 657748                     /lib/x86_64-linux-gnu/libm-2.19.so
7fd3fcf57000-7fd3fcf58000 rw-p 00105000 08:05 657748                     /lib/x86_64-linux-gnu/libm-2.19.so
7fd3fcf58000-7fd3fd03e000 r-xp 00000000 08:05 922754                     /usr/lib/x86_64-linux-gnu/libstdc++.so.6.0.19
7fd3fd03e000-7fd3fd23d000 ---p 000e6000 08:05 922754                     /usr/lib/x86_64-linux-gnu/libstdc++.so.6.0.19
7fd3fd23d000-7fd3fd245000 r--p 000e5000 08:05 922754                     /usr/lib/x86_64-linux-gnu/libstdc++.so.6.0.19
7fd3fd245000-7fd3fd247000 rw-p 000ed000 08:05 922754                     /usr/lib/x86_64-linux-gnu/libstdc++.so.6.0.19
7fd3fd247000-7fd3fd25c000 rw-p 00000000 00:00 0 
7fd3fd25c000-7fd3fdd75000 r-xp 00000000 08:05 800726                     /usr/lib/jvm/java-7-openjdk-amd64/jre/lib/amd64/server/libjvm.so
7fd3fdd75000-7fd3fdf75000 ---p 00b19000 08:05 800726                     /usr/lib/jvm/java-7-openjdk-amd64/jre/lib/amd64/server/libjvm.so
7fd3fdf75000-7fd3fe00f000 r--p 00b19000 08:05 800726                     /usr/lib/jvm/java-7-openjdk-amd64/jre/lib/amd64/server/libjvm.so
7fd3fe00f000-7fd3fe032000 rw-p 00bb3000 08:05 800726                     /usr/lib/jvm/java-7-openjdk-amd64/jre/lib/amd64/server/libjvm.so
7fd3fe032000-7fd3fe060000 rw-p 00000000 00:00 0 
7fd3fe060000-7fd3fe078000 r-xp 00000000 08:05 657861                     /lib/x86_64-linux-gnu/libz.so.1.2.8
7fd3fe078000-7fd3fe277000 ---p 00018000 08:05 657861                     /lib/x86_64-linux-gnu/libz.so.1.2.8
7fd3fe277000-7fd3fe278000 r--p 00017000 08:05 657861                     /lib/x86_64-linux-gnu/libz.so.1.2.8
7fd3fe278000-7fd3fe279000 rw-p 00018000 08:05 657861                     /lib/x86_64-linux-gnu/libz.so.1.2.8
7fd3fe279000-7fd3fe292000 r-xp 00000000 08:05 657818                     /lib/x86_64-linux-gnu/libpthread-2.19.so
7fd3fe292000-7fd3fe491000 ---p 00019000 08:05 657818                     /lib/x86_64-linux-gnu/libpthread-2.19.so
7fd3fe491000-7fd3fe492000 r--p 00018000 08:05 657818                     /lib/x86_64-linux-gnu/libpthread-2.19.so
7fd3fe492000-7fd3fe493000 rw-p 00019000 08:05 657818                     /lib/x86_64-linux-gnu/libpthread-2.19.so
7fd3fe493000-7fd3fe497000 rw-p 00000000 00:00 0 
7fd3fe497000-7fd3fe49a000 r-xp 00000000 08:05 657715                     /lib/x86_64-linux-gnu/libdl-2.19.so
7fd3fe49a000-7fd3fe699000 ---p 00003000 08:05 657715                     /lib/x86_64-linux-gnu/libdl-2.19.so
7fd3fe699000-7fd3fe69a000 r--p 00002000 08:05 657715                     /lib/x86_64-linux-gnu/libdl-2.19.so
7fd3fe69a000-7fd3fe69b000 rw-p 00003000 08:05 657715                     /lib/x86_64-linux-gnu/libdl-2.19.so
7fd3fe69b000-7fd3fe856000 r-xp 00000000 08:05 657698                     /lib/x86_64-linux-gnu/libc-2.19.so
7fd3fe856000-7fd3fea55000 ---p 001bb000 08:05 657698                     /lib/x86_64-linux-gnu/libc-2.19.so
7fd3fea55000-7fd3fea59000 r--p 001ba000 08:05 657698                     /lib/x86_64-linux-gnu/libc-2.19.so
7fd3fea59000-7fd3fea5b000 rw-p 001be000 08:05 657698                     /lib/x86_64-linux-gnu/libc-2.19.so
7fd3fea5b000-7fd3fea60000 rw-p 00000000 00:00 0 
7fd3fea60000-7fd3fea6d000 r-xp 00000000 08:05 800723                     /usr/lib/jvm/java-7-openjdk-amd64/jre/lib/amd64/jli/libjli.so
7fd3fea6d000-7fd3fec6c000 ---p 0000d000 08:05 800723                     /usr/lib/jvm/java-7-openjdk-amd64/jre/lib/amd64/jli/libjli.so
7fd3fec6c000-7fd3fec6d000 r--p 0000c000 08:05 800723                     /usr/lib/jvm/java-7-openjdk-amd64/jre/lib/amd64/jli/libjli.so
7fd3fec6d000-7fd3fec6e000 rw-p 0000d000 08:05 800723                     /usr/lib/jvm/java-7-openjdk-amd64/jre/lib/amd64/jli/libjli.so
7fd3fec6e000-7fd3fec91000 r-xp 00000000 08:05 657674                     /lib/x86_64-linux-gnu/ld-2.19.so
7fd3fec91000-7fd3fec92000 r--s 00000000 00:16 97277                      /run/user/1000/dconf/user
7fd3fec92000-7fd3fec94000 r--s 00006000 08:05 1204669                    /usr/share/java/java-atk-wrapper.jar
7fd3fec94000-7fd3fecb5000 rw-p 00000000 00:00 0 
7fd3fecb5000-7fd3fed6b000 rw-p 00000000 00:00 0 
7fd3fed6b000-7fd3fed6e000 ---p 00000000 00:00 0 
7fd3fed6e000-7fd3fee71000 rw-p 00000000 00:00 0                          [stack:22325]
7fd3fee71000-7fd3fee72000 r--s 00003000 08:05 659973                     /home/chibi/.m2/repository/org/eclipse/org.eclipse.swt/3.4.2.v3452b/org.eclipse.swt-3.4.2.v3452b.jar
7fd3fee72000-7fd3fee74000 r--s 00012000 08:05 800709                     /usr/lib/jvm/java-7-openjdk-amd64/jre/lib/ext/zipfs.jar
7fd3fee74000-7fd3fee78000 r--s 00085000 08:05 800704                     /usr/lib/jvm/java-7-openjdk-amd64/jre/lib/ext/localedata.jar
7fd3fee78000-7fd3fee7c000 r--s 00034000 08:05 800706                     /usr/lib/jvm/java-7-openjdk-amd64/jre/lib/ext/sunjce_provider.jar
7fd3fee7c000-7fd3fee7d000 r--s 00002000 08:05 800705                     /usr/lib/jvm/java-7-openjdk-amd64/jre/lib/ext/dnsns.jar
7fd3fee7d000-7fd3fee80000 r--s 0000f000 08:05 800708                     /usr/lib/jvm/java-7-openjdk-amd64/jre/lib/ext/icedtea-sound.jar
7fd3fee80000-7fd3fee84000 r--s 0003c000 08:05 800707                     /usr/lib/jvm/java-7-openjdk-amd64/jre/lib/ext/sunpkcs11.jar
7fd3fee84000-7fd3fee8c000 rw-s 00000000 08:05 177609                     /tmp/hsperfdata_chibi/22319
7fd3fee8c000-7fd3fee8d000 rw-p 00000000 00:00 0 
7fd3fee8d000-7fd3fee8e000 ---p 00000000 00:00 0 
7fd3fee8e000-7fd3fee90000 rw-p 00000000 00:00 0 
7fd3fee90000-7fd3fee91000 r--p 00022000 08:05 657674                     /lib/x86_64-linux-gnu/ld-2.19.so
7fd3fee91000-7fd3fee92000 rw-p 00023000 08:05 657674                     /lib/x86_64-linux-gnu/ld-2.19.so
7fd3fee92000-7fd3fee93000 rw-p 00000000 00:00 0 
7ffd5b3d3000-7ffd5b3f5000 rw-p 00000000 00:00 0                          [stack]
7ffd5b3fb000-7ffd5b3fd000 r--p 00000000 00:00 0                          [vvar]
7ffd5b3fd000-7ffd5b3ff000 r-xp 00000000 00:00 0                          [vdso]
ffffffffff600000-ffffffffff601000 r-xp 00000000 00:00 0                  [vsyscall]

VM Arguments:
jvm_args: -Djava.system.class.loader=com.uqbar.apo.APOClassLoader -Dfile.encoding=UTF-8 
java_command: windowLogIn.WindowLogIn
Launcher Type: SUN_STANDARD

Environment Variables:
PATH=/usr/local/sbin:/usr/local/bin:/usr/sbin:/usr/bin:/sbin:/bin:/usr/games:/usr/local/games
SHELL=/bin/bash
DISPLAY=:0.0

Signal Handlers:
SIGSEGV: [libjvm.so+0x94bab0], sa_mask[0]=0x7ffbfeff, sa_flags=0x10000004
SIGBUS: [libjvm.so+0x94bab0], sa_mask[0]=0x7ffbfeff, sa_flags=0x10000004
SIGFPE: [libjvm.so+0x7c38b0], sa_mask[0]=0x7ffbfeff, sa_flags=0x10000004
SIGPIPE: SIG_IGN, sa_mask[0]=0x00001000, sa_flags=0x10000000
SIGXFSZ: [libjvm.so+0x7c38b0], sa_mask[0]=0x7ffbfeff, sa_flags=0x10000004
SIGILL: [libjvm.so+0x7c38b0], sa_mask[0]=0x7ffbfeff, sa_flags=0x10000004
SIGUSR1: SIG_DFL, sa_mask[0]=0x00000000, sa_flags=0x00000000
SIGUSR2: [libjvm.so+0x7c3750], sa_mask[0]=0x00000004, sa_flags=0x10000004
SIGHUP: [libjvm.so+0x7c3930], sa_mask[0]=0x7ffbfeff, sa_flags=0x10000004
SIGINT: [libjvm.so+0x7c3930], sa_mask[0]=0x7ffbfeff, sa_flags=0x10000004
SIGTERM: [libjvm.so+0x7c3930], sa_mask[0]=0x7ffbfeff, sa_flags=0x10000004
SIGQUIT: [libjvm.so+0x7c3930], sa_mask[0]=0x7ffbfeff, sa_flags=0x10000004
SIGTRAP: SIG_DFL, sa_mask[0]=0x00000000, sa_flags=0x00000000


---------------  S Y S T E M  ---------------

OS:Ubuntu 14.04 (trusty)
uname:Linux 3.19.0-25-generic #26~14.04.1-Ubuntu SMP Fri Jul 24 21:16:20 UTC 2015 x86_64
libc:glibc 2.19 NPTL 2.19 
rlimit: STACK 8192k, CORE 0k, NPROC 15514, NOFILE 4096, AS infinity
load average:1,81 0,76 0,49

/proc/meminfo:
MemTotal:        3993216 kB
MemFree:          121832 kB
MemAvailable:      58464 kB
Buffers:             568 kB
Cached:           208744 kB
SwapCached:            0 kB
Active:          3546076 kB
Inactive:         172076 kB
Active(anon):    3541204 kB
Inactive(anon):   162996 kB
Active(file):       4872 kB
Inactive(file):     9080 kB
Unevictable:          32 kB
Mlocked:              32 kB
SwapTotal:             0 kB
SwapFree:              0 kB
Dirty:               296 kB
Writeback:             0 kB
AnonPages:       3509196 kB
Mapped:            72976 kB
Shmem:            195052 kB
Slab:              59104 kB
SReclaimable:      28252 kB
SUnreclaim:        30852 kB
KernelStack:        9120 kB
PageTables:        40128 kB
NFS_Unstable:          0 kB
Bounce:                0 kB
WritebackTmp:          0 kB
CommitLimit:     1996608 kB
Committed_AS:    7201448 kB
VmallocTotal:   34359738367 kB
VmallocUsed:      216732 kB
VmallocChunk:   34359510492 kB
HardwareCorrupted:     0 kB
AnonHugePages:   2043904 kB
CmaTotal:              0 kB
CmaFree:               0 kB
HugePages_Total:       0
HugePages_Free:        0
HugePages_Rsvd:        0
HugePages_Surp:        0
Hugepagesize:       2048 kB
DirectMap4k:       96512 kB
DirectMap2M:     4044800 kB


CPU:total 4 (2 cores per cpu, 2 threads per core) family 6 model 42 stepping 7, cmov, cx8, fxsr, mmx, sse, sse2, sse3, ssse3, sse4.1, sse4.2, popcnt, avx, ht, tsc, tscinvbit

/proc/cpuinfo:
processor	: 0
vendor_id	: GenuineIntel
cpu family	: 6
model		: 42
model name	: Intel(R) Core(TM) i3-2330M CPU @ 2.20GHz
stepping	: 7
microcode	: 0x23
cpu MHz		: 914.718
cache size	: 3072 KB
physical id	: 0
siblings	: 4
core id		: 0
cpu cores	: 2
apicid		: 0
initial apicid	: 0
fpu		: yes
fpu_exception	: yes
cpuid level	: 13
wp		: yes
flags		: fpu vme de pse tsc msr pae mce cx8 apic sep mtrr pge mca cmov pat pse36 clflush dts acpi mmx fxsr sse sse2 ss ht tm pbe syscall nx rdtscp lm constant_tsc arch_perfmon pebs bts rep_good nopl xtopology nonstop_tsc aperfmperf eagerfpu pni pclmulqdq dtes64 monitor ds_cpl vmx est tm2 ssse3 cx16 xtpr pdcm pcid sse4_1 sse4_2 x2apic popcnt tsc_deadline_timer xsave avx lahf_lm arat epb pln pts dtherm tpr_shadow vnmi flexpriority ept vpid xsaveopt
bugs		:
bogomips	: 4390.22
clflush size	: 64
cache_alignment	: 64
address sizes	: 36 bits physical, 48 bits virtual
power management:

processor	: 1
vendor_id	: GenuineIntel
cpu family	: 6
model		: 42
model name	: Intel(R) Core(TM) i3-2330M CPU @ 2.20GHz
stepping	: 7
microcode	: 0x23
cpu MHz		: 809.789
cache size	: 3072 KB
physical id	: 0
siblings	: 4
core id		: 0
cpu cores	: 2
apicid		: 1
initial apicid	: 1
fpu		: yes
fpu_exception	: yes
cpuid level	: 13
wp		: yes
flags		: fpu vme de pse tsc msr pae mce cx8 apic sep mtrr pge mca cmov pat pse36 clflush dts acpi mmx fxsr sse sse2 ss ht tm pbe syscall nx rdtscp lm constant_tsc arch_perfmon pebs bts rep_good nopl xtopology nonstop_tsc aperfmperf eagerfpu pni pclmulqdq dtes64 monitor ds_cpl vmx est tm2 ssse3 cx16 xtpr pdcm pcid sse4_1 sse4_2 x2apic popcnt tsc_deadline_timer xsave avx lahf_lm arat epb pln pts dtherm tpr_shadow vnmi flexpriority ept vpid xsaveopt
bugs		:
bogomips	: 4390.22
clflush size	: 64
cache_alignment	: 64
address sizes	: 36 bits physical, 48 bits virtual
power management:

processor	: 2
vendor_id	: GenuineIntel
cpu family	: 6
model		: 42
model name	: Intel(R) Core(TM) i3-2330M CPU @ 2.20GHz
stepping	: 7
microcode	: 0x23
cpu MHz		: 804.804
cache size	: 3072 KB
physical id	: 0
siblings	: 4
core id		: 1
cpu cores	: 2
apicid		: 2
initial apicid	: 2
fpu		: yes
fpu_exception	: yes
cpuid level	: 13
wp		: yes
flags		: fpu vme de pse tsc msr pae mce cx8 apic sep mtrr pge mca cmov pat pse36 clflush dts acpi mmx fxsr sse sse2 ss ht tm pbe syscall nx rdtscp lm constant_tsc arch_perfmon pebs bts rep_good nopl xtopology nonstop_tsc aperfmperf eagerfpu pni pclmulqdq dtes64 monitor ds_cpl vmx est tm2 ssse3 cx16 xtpr pdcm pcid sse4_1 sse4_2 x2apic popcnt tsc_deadline_timer xsave avx lahf_lm arat epb pln pts dtherm tpr_shadow vnmi flexpriority ept vpid xsaveopt
bugs		:
bogomips	: 4390.22
clflush size	: 64
cache_alignment	: 64
address sizes	: 36 bits physical, 48 bits virtual
power management:

processor	: 3
vendor_id	: GenuineIntel
cpu family	: 6
model		: 42
model name	: Intel(R) Core(TM) i3-2330M CPU @ 2.20GHz
stepping	: 7
microcode	: 0x23
cpu MHz		: 800.765
cache size	: 3072 KB
physical id	: 0
siblings	: 4
core id		: 1
cpu cores	: 2
apicid		: 3
initial apicid	: 3
fpu		: yes
fpu_exception	: yes
cpuid level	: 13
wp		: yes
flags		: fpu vme de pse tsc msr pae mce cx8 apic sep mtrr pge mca cmov pat pse36 clflush dts acpi mmx fxsr sse sse2 ss ht tm pbe syscall nx rdtscp lm constant_tsc arch_perfmon pebs bts rep_good nopl xtopology nonstop_tsc aperfmperf eagerfpu pni pclmulqdq dtes64 monitor ds_cpl vmx est tm2 ssse3 cx16 xtpr pdcm pcid sse4_1 sse4_2 x2apic popcnt tsc_deadline_timer xsave avx lahf_lm arat epb pln pts dtherm tpr_shadow vnmi flexpriority ept vpid xsaveopt
bugs		:
bogomips	: 4390.22
clflush size	: 64
cache_alignment	: 64
address sizes	: 36 bits physical, 48 bits virtual
power management:



Memory: 4k page, physical 3993216k(121832k free), swap 0k(0k free)

vm_info: OpenJDK 64-Bit Server VM (24.79-b02) for linux-amd64 JRE (1.7.0_79-b14), built on Jul 24 2015 08:15:54 by "buildd" with gcc 4.8.2

time: Tue Sep 22 20:20:19 2015
elapsed time: 45 seconds

