#
# There is insufficient memory for the Java Runtime Environment to continue.
# Native memory allocation (malloc) failed to allocate 80740352 bytes for committing reserved memory.
# Possible reasons:
#   The system is out of physical RAM or swap space
#   In 32 bit mode, the process size limit was hit
# Possible solutions:
#   Reduce memory load on the system
#   Increase physical memory or swap space
#   Check if swap backing store is full
#   Use 64 bit Java on a 64 bit OS
#   Decrease Java heap size (-Xmx/-Xms)
#   Decrease number of Java threads
#   Decrease Java thread stack sizes (-Xss)
#   Set larger code cache with -XX:ReservedCodeCacheSize=
# This output file may be truncated or incomplete.
#
#  Out of Memory Error (os_linux.cpp:2809), pid=14196, tid=139909123065600
#
# JRE version: OpenJDK Runtime Environment (7.0_79-b14) (build 1.7.0_79-b14)
# Java VM: OpenJDK 64-Bit Server VM (24.79-b02 mixed mode linux-amd64 compressed oops)
# Derivative: IcedTea 2.5.6
# Distribution: Ubuntu 14.04 LTS, package 7u79-2.5.6-0ubuntu1.14.04.1
# Failed to write core dump. Core dumps have been disabled. To enable core dumping, try "ulimit -c unlimited" before starting Java again
#

---------------  T H R E A D  ---------------

Current thread (0x00007f3f2c077800):  VMThread [stack: 0x00007f3f2184c000,0x00007f3f2194d000] [id=14207]

Stack: [0x00007f3f2184c000,0x00007f3f2194d000],  sp=0x00007f3f2194b490,  free space=1021k
Native frames: (J=compiled Java code, j=interpreted, Vv=VM code, C=native code)
V  [libjvm.so+0x94afd5]  VMError::report_and_die()+0x175
V  [libjvm.so+0x48b9f4]  report_vm_out_of_memory(char const*, int, unsigned long, char const*)+0x74
V  [libjvm.so+0x7c809b]  os::pd_commit_memory(char*, unsigned long, unsigned long, bool)+0xeb
V  [libjvm.so+0x7c2b3f]  os::commit_memory(char*, unsigned long, unsigned long, bool)+0x1f
V  [libjvm.so+0x83503b]  PSVirtualSpace::expand_by(unsigned long)+0x5b
V  [libjvm.so+0x835e90]  PSYoungGen::resize_generation(unsigned long, unsigned long)+0xb0
V  [libjvm.so+0x83657b]  PSYoungGen::resize(unsigned long, unsigned long)+0x1b
V  [libjvm.so+0x832860]  PSScavenge::invoke_no_policy()+0xde0
V  [libjvm.so+0x833038]  PSScavenge::invoke()+0x38
V  [libjvm.so+0x7e9723]  ParallelScavengeHeap::failed_mem_allocate(unsigned long)+0x63
V  [libjvm.so+0x94c9d4]  VM_ParallelGCFailedAllocation::doit()+0x84
V  [libjvm.so+0x950ed7]  VM_Operation::evaluate()+0x47
V  [libjvm.so+0x94f848]  VMThread::evaluate_operation(VM_Operation*)+0x318
V  [libjvm.so+0x94fca9]  VMThread::loop()+0x219
V  [libjvm.so+0x9500f2]  VMThread::run()+0x72
V  [libjvm.so+0x7c4f62]  java_start(Thread*)+0xf2

VM_Operation (0x00007f3f33e7efa0): ParallelGCFailedAllocation, mode: safepoint, requested by thread 0x00007f3f2c00c000


---------------  P R O C E S S  ---------------

Java Threads: ( => current thread )
  0x00007f3f2c2c7000 JavaThread "Service Thread" daemon [_thread_blocked, id=14213, stack(0x00007f3f20982000,0x00007f3f20a83000)]
  0x00007f3f2c2c4800 JavaThread "C2 CompilerThread1" daemon [_thread_blocked, id=14212, stack(0x00007f3f20a83000,0x00007f3f20b84000)]
  0x00007f3f2c2c2000 JavaThread "C2 CompilerThread0" daemon [_thread_blocked, id=14211, stack(0x00007f3f20b84000,0x00007f3f20c85000)]
  0x00007f3f2c2be800 JavaThread "Signal Dispatcher" daemon [_thread_blocked, id=14210, stack(0x00007f3f20c85000,0x00007f3f20d86000)]
  0x00007f3f2c07d800 JavaThread "Finalizer" daemon [_thread_blocked, id=14209, stack(0x00007f3f2164a000,0x00007f3f2174b000)]
  0x00007f3f2c07b800 JavaThread "Reference Handler" daemon [_thread_blocked, id=14208, stack(0x00007f3f2174b000,0x00007f3f2184c000)]
  0x00007f3f2c00c000 JavaThread "main" [_thread_blocked, id=14202, stack(0x00007f3f33d81000,0x00007f3f33e82000)]

Other Threads:
=>0x00007f3f2c077800 VMThread [stack: 0x00007f3f2184c000,0x00007f3f2194d000] [id=14207]
  0x00007f3f2c2d2000 WatcherThread [stack: 0x00007f3f20881000,0x00007f3f20982000] [id=14214]

VM state:at safepoint (normal execution)

VM Mutex/Monitor currently owned by a thread:  ([mutex/lock_event])
[0x00007f3f2c0083f0] Threads_lock - owner thread: 0x00007f3f2c077800
[0x00007f3f2c0088f0] Heap_lock - owner thread: 0x00007f3f2c00c000

Heap
 PSYoungGen      total 66048K, used 2544K [0x00000000eba80000, 0x00000000efd80000, 0x0000000100000000)
  eden space 63488K, 0% used [0x00000000eba80000,0x00000000eba80000,0x00000000ef880000)
  from space 2560K, 99% used [0x00000000ef880000,0x00000000efafc030,0x00000000efb00000)
  to   space 2560K, 0% used [0x00000000efb00000,0x00000000efb00000,0x00000000efd80000)
 ParOldGen       total 41472K, used 16578K [0x00000000c3000000, 0x00000000c5880000, 0x00000000eba80000)
  object space 41472K, 39% used [0x00000000c3000000,0x00000000c40309e0,0x00000000c5880000)
 PSPermGen       total 21504K, used 16781K [0x00000000b8a00000, 0x00000000b9f00000, 0x00000000c3000000)
  object space 21504K, 78% used [0x00000000b8a00000,0x00000000b9a635c8,0x00000000b9f00000)

Card table byte_map: [0x00007f3f3078a000,0x00007f3f309c6000] byte_map_base: 0x00007f3f301c5000

Polling page: 0x00007f3f33ea3000

Code Cache  [0x00007f3f29000000, 0x00007f3f29270000, 0x00007f3f2c000000)
 total_blobs=722 nmethods=323 adapters=351 free_code_cache=47835Kb largest_free_block=48921536

Compilation events (10 events):
Event: 14,820 Thread 0x00007f3f2c2c2000 nmethod 333 0x00007f3f2912df10 code [0x00007f3f2912e060, 0x00007f3f2912e198]
Event: 14,820 Thread 0x00007f3f2c2c4800 nmethod 334 0x00007f3f2912e750 code [0x00007f3f2912e8a0, 0x00007f3f2912e9d8]
Event: 14,836 Thread 0x00007f3f2c2c4800  335             sun.misc.CharacterDecoder::readFully (52 bytes)
Event: 14,848 Thread 0x00007f3f2c2c4800 nmethod 335 0x00007f3f2912d610 code [0x00007f3f2912d780, 0x00007f3f2912dbf8]
Event: 42,043 Thread 0x00007f3f2c2c2000  336             javassist.bytecode.AttributeInfo::read (410 bytes)
Event: 46,539 Thread 0x00007f3f2c2c2000 nmethod 336 0x00007f3f2914a3d0 code [0x00007f3f2914ae60, 0x00007f3f29150210]
Event: 61,610 Thread 0x00007f3f2c2c4800  337             sun.misc.BASE64Decoder::bytesPerAtom (2 bytes)
Event: 62,506 Thread 0x00007f3f2c2c4800 nmethod 337 0x00007f3f29120690 code [0x00007f3f291207c0, 0x00007f3f29120818]
Event: 62,678 Thread 0x00007f3f2c2c2000  338 %           java.util.Properties$LineReader::readLine @ 21 (452 bytes)
Event: 62,806 Thread 0x00007f3f2c2c2000 nmethod 338% 0x00007f3f29147190 code [0x00007f3f29147360, 0x00007f3f29147c90]

GC Heap History (9 events):
Event: 2,455 GC heap before
{Heap before GC invocations=1 (full 0):
 PSYoungGen      total 18432K, used 15872K [0x00000000eba80000, 0x00000000ecf00000, 0x0000000100000000)
  eden space 15872K, 100% used [0x00000000eba80000,0x00000000eca00000,0x00000000eca00000)
  from space 2560K, 0% used [0x00000000ecc80000,0x00000000ecc80000,0x00000000ecf00000)
  to   space 2560K, 0% used [0x00000000eca00000,0x00000000eca00000,0x00000000ecc80000)
 ParOldGen       total 41472K, used 0K [0x00000000c3000000, 0x00000000c5880000, 0x00000000eba80000)
  object space 41472K, 0% used [0x00000000c3000000,0x00000000c3000000,0x00000000c5880000)
 PSPermGen       total 21504K, used 5343K [0x00000000b8a00000, 0x00000000b9f00000, 0x00000000c3000000)
  object space 21504K, 24% used [0x00000000b8a00000,0x00000000b8f37f30,0x00000000b9f00000)
Event: 2,536 GC heap after
Heap after GC invocations=1 (full 0):
 PSYoungGen      total 18432K, used 2547K [0x00000000eba80000, 0x00000000ede80000, 0x0000000100000000)
  eden space 15872K, 0% used [0x00000000eba80000,0x00000000eba80000,0x00000000eca00000)
  from space 2560K, 99% used [0x00000000eca00000,0x00000000ecc7ce28,0x00000000ecc80000)
  to   space 2560K, 0% used [0x00000000edc00000,0x00000000edc00000,0x00000000ede80000)
 ParOldGen       total 41472K, used 230K [0x00000000c3000000, 0x00000000c5880000, 0x00000000eba80000)
  object space 41472K, 0% used [0x00000000c3000000,0x00000000c30399a8,0x00000000c5880000)
 PSPermGen       total 21504K, used 5343K [0x00000000b8a00000, 0x00000000b9f00000, 0x00000000c3000000)
  object space 21504K, 24% used [0x00000000b8a00000,0x00000000b8f37f30,0x00000000b9f00000)
}
Event: 4,990 GC heap before
{Heap before GC invocations=2 (full 0):
 PSYoungGen      total 18432K, used 18309K [0x00000000eba80000, 0x00000000ede80000, 0x0000000100000000)
  eden space 15872K, 99% used [0x00000000eba80000,0x00000000ec9e4740,0x00000000eca00000)
  from space 2560K, 99% used [0x00000000eca00000,0x00000000ecc7ce28,0x00000000ecc80000)
  to   space 2560K, 0% used [0x00000000edc00000,0x00000000edc00000,0x00000000ede80000)
 ParOldGen       total 41472K, used 230K [0x00000000c3000000, 0x00000000c5880000, 0x00000000eba80000)
  object space 41472K, 0% used [0x00000000c3000000,0x00000000c30399a8,0x00000000c5880000)
 PSPermGen       total 21504K, used 10832K [0x00000000b8a00000, 0x00000000b9f00000, 0x00000000c3000000)
  object space 21504K, 50% used [0x00000000b8a00000,0x00000000b9494048,0x00000000b9f00000)
Event: 4,999 GC heap after
Heap after GC invocations=2 (full 0):
 PSYoungGen      total 34304K, used 2542K [0x00000000eba80000, 0x00000000ede80000, 0x0000000100000000)
  eden space 31744K, 0% used [0x00000000eba80000,0x00000000eba80000,0x00000000ed980000)
  from space 2560K, 99% used [0x00000000edc00000,0x00000000ede7bb60,0x00000000ede80000)
  to   space 2560K, 0% used [0x00000000ed980000,0x00000000ed980000,0x00000000edc00000)
 ParOldGen       total 41472K, used 2030K [0x00000000c3000000, 0x00000000c5880000, 0x00000000eba80000)
  object space 41472K, 4% used [0x00000000c3000000,0x00000000c31fba70,0x00000000c5880000)
 PSPermGen       total 21504K, used 10832K [0x00000000b8a00000, 0x00000000b9f00000, 0x00000000c3000000)
  object space 21504K, 50% used [0x00000000b8a00000,0x00000000b9494048,0x00000000b9f00000)
}
Event: 6,198 GC heap before
{Heap before GC invocations=3 (full 0):
 PSYoungGen      total 34304K, used 34286K [0x00000000eba80000, 0x00000000ede80000, 0x0000000100000000)
  eden space 31744K, 100% used [0x00000000eba80000,0x00000000ed980000,0x00000000ed980000)
  from space 2560K, 99% used [0x00000000edc00000,0x00000000ede7bb60,0x00000000ede80000)
  to   space 2560K, 0% used [0x00000000ed980000,0x00000000ed980000,0x00000000edc00000)
 ParOldGen       total 41472K, used 2030K [0x00000000c3000000, 0x00000000c5880000, 0x00000000eba80000)
  object space 41472K, 4% used [0x00000000c3000000,0x00000000c31fba70,0x00000000c5880000)
 PSPermGen       total 21504K, used 13340K [0x00000000b8a00000, 0x00000000b9f00000, 0x00000000c3000000)
  object space 21504K, 62% used [0x00000000b8a00000,0x00000000b9707328,0x00000000b9f00000)
Event: 6,211 GC heap after
Heap after GC invocations=3 (full 0):
 PSYoungGen      total 34304K, used 2544K [0x00000000eba80000, 0x00000000efd80000, 0x0000000100000000)
  eden space 31744K, 0% used [0x00000000eba80000,0x00000000eba80000,0x00000000ed980000)
  from space 2560K, 99% used [0x00000000ed980000,0x00000000edbfc010,0x00000000edc00000)
  to   space 2560K, 0% used [0x00000000efb00000,0x00000000efb00000,0x00000000efd80000)
 ParOldGen       total 41472K, used 6464K [0x00000000c3000000, 0x00000000c5880000, 0x00000000eba80000)
  object space 41472K, 15% used [0x00000000c3000000,0x00000000c3650050,0x00000000c5880000)
 PSPermGen       total 21504K, used 13340K [0x00000000b8a00000, 0x00000000b9f00000, 0x00000000c3000000)
  object space 21504K, 62% used [0x00000000b8a00000,0x00000000b9707328,0x00000000b9f00000)
}
Event: 6,900 GC heap before
{Heap before GC invocations=4 (full 0):
 PSYoungGen      total 34304K, used 34288K [0x00000000eba80000, 0x00000000efd80000, 0x0000000100000000)
  eden space 31744K, 100% used [0x00000000eba80000,0x00000000ed980000,0x00000000ed980000)
  from space 2560K, 99% used [0x00000000ed980000,0x00000000edbfc010,0x00000000edc00000)
  to   space 2560K, 0% used [0x00000000efb00000,0x00000000efb00000,0x00000000efd80000)
 ParOldGen       total 41472K, used 6464K [0x00000000c3000000, 0x00000000c5880000, 0x00000000eba80000)
  object space 41472K, 15% used [0x00000000c3000000,0x00000000c3650050,0x00000000c5880000)
 PSPermGen       total 21504K, used 14578K [0x00000000b8a00000, 0x00000000b9f00000, 0x00000000c3000000)
  object space 21504K, 67% used [0x00000000b8a00000,0x00000000b983c920,0x00000000b9f00000)
Event: 6,909 GC heap after
Heap after GC invocations=4 (full 0):
 PSYoungGen      total 66048K, used 2528K [0x00000000eba80000, 0x00000000efd80000, 0x0000000100000000)
  eden space 63488K, 0% used [0x00000000eba80000,0x00000000eba80000,0x00000000ef880000)
  from space 2560K, 98% used [0x00000000efb00000,0x00000000efd78040,0x00000000efd80000)
  to   space 2560K, 0% used [0x00000000ef880000,0x00000000ef880000,0x00000000efb00000)
 ParOldGen       total 41472K, used 10219K [0x00000000c3000000, 0x00000000c5880000, 0x00000000eba80000)
  object space 41472K, 24% used [0x00000000c3000000,0x00000000c39faef8,0x00000000c5880000)
 PSPermGen       total 21504K, used 14578K [0x00000000b8a00000, 0x00000000b9f00000, 0x00000000c3000000)
  object space 21504K, 67% used [0x00000000b8a00000,0x00000000b983c920,0x00000000b9f00000)
}
Event: 62,833 GC heap before
{Heap before GC invocations=5 (full 0):
 PSYoungGen      total 66048K, used 66016K [0x00000000eba80000, 0x00000000efd80000, 0x0000000100000000)
  eden space 63488K, 100% used [0x00000000eba80000,0x00000000ef880000,0x00000000ef880000)
  from space 2560K, 98% used [0x00000000efb00000,0x00000000efd78040,0x00000000efd80000)
  to   space 2560K, 0% used [0x00000000ef880000,0x00000000ef880000,0x00000000efb00000)
 ParOldGen       total 41472K, used 10219K [0x00000000c3000000, 0x00000000c5880000, 0x00000000eba80000)
  object space 41472K, 24% used [0x00000000c3000000,0x00000000c39faef8,0x00000000c5880000)
 PSPermGen       total 21504K, used 16781K [0x00000000b8a00000, 0x00000000b9f00000, 0x00000000c3000000)
  object space 21504K, 78% used [0x00000000b8a00000,0x00000000b9a635c8,0x00000000b9f00000)

Deoptimization events (10 events):
Event: 7,268 Thread 0x00007f3f2c00c000 Uncommon trap: reason=class_check action=maybe_recompile pc=0x00007f3f29080688 method=java.lang.StringCoding$StringDecoder.decode([BII)[C @ 30
Event: 7,268 Thread 0x00007f3f2c00c000 Uncommon trap: reason=class_check action=maybe_recompile pc=0x00007f3f29080688 method=java.lang.StringCoding$StringDecoder.decode([BII)[C @ 30
Event: 7,268 Thread 0x00007f3f2c00c000 Uncommon trap: reason=class_check action=maybe_recompile pc=0x00007f3f29080688 method=java.lang.StringCoding$StringDecoder.decode([BII)[C @ 30
Event: 7,288 Thread 0x00007f3f2c00c000 Uncommon trap: reason=unloaded action=reinterpret pc=0x00007f3f291026c0 method=javassist.bytecode.AttributeInfo.read(Ljavassist/bytecode/ConstPool;Ljava/io/DataInputStream;)Ljavassist/bytecode/AttributeInfo; @ 348
Event: 11,864 Thread 0x00007f3f2c00c000 Uncommon trap: reason=unloaded action=reinterpret pc=0x00007f3f290bf7f0 method=javassist.bytecode.ConstPool.readOne(Ljava/io/DataInputStream;)I @ 124
Event: 12,809 Thread 0x00007f3f2c00c000 Uncommon trap: reason=class_check action=maybe_recompile pc=0x00007f3f29077d4c method=java.lang.StringCoding$StringDecoder.decode([BII)[C @ 30
Event: 13,134 Thread 0x00007f3f2c00c000 Uncommon trap: reason=class_check action=maybe_recompile pc=0x00007f3f290c1670 method=java.io.BufferedInputStream.read([BII)I @ 101
Event: 13,332 Thread 0x00007f3f2c00c000 Uncommon trap: reason=class_check action=maybe_recompile pc=0x00007f3f290c1670 method=java.io.BufferedInputStream.read([BII)I @ 101
Event: 13,719 Thread 0x00007f3f2c00c000 Uncommon trap: reason=class_check action=maybe_recompile pc=0x00007f3f290c1670 method=java.io.BufferedInputStream.read([BII)I @ 101
Event: 62,351 Thread 0x00007f3f2c00c000 Uncommon trap: reason=class_check action=maybe_recompile pc=0x00007f3f29098088 method=java.util.Properties$LineReader.readLine()I @ 62

Internal exceptions (10 events):
Event: 13,815 Thread 0x00007f3f2c00c000 Threw 0x00000000ee873490 at /build/openjdk-7-FO0dNI/openjdk-7-7u79-2.5.6/build/openjdk/hotspot/src/share/vm/prims/jvm.cpp:1284
Event: 62,123 Thread 0x00007f3f2c00c000 Threw 0x00000000ef6f5828 at /build/openjdk-7-FO0dNI/openjdk-7-7u79-2.5.6/build/openjdk/hotspot/src/share/vm/prims/jvm.cpp:1284
Event: 62,123 Thread 0x00007f3f2c00c000 Threw 0x00000000ef6f9640 at /build/openjdk-7-FO0dNI/openjdk-7-7u79-2.5.6/build/openjdk/hotspot/src/share/vm/prims/jvm.cpp:1284
Event: 62,698 Thread 0x00007f3f2c00c000 Threw 0x00000000ef7108c0 at /build/openjdk-7-FO0dNI/openjdk-7-7u79-2.5.6/build/openjdk/hotspot/src/share/vm/prims/jvm.cpp:1284
Event: 62,698 Thread 0x00007f3f2c00c000 Threw 0x00000000ef714c58 at /build/openjdk-7-FO0dNI/openjdk-7-7u79-2.5.6/build/openjdk/hotspot/src/share/vm/prims/jvm.cpp:1284
Event: 62,699 Thread 0x00007f3f2c00c000 Threw 0x00000000ef71f878 at /build/openjdk-7-FO0dNI/openjdk-7-7u79-2.5.6/build/openjdk/hotspot/src/share/vm/prims/jvm.cpp:1284
Event: 62,699 Thread 0x00007f3f2c00c000 Threw 0x00000000ef723ed8 at /build/openjdk-7-FO0dNI/openjdk-7-7u79-2.5.6/build/openjdk/hotspot/src/share/vm/prims/jvm.cpp:1284
Event: 62,793 Thread 0x00007f3f2c00c000 Threw 0x00000000ef863240 at /build/openjdk-7-FO0dNI/openjdk-7-7u79-2.5.6/build/openjdk/hotspot/src/share/vm/prims/jvm.cpp:1284
Event: 62,794 Thread 0x00007f3f2c00c000 Threw 0x00000000ef868ba8 at /build/openjdk-7-FO0dNI/openjdk-7-7u79-2.5.6/build/openjdk/hotspot/src/share/vm/prims/jvm.cpp:1284
Event: 62,795 Thread 0x00007f3f2c00c000 Threw 0x00000000ef87af18 at /build/openjdk-7-FO0dNI/openjdk-7-7u79-2.5.6/build/openjdk/hotspot/src/share/vm/prims/jvm.cpp:1284

Events (10 events):
Event: 62,697 loading class 0x00007f3f003ba030 done
Event: 62,698 loading class 0x00007f3f2c7bed20
Event: 62,698 loading class 0x00007f3f2c7bed20 done
Event: 62,699 loading class 0x00007f3f2c7a6db0
Event: 62,699 loading class 0x00007f3f2c7a6db0 done
Event: 62,793 loading class 0x00007f3f2c7b8ef0
Event: 62,793 loading class 0x00007f3f2c7b8ef0 done
Event: 62,795 loading class 0x00007f3f2c7b84a0
Event: 62,795 loading class 0x00007f3f2c7b84a0 done
Event: 62,819 Executing VM operation: ParallelGCFailedAllocation


Dynamic libraries:
00400000-00401000 r-xp 00000000 08:05 800799                             /usr/lib/jvm/java-7-openjdk-amd64/jre/bin/java
00600000-00601000 r--p 00000000 08:05 800799                             /usr/lib/jvm/java-7-openjdk-amd64/jre/bin/java
00601000-00602000 rw-p 00001000 08:05 800799                             /usr/lib/jvm/java-7-openjdk-amd64/jre/bin/java
0245a000-0247b000 rw-p 00000000 00:00 0                                  [heap]
b8a00000-b9f00000 rw-p 00000000 00:00 0 
b9f00000-c3000000 rw-p 00000000 00:00 0 
c3000000-c5880000 rw-p 00000000 00:00 0 
c5880000-eba80000 rw-p 00000000 00:00 0 
eba80000-efd80000 rw-p 00000000 00:00 0 
f4a80000-100000000 rw-p 00000000 00:00 0 
7f3edc000000-7f3edc022000 rw-p 00000000 00:00 0 
7f3edc022000-7f3ee0000000 ---p 00000000 00:00 0 
7f3ee4000000-7f3ee4021000 rw-p 00000000 00:00 0 
7f3ee4021000-7f3ee8000000 ---p 00000000 00:00 0 
7f3eea528000-7f3eea529000 rw-p 00000000 00:00 0 
7f3eea529000-7f3eea57b000 r--p 00000000 08:05 5522                       /usr/share/fonts/truetype/dejavu/DejaVuSansMono.ttf
7f3eea57b000-7f3eea5d2000 r--p 00000000 08:05 133210                     /usr/share/fonts/truetype/ubuntu-font-family/Ubuntu-R.ttf
7f3eea5d2000-7f3eea5dd000 r--s 00000000 08:05 289543                     /var/cache/fontconfig/945677eb7aeaf62f1d50efc3fb3ec7d8-le64.cache-4
7f3eea5dd000-7f3eea5df000 r--s 00000000 08:05 292932                     /var/cache/fontconfig/99e8ed0e538f840c565b6ed5dad60d56-le64.cache-4
7f3eea5df000-7f3eea5e8000 r--s 00000000 08:05 292931                     /var/cache/fontconfig/a6d8cf8e4ec09cdbc8633c31745a07dd-le64.cache-4
7f3eea5e8000-7f3eea5ee000 r--s 00000000 08:05 289529                     /var/cache/fontconfig/2cd17615ca594fa2959ae173292e504c-le64.cache-4
7f3eea5ee000-7f3eea5f5000 r--s 00000000 08:05 289546                     /var/cache/fontconfig/a755afe4a08bf5b97852ceb7400b47bc-le64.cache-4
7f3eea5f5000-7f3eea5f6000 ---p 00000000 00:00 0 
7f3eea5f6000-7f3eeadf6000 rw-p 00000000 00:00 0                          [stack:14216]
7f3eeadf6000-7f3eeadf7000 ---p 00000000 00:00 0 
7f3eeadf7000-7f3eeb5f7000 rw-p 00000000 00:00 0                          [stack:14215]
7f3eeb5f7000-7f3eeb610000 r-xp 00000000 08:05 1047926                    /usr/lib/x86_64-linux-gnu/gio/modules/libgioremote-volume-monitor.so
7f3eeb610000-7f3eeb810000 ---p 00019000 08:05 1047926                    /usr/lib/x86_64-linux-gnu/gio/modules/libgioremote-volume-monitor.so
7f3eeb810000-7f3eeb813000 r--p 00019000 08:05 1047926                    /usr/lib/x86_64-linux-gnu/gio/modules/libgioremote-volume-monitor.so
7f3eeb813000-7f3eeb814000 rw-p 0001c000 08:05 1047926                    /usr/lib/x86_64-linux-gnu/gio/modules/libgioremote-volume-monitor.so
7f3eeb814000-7f3eeb858000 r-xp 00000000 08:05 657712                     /lib/x86_64-linux-gnu/libdbus-1.so.3.7.6
7f3eeb858000-7f3eeba57000 ---p 00044000 08:05 657712                     /lib/x86_64-linux-gnu/libdbus-1.so.3.7.6
7f3eeba57000-7f3eeba58000 r--p 00043000 08:05 657712                     /lib/x86_64-linux-gnu/libdbus-1.so.3.7.6
7f3eeba58000-7f3eeba59000 rw-p 00044000 08:05 657712                     /lib/x86_64-linux-gnu/libdbus-1.so.3.7.6
7f3eeba59000-7f3eeba61000 r-xp 00000000 08:05 657760                     /lib/x86_64-linux-gnu/libnih-dbus.so.1.0.0
7f3eeba61000-7f3eebc61000 ---p 00008000 08:05 657760                     /lib/x86_64-linux-gnu/libnih-dbus.so.1.0.0
7f3eebc61000-7f3eebc62000 r--p 00008000 08:05 657760                     /lib/x86_64-linux-gnu/libnih-dbus.so.1.0.0
7f3eebc62000-7f3eebc63000 rw-p 00009000 08:05 657760                     /lib/x86_64-linux-gnu/libnih-dbus.so.1.0.0
7f3eebc63000-7f3eebc7a000 r-xp 00000000 08:05 657762                     /lib/x86_64-linux-gnu/libnih.so.1.0.0
7f3eebc7a000-7f3eebe79000 ---p 00017000 08:05 657762                     /lib/x86_64-linux-gnu/libnih.so.1.0.0
7f3eebe79000-7f3eebe7a000 r--p 00016000 08:05 657762                     /lib/x86_64-linux-gnu/libnih.so.1.0.0
7f3eebe7a000-7f3eebe7b000 rw-p 00017000 08:05 657762                     /lib/x86_64-linux-gnu/libnih.so.1.0.0
7f3eebe7b000-7f3eebe94000 r-xp 00000000 08:05 657703                     /lib/x86_64-linux-gnu/libcgmanager.so.0.0.0
7f3eebe94000-7f3eec093000 ---p 00019000 08:05 657703                     /lib/x86_64-linux-gnu/libcgmanager.so.0.0.0
7f3eec093000-7f3eec095000 r--p 00018000 08:05 657703                     /lib/x86_64-linux-gnu/libcgmanager.so.0.0.0
7f3eec095000-7f3eec096000 rw-p 0001a000 08:05 657703                     /lib/x86_64-linux-gnu/libcgmanager.so.0.0.0
7f3eec096000-7f3eec0a6000 r-xp 00000000 08:05 657846                     /lib/x86_64-linux-gnu/libudev.so.1.3.5
7f3eec0a6000-7f3eec2a5000 ---p 00010000 08:05 657846                     /lib/x86_64-linux-gnu/libudev.so.1.3.5
7f3eec2a5000-7f3eec2a6000 r--p 0000f000 08:05 657846                     /lib/x86_64-linux-gnu/libudev.so.1.3.5
7f3eec2a6000-7f3eec2a7000 rw-p 00010000 08:05 657846                     /lib/x86_64-linux-gnu/libudev.so.1.3.5
7f3eec2a7000-7f3eec2db000 r-xp 00000000 08:05 1048227                    /usr/lib/x86_64-linux-gnu/gvfs/libgvfscommon.so
7f3eec2db000-7f3eec4db000 ---p 00034000 08:05 1048227                    /usr/lib/x86_64-linux-gnu/gvfs/libgvfscommon.so
7f3eec4db000-7f3eec4e0000 r--p 00034000 08:05 1048227                    /usr/lib/x86_64-linux-gnu/gvfs/libgvfscommon.so
7f3eec4e0000-7f3eec4e1000 rw-p 00039000 08:05 1048227                    /usr/lib/x86_64-linux-gnu/gvfs/libgvfscommon.so
7f3eec4e1000-7f3eec510000 r-xp 00000000 08:05 1047927                    /usr/lib/x86_64-linux-gnu/gio/modules/libgvfsdbus.so
7f3eec510000-7f3eec710000 ---p 0002f000 08:05 1047927                    /usr/lib/x86_64-linux-gnu/gio/modules/libgvfsdbus.so
7f3eec710000-7f3eec711000 r--p 0002f000 08:05 1047927                    /usr/lib/x86_64-linux-gnu/gio/modules/libgvfsdbus.so
7f3eec711000-7f3eec712000 rw-p 00030000 08:05 1047927                    /usr/lib/x86_64-linux-gnu/gio/modules/libgvfsdbus.so
7f3eec712000-7f3eec713000 rw-p 00000000 00:00 0 
7f3eec713000-7f3eec71e000 r-xp 00000000 08:05 1047922                    /usr/lib/x86_64-linux-gnu/gio/modules/libdconfsettings.so
7f3eec71e000-7f3eec91e000 ---p 0000b000 08:05 1047922                    /usr/lib/x86_64-linux-gnu/gio/modules/libdconfsettings.so
7f3eec91e000-7f3eec91f000 r--p 0000b000 08:05 1047922                    /usr/lib/x86_64-linux-gnu/gio/modules/libdconfsettings.so
7f3eec91f000-7f3eec920000 rw-p 0000c000 08:05 1047922                    /usr/lib/x86_64-linux-gnu/gio/modules/libdconfsettings.so
7f3eec920000-7f3eec927000 r-xp 00000000 08:05 922569                     /usr/lib/x86_64-linux-gnu/libogg.so.0.8.1
7f3eec927000-7f3eecb27000 ---p 00007000 08:05 922569                     /usr/lib/x86_64-linux-gnu/libogg.so.0.8.1
7f3eecb27000-7f3eecb28000 r--p 00007000 08:05 922569                     /usr/lib/x86_64-linux-gnu/libogg.so.0.8.1
7f3eecb28000-7f3eecb29000 rw-p 00008000 08:05 922569                     /usr/lib/x86_64-linux-gnu/libogg.so.0.8.1
7f3eecb29000-7f3eecb55000 r-xp 00000000 08:05 922843                     /usr/lib/x86_64-linux-gnu/libvorbis.so.0.4.5
7f3eecb55000-7f3eecd54000 ---p 0002c000 08:05 922843                     /usr/lib/x86_64-linux-gnu/libvorbis.so.0.4.5
7f3eecd54000-7f3eecd55000 r--p 0002b000 08:05 922843                     /usr/lib/x86_64-linux-gnu/libvorbis.so.0.4.5
7f3eecd55000-7f3eecd56000 rw-p 0002c000 08:05 922843                     /usr/lib/x86_64-linux-gnu/libvorbis.so.0.4.5
7f3eecd56000-7f3eecd5f000 r-xp 00000000 08:05 922475                     /usr/lib/x86_64-linux-gnu/libltdl.so.7.3.0
7f3eecd5f000-7f3eecf5e000 ---p 00009000 08:05 922475                     /usr/lib/x86_64-linux-gnu/libltdl.so.7.3.0
7f3eecf5e000-7f3eecf5f000 r--p 00008000 08:05 922475                     /usr/lib/x86_64-linux-gnu/libltdl.so.7.3.0
7f3eecf5f000-7f3eecf60000 rw-p 00009000 08:05 922475                     /usr/lib/x86_64-linux-gnu/libltdl.so.7.3.0
7f3eecf60000-7f3eecf71000 r-xp 00000000 08:05 922764                     /usr/lib/x86_64-linux-gnu/libtdb.so.1.2.12
7f3eecf71000-7f3eed170000 ---p 00011000 08:05 922764                     /usr/lib/x86_64-linux-gnu/libtdb.so.1.2.12
7f3eed170000-7f3eed171000 r--p 00010000 08:05 922764                     /usr/lib/x86_64-linux-gnu/libtdb.so.1.2.12
7f3eed171000-7f3eed172000 rw-p 00011000 08:05 922764                     /usr/lib/x86_64-linux-gnu/libtdb.so.1.2.12
7f3eed172000-7f3eed179000 r-xp 00000000 08:05 922847                     /usr/lib/x86_64-linux-gnu/libvorbisfile.so.3.3.4
7f3eed179000-7f3eed378000 ---p 00007000 08:05 922847                     /usr/lib/x86_64-linux-gnu/libvorbisfile.so.3.3.4
7f3eed378000-7f3eed379000 r--p 00006000 08:05 922847                     /usr/lib/x86_64-linux-gnu/libvorbisfile.so.3.3.4
7f3eed379000-7f3eed37a000 rw-p 00007000 08:05 922847                     /usr/lib/x86_64-linux-gnu/libvorbisfile.so.3.3.4
7f3eed37a000-7f3eed389000 r-xp 00000000 08:05 921989                     /usr/lib/x86_64-linux-gnu/libcanberra.so.0.2.5
7f3eed389000-7f3eed588000 ---p 0000f000 08:05 921989                     /usr/lib/x86_64-linux-gnu/libcanberra.so.0.2.5
7f3eed588000-7f3eed589000 r--p 0000e000 08:05 921989                     /usr/lib/x86_64-linux-gnu/libcanberra.so.0.2.5
7f3eed589000-7f3eed58a000 rw-p 0000f000 08:05 921989                     /usr/lib/x86_64-linux-gnu/libcanberra.so.0.2.5
7f3eed58a000-7f3eed58e000 r-xp 00000000 08:05 921985                     /usr/lib/x86_64-linux-gnu/libcanberra-gtk.so.0.1.9
7f3eed58e000-7f3eed78d000 ---p 00004000 08:05 921985                     /usr/lib/x86_64-linux-gnu/libcanberra-gtk.so.0.1.9
7f3eed78d000-7f3eed78e000 r--p 00003000 08:05 921985                     /usr/lib/x86_64-linux-gnu/libcanberra-gtk.so.0.1.9
7f3eed78e000-7f3eed78f000 rw-p 00004000 08:05 921985                     /usr/lib/x86_64-linux-gnu/libcanberra-gtk.so.0.1.9
7f3eed78f000-7f3eed794000 r-xp 00000000 08:05 1048177                    /usr/lib/x86_64-linux-gnu/gtk-2.0/modules/libcanberra-gtk-module.so
7f3eed794000-7f3eed993000 ---p 00005000 08:05 1048177                    /usr/lib/x86_64-linux-gnu/gtk-2.0/modules/libcanberra-gtk-module.so
7f3eed993000-7f3eed994000 r--p 00004000 08:05 1048177                    /usr/lib/x86_64-linux-gnu/gtk-2.0/modules/libcanberra-gtk-module.so
7f3eed994000-7f3eed995000 rw-p 00005000 08:05 1048177                    /usr/lib/x86_64-linux-gnu/gtk-2.0/modules/libcanberra-gtk-module.so
7f3eed995000-7f3eed9c4000 r-xp 00000000 08:05 1048159                    /usr/lib/x86_64-linux-gnu/gtk-2.0/2.10.0/engines/libmurrine.so
7f3eed9c4000-7f3eedbc4000 ---p 0002f000 08:05 1048159                    /usr/lib/x86_64-linux-gnu/gtk-2.0/2.10.0/engines/libmurrine.so
7f3eedbc4000-7f3eedbc5000 r--p 0002f000 08:05 1048159                    /usr/lib/x86_64-linux-gnu/gtk-2.0/2.10.0/engines/libmurrine.so
7f3eedbc5000-7f3eedbc6000 rw-p 00030000 08:05 1048159                    /usr/lib/x86_64-linux-gnu/gtk-2.0/2.10.0/engines/libmurrine.so
7f3eedbc6000-7f3eedbd6000 r-xp 00000000 08:05 922813                     /usr/lib/x86_64-linux-gnu/libunity-gtk2-parser.so.0.0.0
7f3eedbd6000-7f3eeddd5000 ---p 00010000 08:05 922813                     /usr/lib/x86_64-linux-gnu/libunity-gtk2-parser.so.0.0.0
7f3eeddd5000-7f3eeddd6000 r--p 0000f000 08:05 922813                     /usr/lib/x86_64-linux-gnu/libunity-gtk2-parser.so.0.0.0
7f3eeddd6000-7f3eeddd7000 rw-p 00010000 08:05 922813                     /usr/lib/x86_64-linux-gnu/libunity-gtk2-parser.so.0.0.0
7f3eeddd7000-7f3eedddc000 r-xp 00000000 08:05 1048181                    /usr/lib/x86_64-linux-gnu/gtk-2.0/modules/libunity-gtk-module.so
7f3eedddc000-7f3eedfdb000 ---p 00005000 08:05 1048181                    /usr/lib/x86_64-linux-gnu/gtk-2.0/modules/libunity-gtk-module.so
7f3eedfdb000-7f3eedfdc000 r--p 00004000 08:05 1048181                    /usr/lib/x86_64-linux-gnu/gtk-2.0/modules/libunity-gtk-module.so
7f3eedfdc000-7f3eedfdd000 rw-p 00005000 08:05 1048181                    /usr/lib/x86_64-linux-gnu/gtk-2.0/modules/libunity-gtk-module.so
7f3eedfdd000-7f3eedfee000 r-xp 00000000 08:05 1048180                    /usr/lib/x86_64-linux-gnu/gtk-2.0/modules/liboverlay-scrollbar.so
7f3eedfee000-7f3eee1ed000 ---p 00011000 08:05 1048180                    /usr/lib/x86_64-linux-gnu/gtk-2.0/modules/liboverlay-scrollbar.so
7f3eee1ed000-7f3eee1ee000 r--p 00010000 08:05 1048180                    /usr/lib/x86_64-linux-gnu/gtk-2.0/modules/liboverlay-scrollbar.so
7f3eee1ee000-7f3eee1ef000 rw-p 00011000 08:05 1048180                    /usr/lib/x86_64-linux-gnu/gtk-2.0/modules/liboverlay-scrollbar.so
7f3eee1ef000-7f3eee1f5000 r-xp 00000000 08:05 922053                     /usr/lib/x86_64-linux-gnu/libdatrie.so.1.3.1
7f3eee1f5000-7f3eee3f4000 ---p 00006000 08:05 922053                     /usr/lib/x86_64-linux-gnu/libdatrie.so.1.3.1
7f3eee3f4000-7f3eee3f5000 r--p 00005000 08:05 922053                     /usr/lib/x86_64-linux-gnu/libdatrie.so.1.3.1
7f3eee3f5000-7f3eee3f6000 rw-p 00006000 08:05 922053                     /usr/lib/x86_64-linux-gnu/libdatrie.so.1.3.1
7f3eee3f6000-7f3eee410000 r-xp 00000000 08:05 922279                     /usr/lib/x86_64-linux-gnu/libgraphite2.so.3.0.1
7f3eee410000-7f3eee60f000 ---p 0001a000 08:05 922279                     /usr/lib/x86_64-linux-gnu/libgraphite2.so.3.0.1
7f3eee60f000-7f3eee611000 r--p 00019000 08:05 922279                     /usr/lib/x86_64-linux-gnu/libgraphite2.so.3.0.1
7f3eee611000-7f3eee612000 rw-p 0001b000 08:05 922279                     /usr/lib/x86_64-linux-gnu/libgraphite2.so.3.0.1
7f3eee612000-7f3eee617000 r-xp 00000000 08:05 921861                     /usr/lib/x86_64-linux-gnu/libXdmcp.so.6.0.0
7f3eee617000-7f3eee816000 ---p 00005000 08:05 921861                     /usr/lib/x86_64-linux-gnu/libXdmcp.so.6.0.0
7f3eee816000-7f3eee817000 r--p 00004000 08:05 921861                     /usr/lib/x86_64-linux-gnu/libXdmcp.so.6.0.0
7f3eee817000-7f3eee818000 rw-p 00005000 08:05 921861                     /usr/lib/x86_64-linux-gnu/libXdmcp.so.6.0.0
7f3eee818000-7f3eee81a000 r-xp 00000000 08:05 921850                     /usr/lib/x86_64-linux-gnu/libXau.so.6.0.0
7f3eee81a000-7f3eeea1a000 ---p 00002000 08:05 921850                     /usr/lib/x86_64-linux-gnu/libXau.so.6.0.0
7f3eeea1a000-7f3eeea1b000 r--p 00002000 08:05 921850                     /usr/lib/x86_64-linux-gnu/libXau.so.6.0.0
7f3eeea1b000-7f3eeea1c000 rw-p 00003000 08:05 921850                     /usr/lib/x86_64-linux-gnu/libXau.so.6.0.0
7f3eeea1c000-7f3eeea59000 r-xp 00000000 08:05 657801                     /lib/x86_64-linux-gnu/libpcre.so.3.13.1
7f3eeea59000-7f3eeec58000 ---p 0003d000 08:05 657801                     /lib/x86_64-linux-gnu/libpcre.so.3.13.1
7f3eeec58000-7f3eeec59000 r--p 0003c000 08:05 657801                     /lib/x86_64-linux-gnu/libpcre.so.3.13.1
7f3eeec59000-7f3eeec5a000 rw-p 0003d000 08:05 657801                     /lib/x86_64-linux-gnu/libpcre.so.3.13.1
7f3eeec5a000-7f3eeec61000 r-xp 00000000 08:05 922132                     /usr/lib/x86_64-linux-gnu/libffi.so.6.0.1
7f3eeec61000-7f3eeee60000 ---p 00007000 08:05 922132                     /usr/lib/x86_64-linux-gnu/libffi.so.6.0.1
7f3eeee60000-7f3eeee61000 r--p 00006000 08:05 922132                     /usr/lib/x86_64-linux-gnu/libffi.so.6.0.1
7f3eeee61000-7f3eeee62000 rw-p 00007000 08:05 922132                     /usr/lib/x86_64-linux-gnu/libffi.so.6.0.1
7f3eeee62000-7f3eeee89000 r-xp 00000000 08:05 657720                     /lib/x86_64-linux-gnu/libexpat.so.1.6.0
7f3eeee89000-7f3eef089000 ---p 00027000 08:05 657720                     /lib/x86_64-linux-gnu/libexpat.so.1.6.0
7f3eef089000-7f3eef08b000 r--p 00027000 08:05 657720                     /lib/x86_64-linux-gnu/libexpat.so.1.6.0
7f3eef08b000-7f3eef08c000 rw-p 00029000 08:05 657720                     /lib/x86_64-linux-gnu/libexpat.so.1.6.0
7f3eef08c000-7f3eef094000 r-xp 00000000 08:05 922776                     /usr/lib/x86_64-linux-gnu/libthai.so.0.2.0
7f3eef094000-7f3eef293000 ---p 00008000 08:05 922776                     /usr/lib/x86_64-linux-gnu/libthai.so.0.2.0
7f3eef293000-7f3eef294000 r--p 00007000 08:05 922776                     /usr/lib/x86_64-linux-gnu/libthai.so.0.2.0
7f3eef294000-7f3eef295000 rw-p 00008000 08:05 922776                     /usr/lib/x86_64-linux-gnu/libthai.so.0.2.0
7f3eef295000-7f3eef2e8000 r-xp 00000000 08:05 922392                     /usr/lib/x86_64-linux-gnu/libharfbuzz.so.0.927.0
7f3eef2e8000-7f3eef4e8000 ---p 00053000 08:05 922392                     /usr/lib/x86_64-linux-gnu/libharfbuzz.so.0.927.0
7f3eef4e8000-7f3eef4e9000 r--p 00053000 08:05 922392                     /usr/lib/x86_64-linux-gnu/libharfbuzz.so.0.927.0
7f3eef4e9000-7f3eef4ea000 rw-p 00054000 08:05 922392                     /usr/lib/x86_64-linux-gnu/libharfbuzz.so.0.927.0
7f3eef4ea000-7f3eef501000 r-xp 00000000 08:05 657824                     /lib/x86_64-linux-gnu/libresolv-2.19.so
7f3eef501000-7f3eef701000 ---p 00017000 08:05 657824                     /lib/x86_64-linux-gnu/libresolv-2.19.so
7f3eef701000-7f3eef702000 r--p 00017000 08:05 657824                     /lib/x86_64-linux-gnu/libresolv-2.19.so
7f3eef702000-7f3eef703000 rw-p 00018000 08:05 657824                     /lib/x86_64-linux-gnu/libresolv-2.19.so
7f3eef703000-7f3eef705000 rw-p 00000000 00:00 0 
7f3eef705000-7f3eef725000 r-xp 00000000 08:05 657828                     /lib/x86_64-linux-gnu/libselinux.so.1
7f3eef725000-7f3eef924000 ---p 00020000 08:05 657828                     /lib/x86_64-linux-gnu/libselinux.so.1
7f3eef924000-7f3eef925000 r--p 0001f000 08:05 657828                     /lib/x86_64-linux-gnu/libselinux.so.1
7f3eef925000-7f3eef926000 rw-p 00020000 08:05 657828                     /lib/x86_64-linux-gnu/libselinux.so.1
7f3eef926000-7f3eef928000 rw-p 00000000 00:00 0 
7f3eef928000-7f3eef930000 r-xp 00000000 08:05 922902                     /usr/lib/x86_64-linux-gnu/libxcb-render.so.0.0.0
7f3eef930000-7f3eefb2f000 ---p 00008000 08:05 922902                     /usr/lib/x86_64-linux-gnu/libxcb-render.so.0.0.0
7f3eefb2f000-7f3eefb30000 r--p 00007000 08:05 922902                     /usr/lib/x86_64-linux-gnu/libxcb-render.so.0.0.0
7f3eefb30000-7f3eefb31000 rw-p 00008000 08:05 922902                     /usr/lib/x86_64-linux-gnu/libxcb-render.so.0.0.0
7f3eefb31000-7f3eefb33000 r-xp 00000000 08:05 922906                     /usr/lib/x86_64-linux-gnu/libxcb-shm.so.0.0.0
7f3eefb33000-7f3eefd32000 ---p 00002000 08:05 922906                     /usr/lib/x86_64-linux-gnu/libxcb-shm.so.0.0.0
7f3eefd32000-7f3eefd33000 r--p 00001000 08:05 922906                     /usr/lib/x86_64-linux-gnu/libxcb-shm.so.0.0.0
7f3eefd33000-7f3eefd34000 rw-p 00002000 08:05 922906                     /usr/lib/x86_64-linux-gnu/libxcb-shm.so.0.0.0
7f3eefd34000-7f3eefd59000 r-xp 00000000 08:05 657813                     /lib/x86_64-linux-gnu/libpng12.so.0.50.0
7f3eefd59000-7f3eeff58000 ---p 00025000 08:05 657813                     /lib/x86_64-linux-gnu/libpng12.so.0.50.0
7f3eeff58000-7f3eeff59000 r--p 00024000 08:05 657813                     /lib/x86_64-linux-gnu/libpng12.so.0.50.0
7f3eeff59000-7f3eeff5a000 rw-p 00025000 08:05 657813                     /lib/x86_64-linux-gnu/libpng12.so.0.50.0
7f3eeff5a000-7f3eefffb000 r-xp 00000000 08:05 922608                     /usr/lib/x86_64-linux-gnu/libpixman-1.so.0.30.2
7f3eefffb000-7f3ef01fb000 ---p 000a1000 08:05 922608                     /usr/lib/x86_64-linux-gnu/libpixman-1.so.0.30.2
7f3ef01fb000-7f3ef0202000 r--p 000a1000 08:05 922608                     /usr/lib/x86_64-linux-gnu/libpixman-1.so.0.30.2
7f3ef0202000-7f3ef0203000 rw-p 000a8000 08:05 922608                     /usr/lib/x86_64-linux-gnu/libpixman-1.so.0.30.2
7f3ef0203000-7f3ef0220000 r-xp 00000000 08:05 922916                     /usr/lib/x86_64-linux-gnu/libxcb.so.1.1.0
7f3ef0220000-7f3ef0420000 ---p 0001d000 08:05 922916                     /usr/lib/x86_64-linux-gnu/libxcb.so.1.1.0
7f3ef0420000-7f3ef0421000 r--p 0001d000 08:05 922916                     /usr/lib/x86_64-linux-gnu/libxcb.so.1.1.0
7f3ef0421000-7f3ef0422000 rw-p 0001e000 08:05 922916                     /usr/lib/x86_64-linux-gnu/libxcb.so.1.1.0
7f3ef0422000-7f3ef04bf000 r-xp 00000000 08:05 922174                     /usr/lib/x86_64-linux-gnu/libfreetype.so.6.11.1
7f3ef04bf000-7f3ef06be000 ---p 0009d000 08:05 922174                     /usr/lib/x86_64-linux-gnu/libfreetype.so.6.11.1
7f3ef06be000-7f3ef06c4000 r--p 0009c000 08:05 922174                     /usr/lib/x86_64-linux-gnu/libfreetype.so.6.11.1
7f3ef06c4000-7f3ef06c5000 rw-p 000a2000 08:05 922174                     /usr/lib/x86_64-linux-gnu/libfreetype.so.6.11.1
7f3ef06c5000-7f3ef06c7000 r-xp 00000000 08:05 921859                     /usr/lib/x86_64-linux-gnu/libXdamage.so.1.1.0
7f3ef06c7000-7f3ef08c6000 ---p 00002000 08:05 921859                     /usr/lib/x86_64-linux-gnu/libXdamage.so.1.1.0
7f3ef08c6000-7f3ef08c7000 r--p 00001000 08:05 921859                     /usr/lib/x86_64-linux-gnu/libXdamage.so.1.1.0
7f3ef08c7000-7f3ef08c8000 rw-p 00002000 08:05 921859                     /usr/lib/x86_64-linux-gnu/libXdamage.so.1.1.0
7f3ef08c8000-7f3ef08ca000 r-xp 00000000 08:05 921855                     /usr/lib/x86_64-linux-gnu/libXcomposite.so.1.0.0
7f3ef08ca000-7f3ef0ac9000 ---p 00002000 08:05 921855                     /usr/lib/x86_64-linux-gnu/libXcomposite.so.1.0.0
7f3ef0ac9000-7f3ef0aca000 r--p 00001000 08:05 921855                     /usr/lib/x86_64-linux-gnu/libXcomposite.so.1.0.0
7f3ef0aca000-7f3ef0acb000 rw-p 00002000 08:05 921855                     /usr/lib/x86_64-linux-gnu/libXcomposite.so.1.0.0
7f3ef0acb000-7f3ef0ad4000 r-xp 00000000 08:05 921857                     /usr/lib/x86_64-linux-gnu/libXcursor.so.1.0.2
7f3ef0ad4000-7f3ef0cd3000 ---p 00009000 08:05 921857                     /usr/lib/x86_64-linux-gnu/libXcursor.so.1.0.2
7f3ef0cd3000-7f3ef0cd4000 r--p 00008000 08:05 921857                     /usr/lib/x86_64-linux-gnu/libXcursor.so.1.0.2
7f3ef0cd4000-7f3ef0cd5000 rw-p 00009000 08:05 921857                     /usr/lib/x86_64-linux-gnu/libXcursor.so.1.0.2
7f3ef0cd5000-7f3ef0cde000 r-xp 00000000 08:05 921883                     /usr/lib/x86_64-linux-gnu/libXrandr.so.2.2.0
7f3ef0cde000-7f3ef0edd000 ---p 00009000 08:05 921883                     /usr/lib/x86_64-linux-gnu/libXrandr.so.2.2.0
7f3ef0edd000-7f3ef0ede000 r--p 00008000 08:05 921883                     /usr/lib/x86_64-linux-gnu/libXrandr.so.2.2.0
7f3ef0ede000-7f3ef0edf000 rw-p 00009000 08:05 921883                     /usr/lib/x86_64-linux-gnu/libXrandr.so.2.2.0
7f3ef0edf000-7f3ef0eee000 r-xp 00000000 08:05 921871                     /usr/lib/x86_64-linux-gnu/libXi.so.6.1.0
7f3ef0eee000-7f3ef10ed000 ---p 0000f000 08:05 921871                     /usr/lib/x86_64-linux-gnu/libXi.so.6.1.0
7f3ef10ed000-7f3ef10ee000 r--p 0000e000 08:05 921871                     /usr/lib/x86_64-linux-gnu/libXi.so.6.1.0
7f3ef10ee000-7f3ef10ef000 rw-p 0000f000 08:05 921871                     /usr/lib/x86_64-linux-gnu/libXi.so.6.1.0
7f3ef10ef000-7f3ef10f1000 r-xp 00000000 08:05 921873                     /usr/lib/x86_64-linux-gnu/libXinerama.so.1.0.0
7f3ef10f1000-7f3ef12f0000 ---p 00002000 08:05 921873                     /usr/lib/x86_64-linux-gnu/libXinerama.so.1.0.0
7f3ef12f0000-7f3ef12f1000 r--p 00001000 08:05 921873                     /usr/lib/x86_64-linux-gnu/libXinerama.so.1.0.0
7f3ef12f1000-7f3ef12f2000 rw-p 00002000 08:05 921873                     /usr/lib/x86_64-linux-gnu/libXinerama.so.1.0.0
7f3ef12f2000-7f3ef12fb000 r-xp 00000000 08:05 921885                     /usr/lib/x86_64-linux-gnu/libXrender.so.1.3.0
7f3ef12fb000-7f3ef14fa000 ---p 00009000 08:05 921885                     /usr/lib/x86_64-linux-gnu/libXrender.so.1.3.0
7f3ef14fa000-7f3ef14fb000 r--p 00008000 08:05 921885                     /usr/lib/x86_64-linux-gnu/libXrender.so.1.3.0
7f3ef14fb000-7f3ef14fc000 rw-p 00009000 08:05 921885                     /usr/lib/x86_64-linux-gnu/libXrender.so.1.3.0
7f3ef14fc000-7f3ef150d000 r-xp 00000000 08:05 921863                     /usr/lib/x86_64-linux-gnu/libXext.so.6.4.0
7f3ef150d000-7f3ef170c000 ---p 00011000 08:05 921863                     /usr/lib/x86_64-linux-gnu/libXext.so.6.4.0
7f3ef170c000-7f3ef170d000 r--p 00010000 08:05 921863                     /usr/lib/x86_64-linux-gnu/libXext.so.6.4.0
7f3ef170d000-7f3ef170e000 rw-p 00011000 08:05 921863                     /usr/lib/x86_64-linux-gnu/libXext.so.6.4.0
7f3ef170e000-7f3ef1814000 r-xp 00000000 08:05 657729                     /lib/x86_64-linux-gnu/libglib-2.0.so.0.4002.0
7f3ef1814000-7f3ef1a13000 ---p 00106000 08:05 657729                     /lib/x86_64-linux-gnu/libglib-2.0.so.0.4002.0
7f3ef1a13000-7f3ef1a14000 r--p 00105000 08:05 657729                     /lib/x86_64-linux-gnu/libglib-2.0.so.0.4002.0
7f3ef1a14000-7f3ef1a15000 rw-p 00106000 08:05 657729                     /lib/x86_64-linux-gnu/libglib-2.0.so.0.4002.0
7f3ef1a15000-7f3ef1a16000 rw-p 00000000 00:00 0 
7f3ef1a16000-7f3ef1a65000 r-xp 00000000 08:05 922261                     /usr/lib/x86_64-linux-gnu/libgobject-2.0.so.0.4002.0
7f3ef1a65000-7f3ef1c65000 ---p 0004f000 08:05 922261                     /usr/lib/x86_64-linux-gnu/libgobject-2.0.so.0.4002.0
7f3ef1c65000-7f3ef1c66000 r--p 0004f000 08:05 922261                     /usr/lib/x86_64-linux-gnu/libgobject-2.0.so.0.4002.0
7f3ef1c66000-7f3ef1c67000 rw-p 00050000 08:05 922261                     /usr/lib/x86_64-linux-gnu/libgobject-2.0.so.0.4002.0
7f3ef1c67000-7f3ef1ca1000 r-xp 00000000 08:05 922146                     /usr/lib/x86_64-linux-gnu/libfontconfig.so.1.8.0
7f3ef1ca1000-7f3ef1ea0000 ---p 0003a000 08:05 922146                     /usr/lib/x86_64-linux-gnu/libfontconfig.so.1.8.0
7f3ef1ea0000-7f3ef1ea2000 r--p 00039000 08:05 922146                     /usr/lib/x86_64-linux-gnu/libfontconfig.so.1.8.0
7f3ef1ea2000-7f3ef1ea3000 rw-p 0003b000 08:05 922146                     /usr/lib/x86_64-linux-gnu/libfontconfig.so.1.8.0
7f3ef1ea3000-7f3ef1eed000 r-xp 00000000 08:05 922585                     /usr/lib/x86_64-linux-gnu/libpango-1.0.so.0.3600.3
7f3ef1eed000-7f3ef20ed000 ---p 0004a000 08:05 922585                     /usr/lib/x86_64-linux-gnu/libpango-1.0.so.0.3600.3
7f3ef20ed000-7f3ef20ef000 r--p 0004a000 08:05 922585                     /usr/lib/x86_64-linux-gnu/libpango-1.0.so.0.3600.3
7f3ef20ef000-7f3ef20f0000 rw-p 0004c000 08:05 922585                     /usr/lib/x86_64-linux-gnu/libpango-1.0.so.0.3600.3
7f3ef20f0000-7f3ef2104000 r-xp 00000000 08:05 922589                     /usr/lib/x86_64-linux-gnu/libpangoft2-1.0.so.0.3600.3
7f3ef2104000-7f3ef2303000 ---p 00014000 08:05 922589                     /usr/lib/x86_64-linux-gnu/libpangoft2-1.0.so.0.3600.3
7f3ef2303000-7f3ef2304000 r--p 00013000 08:05 922589                     /usr/lib/x86_64-linux-gnu/libpangoft2-1.0.so.0.3600.3
7f3ef2304000-7f3ef2305000 rw-p 00014000 08:05 922589                     /usr/lib/x86_64-linux-gnu/libpangoft2-1.0.so.0.3600.3
7f3ef2305000-7f3ef2471000 r-xp 00000000 08:05 922233                     /usr/lib/x86_64-linux-gnu/libgio-2.0.so.0.4002.0
7f3ef2471000-7f3ef2670000 ---p 0016c000 08:05 922233                     /usr/lib/x86_64-linux-gnu/libgio-2.0.so.0.4002.0
7f3ef2670000-7f3ef2674000 r--p 0016b000 08:05 922233                     /usr/lib/x86_64-linux-gnu/libgio-2.0.so.0.4002.0
7f3ef2674000-7f3ef2676000 rw-p 0016f000 08:05 922233                     /usr/lib/x86_64-linux-gnu/libgio-2.0.so.0.4002.0
7f3ef2676000-7f3ef2678000 rw-p 00000000 00:00 0 
7f3ef2678000-7f3ef2697000 r-xp 00000000 08:05 922209                     /usr/lib/x86_64-linux-gnu/libgdk_pixbuf-2.0.so.0.3000.7
7f3ef2697000-7f3ef2897000 ---p 0001f000 08:05 922209                     /usr/lib/x86_64-linux-gnu/libgdk_pixbuf-2.0.so.0.3000.7
7f3ef2897000-7f3ef2898000 r--p 0001f000 08:05 922209                     /usr/lib/x86_64-linux-gnu/libgdk_pixbuf-2.0.so.0.3000.7
7f3ef2898000-7f3ef2899000 rw-p 00020000 08:05 922209                     /usr/lib/x86_64-linux-gnu/libgdk_pixbuf-2.0.so.0.3000.7
7f3ef2899000-7f3ef299f000 r-xp 00000000 08:05 921981                     /usr/lib/x86_64-linux-gnu/libcairo.so.2.11301.0
7f3ef299f000-7f3ef2b9e000 ---p 00106000 08:05 921981                     /usr/lib/x86_64-linux-gnu/libcairo.so.2.11301.0
7f3ef2b9e000-7f3ef2ba1000 r--p 00105000 08:05 921981                     /usr/lib/x86_64-linux-gnu/libcairo.so.2.11301.0
7f3ef2ba1000-7f3ef2ba2000 rw-p 00108000 08:05 921981                     /usr/lib/x86_64-linux-gnu/libcairo.so.2.11301.0
7f3ef2ba2000-7f3ef2ba4000 rw-p 00000000 00:00 0 
7f3ef2ba4000-7f3ef2bc3000 r-xp 00000000 08:05 921942                     /usr/lib/x86_64-linux-gnu/libatk-1.0.so.0.21009.1
7f3ef2bc3000-7f3ef2dc3000 ---p 0001f000 08:05 921942                     /usr/lib/x86_64-linux-gnu/libatk-1.0.so.0.21009.1
7f3ef2dc3000-7f3ef2dc5000 r--p 0001f000 08:05 921942                     /usr/lib/x86_64-linux-gnu/libatk-1.0.so.0.21009.1
7f3ef2dc5000-7f3ef2dc6000 rw-p 00021000 08:05 921942                     /usr/lib/x86_64-linux-gnu/libatk-1.0.so.0.21009.1
7f3ef2dc6000-7f3ef2dcb000 r-xp 00000000 08:05 921865                     /usr/lib/x86_64-linux-gnu/libXfixes.so.3.1.0
7f3ef2dcb000-7f3ef2fca000 ---p 00005000 08:05 921865                     /usr/lib/x86_64-linux-gnu/libXfixes.so.3.1.0
7f3ef2fca000-7f3ef2fcb000 r--p 00004000 08:05 921865                     /usr/lib/x86_64-linux-gnu/libXfixes.so.3.1.0
7f3ef2fcb000-7f3ef2fcc000 rw-p 00005000 08:05 921865                     /usr/lib/x86_64-linux-gnu/libXfixes.so.3.1.0
7f3ef2fcc000-7f3ef30fc000 r-xp 00000000 08:05 921846                     /usr/lib/x86_64-linux-gnu/libX11.so.6.3.0
7f3ef30fc000-7f3ef32fc000 ---p 00130000 08:05 921846                     /usr/lib/x86_64-linux-gnu/libX11.so.6.3.0
7f3ef32fc000-7f3ef32fd000 r--p 00130000 08:05 921846                     /usr/lib/x86_64-linux-gnu/libX11.so.6.3.0
7f3ef32fd000-7f3ef3301000 rw-p 00131000 08:05 921846                     /usr/lib/x86_64-linux-gnu/libX11.so.6.3.0
7f3ef3301000-7f3ef330c000 r-xp 00000000 08:05 922587                     /usr/lib/x86_64-linux-gnu/libpangocairo-1.0.so.0.3600.3
7f3ef330c000-7f3ef350c000 ---p 0000b000 08:05 922587                     /usr/lib/x86_64-linux-gnu/libpangocairo-1.0.so.0.3600.3
7f3ef350c000-7f3ef350d000 r--p 0000b000 08:05 922587                     /usr/lib/x86_64-linux-gnu/libpangocairo-1.0.so.0.3600.3
7f3ef350d000-7f3ef350e000 rw-p 0000c000 08:05 922587                     /usr/lib/x86_64-linux-gnu/libpangocairo-1.0.so.0.3600.3
7f3ef350e000-7f3ef3511000 r-xp 00000000 08:05 922245                     /usr/lib/x86_64-linux-gnu/libgmodule-2.0.so.0.4002.0
7f3ef3511000-7f3ef3710000 ---p 00003000 08:05 922245                     /usr/lib/x86_64-linux-gnu/libgmodule-2.0.so.0.4002.0
7f3ef3710000-7f3ef3711000 r--p 00002000 08:05 922245                     /usr/lib/x86_64-linux-gnu/libgmodule-2.0.so.0.4002.0
7f3ef3711000-7f3ef3712000 rw-p 00003000 08:05 922245                     /usr/lib/x86_64-linux-gnu/libgmodule-2.0.so.0.4002.0
7f3ef3712000-7f3ef37bf000 r-xp 00000000 08:05 922207                     /usr/lib/x86_64-linux-gnu/libgdk-x11-2.0.so.0.2400.23
7f3ef37bf000-7f3ef39be000 ---p 000ad000 08:05 922207                     /usr/lib/x86_64-linux-gnu/libgdk-x11-2.0.so.0.2400.23
7f3ef39be000-7f3ef39c2000 r--p 000ac000 08:05 922207                     /usr/lib/x86_64-linux-gnu/libgdk-x11-2.0.so.0.2400.23
7f3ef39c2000-7f3ef39c4000 rw-p 000b0000 08:05 922207                     /usr/lib/x86_64-linux-gnu/libgdk-x11-2.0.so.0.2400.23
7f3ef39c4000-7f3ef3df3000 r-xp 00000000 08:05 922372                     /usr/lib/x86_64-linux-gnu/libgtk-x11-2.0.so.0.2400.23
7f3ef3df3000-7f3ef3ff2000 ---p 0042f000 08:05 922372                     /usr/lib/x86_64-linux-gnu/libgtk-x11-2.0.so.0.2400.23
7f3ef3ff2000-7f3ef3ff9000 r--p 0042e000 08:05 922372                     /usr/lib/x86_64-linux-gnu/libgtk-x11-2.0.so.0.2400.23
7f3ef3ff9000-7f3ef3ffd000 rw-p 00435000 08:05 922372                     /usr/lib/x86_64-linux-gnu/libgtk-x11-2.0.so.0.2400.23
7f3ef3ffd000-7f3ef4000000 rw-p 00000000 00:00 0 
7f3ef4000000-7f3ef4021000 rw-p 00000000 00:00 0 
7f3ef4021000-7f3ef8000000 ---p 00000000 00:00 0 
7f3ef8000000-7f3ef8021000 rw-p 00000000 00:00 0 
7f3ef8021000-7f3efc000000 ---p 00000000 00:00 0 
7f3efc000000-7f3efcafb000 rw-p 00000000 00:00 0 
7f3efcafb000-7f3f00000000 ---p 00000000 00:00 0 
7f3f00000000-7f3f008b4000 rw-p 00000000 00:00 0 
7f3f008b4000-7f3f04000000 ---p 00000000 00:00 0 
7f3f04000000-7f3f04021000 rw-p 00000000 00:00 0 
7f3f04021000-7f3f08000000 ---p 00000000 00:00 0 
7f3f08000000-7f3f08021000 rw-p 00000000 00:00 0 
7f3f08021000-7f3f0c000000 ---p 00000000 00:00 0 
7f3f0c000000-7f3f0c240000 rw-p 00000000 00:00 0 
7f3f0c240000-7f3f10000000 ---p 00000000 00:00 0 
7f3f10000000-7f3f10021000 rw-p 00000000 00:00 0 
7f3f10021000-7f3f14000000 ---p 00000000 00:00 0 
7f3f14000000-7f3f14021000 rw-p 00000000 00:00 0 
7f3f14021000-7f3f18000000 ---p 00000000 00:00 0 
7f3f18000000-7f3f18021000 rw-p 00000000 00:00 0 
7f3f18021000-7f3f1c000000 ---p 00000000 00:00 0 
7f3f1c000000-7f3f1c021000 rw-p 00000000 00:00 0 
7f3f1c021000-7f3f20000000 ---p 00000000 00:00 0 
7f3f20000000-7f3f20001000 r--s 00000000 08:05 289549                     /var/cache/fontconfig/c05880de57d1f5e948fdfacc138775d9-le64.cache-4
7f3f20001000-7f3f20002000 r--s 00000000 08:05 289559                     /var/cache/fontconfig/e7071f4a29fa870f4323321c154eba04-le64.cache-4
7f3f20002000-7f3f20003000 r--s 00000000 08:05 289526                     /var/cache/fontconfig/0d8c3b2ac0904cb8a57a757ad11a4a08-le64.cache-4
7f3f20003000-7f3f20017000 r--s 00000000 08:05 289524                     /var/cache/fontconfig/04aabc0a78ac019cf9454389977116d2-le64.cache-4
7f3f20017000-7f3f20018000 r--s 00000000 08:05 289528                     /var/cache/fontconfig/1ac9eb803944fde146138c791f5cc56a-le64.cache-4
7f3f20018000-7f3f2001c000 r--s 00000000 08:05 289532                     /var/cache/fontconfig/385c0604a188198f04d133e54aba7fe7-le64.cache-4
7f3f2001c000-7f3f2001d000 r--s 00000000 08:05 289556                     /var/cache/fontconfig/dc05db6664285cc2f12bf69c139ae4c3-le64.cache-4
7f3f2001d000-7f3f2001f000 r--s 00000000 08:05 289540                     /var/cache/fontconfig/767a8244fc0220cfb567a839d0392e0b-le64.cache-4
7f3f2001f000-7f3f20020000 r--s 00000000 08:05 289534                     /var/cache/fontconfig/4794a0821666d79190d59a36cb4f44b5-le64.cache-4
7f3f20020000-7f3f20025000 r--s 00000000 08:05 289542                     /var/cache/fontconfig/8801497958630a81b71ace7c5f9b32a8-le64.cache-4
7f3f20025000-7f3f20060000 r--s 00000000 08:05 289941                     /var/cache/fontconfig/365b55f210c0a22e9a19e35191240f32-le64.cache-4
7f3f20060000-7f3f20067000 r--s 00000000 08:05 289530                     /var/cache/fontconfig/3047814df9a2f067bd2d96a2b9c36e5a-le64.cache-4
7f3f20067000-7f3f2006d000 r--s 00000000 08:05 289547                     /var/cache/fontconfig/b47c4e1ecd0709278f4910c18777a504-le64.cache-4
7f3f2006d000-7f3f20076000 r--s 00000000 08:05 290072                     /var/cache/fontconfig/52f7bdb7ce746bfd7eaa1985bd9cfa93-le64.cache-4
7f3f20076000-7f3f20089000 r--s 00000000 08:05 289553                     /var/cache/fontconfig/d52a8644073d54c13679302ca1180695-le64.cache-4
7f3f20089000-7f3f20092000 r--s 00000000 08:05 289533                     /var/cache/fontconfig/3f7329c5293ffd510edef78f73874cfd-le64.cache-4
7f3f20092000-7f3f2009d000 r--s 00000000 08:05 290642                     /var/cache/fontconfig/d589a48862398ed80a3d6066f4f56f4c-le64.cache-4
7f3f2009d000-7f3f200aa000 r--s 00000000 08:05 290135                     /var/cache/fontconfig/e13b20fdb08344e0e664864cc2ede53d-le64.cache-4
7f3f200aa000-7f3f200ae000 r--s 00000000 08:05 289937                     /var/cache/fontconfig/7ef2298fde41cc6eeb7af42e48b7d293-le64.cache-4
7f3f200ae000-7f3f200ee000 r--p 00000000 08:05 1064624                    /usr/share/glib-2.0/schemas/gschemas.compiled
7f3f200ee000-7f3f20107000 r--p 00000000 08:05 168294                     /usr/share/locale-langpack/es/LC_MESSAGES/glib20.mo
7f3f20107000-7f3f20131000 r--p 00000000 08:05 168338                     /usr/share/locale-langpack/es/LC_MESSAGES/gtk20-properties.mo
7f3f20131000-7f3f20157000 r--p 00000000 08:05 168395                     /usr/share/locale-langpack/es/LC_MESSAGES/libc.mo
7f3f20157000-7f3f2015c000 r-xp 00000000 08:05 921891                     /usr/lib/x86_64-linux-gnu/libXtst.so.6.1.0
7f3f2015c000-7f3f2035b000 ---p 00005000 08:05 921891                     /usr/lib/x86_64-linux-gnu/libXtst.so.6.1.0
7f3f2035b000-7f3f2035c000 r--p 00004000 08:05 921891                     /usr/lib/x86_64-linux-gnu/libXtst.so.6.1.0
7f3f2035c000-7f3f2035d000 rw-p 00005000 08:05 921891                     /usr/lib/x86_64-linux-gnu/libXtst.so.6.1.0
7f3f2035d000-7f3f2035e000 r-xp 00000000 08:05 922368                     /usr/lib/x86_64-linux-gnu/libgthread-2.0.so.0.4002.0
7f3f2035e000-7f3f2055d000 ---p 00001000 08:05 922368                     /usr/lib/x86_64-linux-gnu/libgthread-2.0.so.0.4002.0
7f3f2055d000-7f3f2055e000 r--p 00000000 08:05 922368                     /usr/lib/x86_64-linux-gnu/libgthread-2.0.so.0.4002.0
7f3f2055e000-7f3f2055f000 rw-p 00001000 08:05 922368                     /usr/lib/x86_64-linux-gnu/libgthread-2.0.so.0.4002.0
7f3f2055f000-7f3f20560000 r--s 00000000 08:05 289536                     /var/cache/fontconfig/56cf4f4769d0f4abc89a4895d7bd3ae1-le64.cache-4
7f3f20560000-7f3f20561000 r--s 00000000 08:05 289548                     /var/cache/fontconfig/b9d506c9ac06c20b433354fa67a72993-le64.cache-4
7f3f20561000-7f3f20566000 r--p 00000000 08:05 931202                     /home/chibi/.config/dconf/user
7f3f20566000-7f3f2056d000 r--s 00000000 08:05 1047829                    /usr/lib/x86_64-linux-gnu/gconv/gconv-modules.cache
7f3f2056d000-7f3f2057c000 r--p 00000000 08:05 168339                     /usr/share/locale-langpack/es/LC_MESSAGES/gtk20.mo
7f3f2057c000-7f3f205e8000 r-xp 00000000 08:05 177602                     /tmp/swtlib-64/libswt-pi-gtk-3557.so
7f3f205e8000-7f3f206e7000 ---p 0006c000 08:05 177602                     /tmp/swtlib-64/libswt-pi-gtk-3557.so
7f3f206e7000-7f3f206eb000 rw-p 0006b000 08:05 177602                     /tmp/swtlib-64/libswt-pi-gtk-3557.so
7f3f206eb000-7f3f206ec000 rw-p 00000000 00:00 0 
7f3f206ec000-7f3f2072c000 r-xp 00000000 08:05 176962                     /tmp/swtlib-64/libswt-gtk-3557.so
7f3f2072c000-7f3f2082c000 ---p 00040000 08:05 176962                     /tmp/swtlib-64/libswt-gtk-3557.so
7f3f2082c000-7f3f20830000 rw-p 00040000 08:05 176962                     /tmp/swtlib-64/libswt-gtk-3557.so
7f3f20830000-7f3f20831000 rw-p 00000000 00:00 0 
7f3f20831000-7f3f20834000 r--s 00017000 08:05 800698                     /usr/lib/jvm/java-7-openjdk-amd64/jre/lib/jce.jar
7f3f20834000-7f3f20839000 r--s 0004d000 08:05 800694                     /usr/lib/jvm/java-7-openjdk-amd64/jre/lib/jsse.jar
7f3f20839000-7f3f20843000 r--s 000ae000 08:05 800690                     /usr/lib/jvm/java-7-openjdk-amd64/jre/lib/resources.jar
7f3f20843000-7f3f20846000 r--s 0000b000 08:05 538323                     /home/chibi/.m2/repository/org/eclipse/xtend/org.eclipse.xtend.lib.macro/2.7.3/org.eclipse.xtend.lib.macro-2.7.3.jar
7f3f20846000-7f3f2086f000 r--s 001ee000 08:05 538321                     /home/chibi/.m2/repository/com/google/guava/guava/14.0.1/guava-14.0.1.jar
7f3f2086f000-7f3f20873000 r--s 00019000 08:05 538319                     /home/chibi/.m2/repository/org/eclipse/xtext/org.eclipse.xtext.xbase.lib/2.7.3/org.eclipse.xtext.xbase.lib-2.7.3.jar
7f3f20873000-7f3f20877000 r--s 0001d000 08:05 538317                     /home/chibi/.m2/repository/org/eclipse/xtend/org.eclipse.xtend.lib/2.7.3/org.eclipse.xtend.lib-2.7.3.jar
7f3f20877000-7f3f20881000 r--s 00095000 08:05 8921                       /home/chibi/.m2/repository/org/scala-lang/modules/scala-xml_2.11/1.0.2/scala-xml_2.11-1.0.2.jar
7f3f20881000-7f3f20882000 ---p 00000000 00:00 0 
7f3f20882000-7f3f20982000 rw-p 00000000 00:00 0                          [stack:14214]
7f3f20982000-7f3f20985000 ---p 00000000 00:00 0 
7f3f20985000-7f3f20a83000 rw-p 00000000 00:00 0                          [stack:14213]
7f3f20a83000-7f3f20a86000 ---p 00000000 00:00 0 
7f3f20a86000-7f3f20b84000 rw-p 00000000 00:00 0                          [stack:14212]
7f3f20b84000-7f3f20b87000 ---p 00000000 00:00 0 
7f3f20b87000-7f3f20c85000 rw-p 00000000 00:00 0                          [stack:14211]
7f3f20c85000-7f3f20c88000 ---p 00000000 00:00 0 
7f3f20c88000-7f3f20d86000 rw-p 00000000 00:00 0                          [stack:14210]
7f3f20d86000-7f3f20dde000 r--s 004f2000 08:05 8919                       /home/chibi/.m2/repository/org/scala-lang/scala-library/2.11.2/scala-library-2.11.2.jar
7f3f20dde000-7f3f20df1000 r--s 00211000 08:05 659977                     /home/chibi/.m2/repository/org/eclipse/swt/gtk/org.eclipse.swt.gtk.linux.x86_64/3.5.2.v3557f/org.eclipse.swt.gtk.linux.x86_64-3.5.2.v3557f.jar
7f3f20df1000-7f3f20e35000 r--s 0037c000 08:05 659975                     /home/chibi/.m2/repository/org/eclipse/ui/org.eclipse.ui.workbench/3.4.2.M20090127-1700/org.eclipse.ui.workbench-3.4.2.M20090127-1700.jar
7f3f20e35000-7f3f20e44000 r--s 000e5000 08:05 659971                     /home/chibi/.m2/repository/org/eclipse/org.eclipse.osgi/3.4.3.R34x_v20081215-1030/org.eclipse.osgi-3.4.3.R34x_v20081215-1030.jar
7f3f20e44000-7f3f20e58000 r--s 000eb000 08:05 659969                     /home/chibi/.m2/repository/org/eclipse/org.eclipse.jface/3.4.2.M20090107-0800/org.eclipse.jface-3.4.2.M20090107-0800.jar
7f3f20e58000-7f3f20e5d000 r--s 0002b000 08:05 659967                     /home/chibi/.m2/repository/org/eclipse/jface/org.eclipse.jface.databinding/1.2.1.M20080827-0800a/org.eclipse.jface.databinding-1.2.1.M20080827-0800a.jar
7f3f20e5d000-7f3f20e60000 r--s 00015000 08:05 659965                     /home/chibi/.m2/repository/org/eclipse/equinox/org.eclipse.equinox.common/3.4.0.v20080421-2006/org.eclipse.equinox.common-3.4.0.v20080421-2006.jar
7f3f20e60000-7f3f20e69000 r--s 0004c000 08:05 659963                     /home/chibi/.m2/repository/org/eclipse/core/org.eclipse.core.databinding/1.1.1.M20080827-0800b/org.eclipse.core.databinding-1.1.1.M20080827-0800b.jar
7f3f20e69000-7f3f20e6b000 r--s 0000d000 08:05 659961                     /home/chibi/.m2/repository/org/eclipse/core/databinding/org.eclipse.core.databinding.beans/1.1.1.M20080827-0800a/org.eclipse.core.databinding.beans-1.1.1.M20080827-0800a.jar
7f3f20e6b000-7f3f20e6e000 r--s 00017000 08:05 659959                     /home/chibi/.m2/repository/org/eclipse/core/org.eclipse.core.commands/3.4.0.I20080509-2000/org.eclipse.core.commands-3.4.0.I20080509-2000.jar
7f3f20e6e000-7f3f20ebc000 r--s 0087c000 08:05 541508                     /home/chibi/.m2/repository/com/ibm/icu/icu4j/50.1.1/icu4j-50.1.1.jar
7f3f20ebc000-7f3f20edd000 r--s 00162000 08:05 541506                     /home/chibi/.m2/repository/org/mockito/mockito-all/1.9.5/mockito-all-1.9.5.jar
7f3f20edd000-7f3f20edf000 r--s 00008000 08:05 9325                       /home/chibi/.m2/repository/org/uqbar-project/arena-poo/3.5.1/arena-poo-3.5.1.jar
7f3f20edf000-7f3f20ee4000 r--s 00016000 08:05 8915                       /home/chibi/.m2/repository/xml-apis/xml-apis/1.0.b2/xml-apis-1.0.b2.jar
7f3f20ee4000-7f3f20ee9000 r--s 00048000 08:05 8913                       /home/chibi/.m2/repository/dom4j/dom4j/1.6.1/dom4j-1.6.1.jar
7f3f20ee9000-7f3f20eec000 r--s 00017000 08:05 8911                       /home/chibi/.m2/repository/org/reflections/reflections/0.9.8/reflections-0.9.8.jar
7f3f20eec000-7f3f20ef0000 r--s 00038000 08:05 659430                     /home/chibi/.m2/repository/commons-lang/commons-lang/2.2/commons-lang-2.2.jar
7f3f20ef0000-7f3f20ef5000 r--s 0002a000 08:05 8909                       /home/chibi/.m2/repository/commons-beanutils/commons-beanutils/1.7.0/commons-beanutils-1.7.0.jar
7f3f20ef5000-7f3f20ef7000 r--s 0000d000 08:05 541504                     /home/chibi/.m2/repository/commons-logging/commons-logging/1.1.1/commons-logging-1.1.1.jar
7f3f20ef7000-7f3f20f01000 r--s 000a5000 08:05 8907                       /home/chibi/.m2/repository/org/javassist/javassist/3.18.1-GA/javassist-3.18.1-GA.jar
7f3f20f01000-7f3f20f09000 r--s 00053000 08:05 1066452                    /home/chibi/.m2/repository/net/sf/oval/oval/1.81/oval-1.81.jar
7f3f20f09000-7f3f20f15000 r--s 00076000 08:05 1066450                    /home/chibi/.m2/repository/net/sourceforge/collections/collections-generic/4.01/collections-generic-4.01.jar
7f3f20f15000-7f3f20f23000 r--s 0007f000 08:05 1066448                    /home/chibi/.m2/repository/commons-collections/commons-collections/3.2.1/commons-collections-3.2.1.jar
7f3f20f23000-7f3f20f2c000 r--s 0006d000 08:05 541502                     /home/chibi/.m2/repository/log4j/log4j/1.2.16/log4j-1.2.16.jar
7f3f20f2c000-7f3f20f2e000 r--s 00008000 08:05 1066538                    /home/chibi/.m2/repository/org/uqbar-project/uqbar-domain/3.5.1/uqbar-domain-3.5.1.jar
7f3f20f2e000-7f3f20f32000 r--s 00028000 08:05 1066548                    /home/chibi/.m2/repository/org/uqbar-project/arena-apo/3.5.1/arena-apo-3.5.1.jar
7f3f20f32000-7f3f20f39000 r--s 0002b000 08:05 1066544                    /home/chibi/.m2/repository/org/uqbar-project/arena-core/3.5.1/arena-core-3.5.1.jar
7f3f20f39000-7f3f20f3f000 r--s 00033000 08:05 1066542                    /home/chibi/.m2/repository/org/uqbar-project/arena-jface/3.5.1/arena-jface-3.5.1.jar
7f3f20f3f000-7f3f20f68000 r--s 00200000 08:05 174828                     /home/chibi/Descargas/eclipse-jee mars/plugins/com.google.guava_15.0.0.v201403281430.jar
7f3f20f68000-7f3f2164a000 r--p 00000000 08:05 789633                     /usr/lib/locale/locale-archive
7f3f2164a000-7f3f2164d000 ---p 00000000 00:00 0 
7f3f2164d000-7f3f2174b000 rw-p 00000000 00:00 0                          [stack:14209]
7f3f2174b000-7f3f2174e000 ---p 00000000 00:00 0 
7f3f2174e000-7f3f2184c000 rw-p 00000000 00:00 0                          [stack:14208]
7f3f2184c000-7f3f2184d000 ---p 00000000 00:00 0 
7f3f2184d000-7f3f24000000 rw-p 00000000 00:00 0                          [stack:14207]
7f3f24000000-7f3f24021000 rw-p 00000000 00:00 0 
7f3f24021000-7f3f28000000 ---p 00000000 00:00 0 
7f3f28000000-7f3f28001000 r--s 00000000 08:05 289525                     /var/cache/fontconfig/0c9eb80ebd1c36541ebe2852d3bb0c49-le64.cache-4
7f3f28001000-7f3f28004000 r--s 00014000 08:05 1066546                    /home/chibi/.m2/repository/org/uqbar-project/arena-pot/3.5.1/arena-pot-3.5.1.jar
7f3f28004000-7f3f28008000 r--s 00032000 08:05 175966                     /home/chibi/Descargas/eclipse-jee mars/plugins/org.eclipse.xtend.lib_2.7.3.v201411190455.jar
7f3f28008000-7f3f28c14000 rw-p 00000000 00:00 0 
7f3f28c14000-7f3f28dc5000 r--s 01d29000 08:05 800687                     /usr/lib/jvm/java-7-openjdk-amd64/jre/lib/rt.jar
7f3f28dc5000-7f3f29000000 rw-p 00000000 00:00 0 
7f3f29000000-7f3f29270000 rwxp 00000000 00:00 0 
7f3f29270000-7f3f2c894000 rw-p 00000000 00:00 0 
7f3f2c894000-7f3f30000000 ---p 00000000 00:00 0 
7f3f30000000-7f3f30003000 r--s 0000e000 08:05 175969                     /home/chibi/Descargas/eclipse-jee mars/plugins/org.eclipse.xtend.lib.macro_2.7.3.v201411190455.jar
7f3f30003000-7f3f30006000 r--s 0001e000 08:05 175992                     /home/chibi/Descargas/eclipse-jee mars/plugins/org.eclipse.xtext.xbase.lib_2.7.3.v201411190455.jar
7f3f30006000-7f3f301ed000 rw-p 00000000 00:00 0 
7f3f301ed000-7f3f301ee000 ---p 00000000 00:00 0 
7f3f301ee000-7f3f302ee000 rw-p 00000000 00:00 0                          [stack:14206]
7f3f302ee000-7f3f302ef000 ---p 00000000 00:00 0 
7f3f302ef000-7f3f303ef000 rw-p 00000000 00:00 0                          [stack:14205]
7f3f303ef000-7f3f303f0000 ---p 00000000 00:00 0 
7f3f303f0000-7f3f304f0000 rw-p 00000000 00:00 0                          [stack:14204]
7f3f304f0000-7f3f304f1000 ---p 00000000 00:00 0 
7f3f304f1000-7f3f305fc000 rw-p 00000000 00:00 0                          [stack:14203]
7f3f305fc000-7f3f30644000 rw-p 00000000 00:00 0 
7f3f30644000-7f3f30659000 rw-p 00000000 00:00 0 
7f3f30659000-7f3f3078a000 rw-p 00000000 00:00 0 
7f3f3078a000-7f3f30795000 rw-p 00000000 00:00 0 
7f3f30795000-7f3f307dd000 rw-p 00000000 00:00 0 
7f3f307dd000-7f3f307f2000 rw-p 00000000 00:00 0 
7f3f307f2000-7f3f30922000 rw-p 00000000 00:00 0 
7f3f30922000-7f3f30944000 rw-p 00000000 00:00 0 
7f3f30944000-7f3f309c5000 rw-p 00000000 00:00 0 
7f3f309c5000-7f3f309c6000 rw-p 00000000 00:00 0 
7f3f309c6000-7f3f309ce000 r-xp 00000000 08:05 800720                     /usr/lib/jvm/java-7-openjdk-amd64/jre/lib/amd64/libzip.so
7f3f309ce000-7f3f30bcd000 ---p 00008000 08:05 800720                     /usr/lib/jvm/java-7-openjdk-amd64/jre/lib/amd64/libzip.so
7f3f30bcd000-7f3f30bce000 r--p 00007000 08:05 800720                     /usr/lib/jvm/java-7-openjdk-amd64/jre/lib/amd64/libzip.so
7f3f30bce000-7f3f30bcf000 rw-p 00008000 08:05 800720                     /usr/lib/jvm/java-7-openjdk-amd64/jre/lib/amd64/libzip.so
7f3f30bcf000-7f3f30bda000 r-xp 00000000 08:05 657773                     /lib/x86_64-linux-gnu/libnss_files-2.19.so
7f3f30bda000-7f3f30dd9000 ---p 0000b000 08:05 657773                     /lib/x86_64-linux-gnu/libnss_files-2.19.so
7f3f30dd9000-7f3f30dda000 r--p 0000a000 08:05 657773                     /lib/x86_64-linux-gnu/libnss_files-2.19.so
7f3f30dda000-7f3f30ddb000 rw-p 0000b000 08:05 657773                     /lib/x86_64-linux-gnu/libnss_files-2.19.so
7f3f30ddb000-7f3f30de6000 r-xp 00000000 08:05 657783                     /lib/x86_64-linux-gnu/libnss_nis-2.19.so
7f3f30de6000-7f3f30fe5000 ---p 0000b000 08:05 657783                     /lib/x86_64-linux-gnu/libnss_nis-2.19.so
7f3f30fe5000-7f3f30fe6000 r--p 0000a000 08:05 657783                     /lib/x86_64-linux-gnu/libnss_nis-2.19.so
7f3f30fe6000-7f3f30fe7000 rw-p 0000b000 08:05 657783                     /lib/x86_64-linux-gnu/libnss_nis-2.19.so
7f3f30fe7000-7f3f30ffe000 r-xp 00000000 08:05 657767                     /lib/x86_64-linux-gnu/libnsl-2.19.so
7f3f30ffe000-7f3f311fd000 ---p 00017000 08:05 657767                     /lib/x86_64-linux-gnu/libnsl-2.19.so
7f3f311fd000-7f3f311fe000 r--p 00016000 08:05 657767                     /lib/x86_64-linux-gnu/libnsl-2.19.so
7f3f311fe000-7f3f311ff000 rw-p 00017000 08:05 657767                     /lib/x86_64-linux-gnu/libnsl-2.19.so
7f3f311ff000-7f3f31201000 rw-p 00000000 00:00 0 
7f3f31201000-7f3f3120a000 r-xp 00000000 08:05 657769                     /lib/x86_64-linux-gnu/libnss_compat-2.19.so
7f3f3120a000-7f3f31409000 ---p 00009000 08:05 657769                     /lib/x86_64-linux-gnu/libnss_compat-2.19.so
7f3f31409000-7f3f3140a000 r--p 00008000 08:05 657769                     /lib/x86_64-linux-gnu/libnss_compat-2.19.so
7f3f3140a000-7f3f3140b000 rw-p 00009000 08:05 657769                     /lib/x86_64-linux-gnu/libnss_compat-2.19.so
7f3f3140b000-7f3f31436000 r-xp 00000000 08:05 800757                     /usr/lib/jvm/java-7-openjdk-amd64/jre/lib/amd64/libjava.so
7f3f31436000-7f3f31635000 ---p 0002b000 08:05 800757                     /usr/lib/jvm/java-7-openjdk-amd64/jre/lib/amd64/libjava.so
7f3f31635000-7f3f31636000 r--p 0002a000 08:05 800757                     /usr/lib/jvm/java-7-openjdk-amd64/jre/lib/amd64/libjava.so
7f3f31636000-7f3f31638000 rw-p 0002b000 08:05 800757                     /usr/lib/jvm/java-7-openjdk-amd64/jre/lib/amd64/libjava.so
7f3f31638000-7f3f31648000 r-xp 00000000 08:05 800738                     /usr/lib/jvm/java-7-openjdk-amd64/jre/lib/amd64/libverify.so
7f3f31648000-7f3f31847000 ---p 00010000 08:05 800738                     /usr/lib/jvm/java-7-openjdk-amd64/jre/lib/amd64/libverify.so
7f3f31847000-7f3f31849000 r--p 0000f000 08:05 800738                     /usr/lib/jvm/java-7-openjdk-amd64/jre/lib/amd64/libverify.so
7f3f31849000-7f3f3184a000 rw-p 00011000 08:05 800738                     /usr/lib/jvm/java-7-openjdk-amd64/jre/lib/amd64/libverify.so
7f3f3184a000-7f3f31851000 r-xp 00000000 08:05 657826                     /lib/x86_64-linux-gnu/librt-2.19.so
7f3f31851000-7f3f31a50000 ---p 00007000 08:05 657826                     /lib/x86_64-linux-gnu/librt-2.19.so
7f3f31a50000-7f3f31a51000 r--p 00006000 08:05 657826                     /lib/x86_64-linux-gnu/librt-2.19.so
7f3f31a51000-7f3f31a52000 rw-p 00007000 08:05 657826                     /lib/x86_64-linux-gnu/librt-2.19.so
7f3f31a52000-7f3f31a68000 r-xp 00000000 08:05 657725                     /lib/x86_64-linux-gnu/libgcc_s.so.1
7f3f31a68000-7f3f31c67000 ---p 00016000 08:05 657725                     /lib/x86_64-linux-gnu/libgcc_s.so.1
7f3f31c67000-7f3f31c68000 rw-p 00015000 08:05 657725                     /lib/x86_64-linux-gnu/libgcc_s.so.1
7f3f31c68000-7f3f31d6d000 r-xp 00000000 08:05 657748                     /lib/x86_64-linux-gnu/libm-2.19.so
7f3f31d6d000-7f3f31f6c000 ---p 00105000 08:05 657748                     /lib/x86_64-linux-gnu/libm-2.19.so
7f3f31f6c000-7f3f31f6d000 r--p 00104000 08:05 657748                     /lib/x86_64-linux-gnu/libm-2.19.so
7f3f31f6d000-7f3f31f6e000 rw-p 00105000 08:05 657748                     /lib/x86_64-linux-gnu/libm-2.19.so
7f3f31f6e000-7f3f32054000 r-xp 00000000 08:05 922754                     /usr/lib/x86_64-linux-gnu/libstdc++.so.6.0.19
7f3f32054000-7f3f32253000 ---p 000e6000 08:05 922754                     /usr/lib/x86_64-linux-gnu/libstdc++.so.6.0.19
7f3f32253000-7f3f3225b000 r--p 000e5000 08:05 922754                     /usr/lib/x86_64-linux-gnu/libstdc++.so.6.0.19
7f3f3225b000-7f3f3225d000 rw-p 000ed000 08:05 922754                     /usr/lib/x86_64-linux-gnu/libstdc++.so.6.0.19
7f3f3225d000-7f3f32272000 rw-p 00000000 00:00 0 
7f3f32272000-7f3f32d8b000 r-xp 00000000 08:05 800726                     /usr/lib/jvm/java-7-openjdk-amd64/jre/lib/amd64/server/libjvm.so
7f3f32d8b000-7f3f32f8b000 ---p 00b19000 08:05 800726                     /usr/lib/jvm/java-7-openjdk-amd64/jre/lib/amd64/server/libjvm.so
7f3f32f8b000-7f3f33025000 r--p 00b19000 08:05 800726                     /usr/lib/jvm/java-7-openjdk-amd64/jre/lib/amd64/server/libjvm.so
7f3f33025000-7f3f33048000 rw-p 00bb3000 08:05 800726                     /usr/lib/jvm/java-7-openjdk-amd64/jre/lib/amd64/server/libjvm.so
7f3f33048000-7f3f33076000 rw-p 00000000 00:00 0 
7f3f33076000-7f3f3308e000 r-xp 00000000 08:05 657861                     /lib/x86_64-linux-gnu/libz.so.1.2.8
7f3f3308e000-7f3f3328d000 ---p 00018000 08:05 657861                     /lib/x86_64-linux-gnu/libz.so.1.2.8
7f3f3328d000-7f3f3328e000 r--p 00017000 08:05 657861                     /lib/x86_64-linux-gnu/libz.so.1.2.8
7f3f3328e000-7f3f3328f000 rw-p 00018000 08:05 657861                     /lib/x86_64-linux-gnu/libz.so.1.2.8
7f3f3328f000-7f3f332a8000 r-xp 00000000 08:05 657818                     /lib/x86_64-linux-gnu/libpthread-2.19.so
7f3f332a8000-7f3f334a7000 ---p 00019000 08:05 657818                     /lib/x86_64-linux-gnu/libpthread-2.19.so
7f3f334a7000-7f3f334a8000 r--p 00018000 08:05 657818                     /lib/x86_64-linux-gnu/libpthread-2.19.so
7f3f334a8000-7f3f334a9000 rw-p 00019000 08:05 657818                     /lib/x86_64-linux-gnu/libpthread-2.19.so
7f3f334a9000-7f3f334ad000 rw-p 00000000 00:00 0 
7f3f334ad000-7f3f334b0000 r-xp 00000000 08:05 657715                     /lib/x86_64-linux-gnu/libdl-2.19.so
7f3f334b0000-7f3f336af000 ---p 00003000 08:05 657715                     /lib/x86_64-linux-gnu/libdl-2.19.so
7f3f336af000-7f3f336b0000 r--p 00002000 08:05 657715                     /lib/x86_64-linux-gnu/libdl-2.19.so
7f3f336b0000-7f3f336b1000 rw-p 00003000 08:05 657715                     /lib/x86_64-linux-gnu/libdl-2.19.so
7f3f336b1000-7f3f3386c000 r-xp 00000000 08:05 657698                     /lib/x86_64-linux-gnu/libc-2.19.so
7f3f3386c000-7f3f33a6b000 ---p 001bb000 08:05 657698                     /lib/x86_64-linux-gnu/libc-2.19.so
7f3f33a6b000-7f3f33a6f000 r--p 001ba000 08:05 657698                     /lib/x86_64-linux-gnu/libc-2.19.so
7f3f33a6f000-7f3f33a71000 rw-p 001be000 08:05 657698                     /lib/x86_64-linux-gnu/libc-2.19.so
7f3f33a71000-7f3f33a76000 rw-p 00000000 00:00 0 
7f3f33a76000-7f3f33a83000 r-xp 00000000 08:05 800723                     /usr/lib/jvm/java-7-openjdk-amd64/jre/lib/amd64/jli/libjli.so
7f3f33a83000-7f3f33c82000 ---p 0000d000 08:05 800723                     /usr/lib/jvm/java-7-openjdk-amd64/jre/lib/amd64/jli/libjli.so
7f3f33c82000-7f3f33c83000 r--p 0000c000 08:05 800723                     /usr/lib/jvm/java-7-openjdk-amd64/jre/lib/amd64/jli/libjli.so
7f3f33c83000-7f3f33c84000 rw-p 0000d000 08:05 800723                     /usr/lib/jvm/java-7-openjdk-amd64/jre/lib/amd64/jli/libjli.so
7f3f33c84000-7f3f33ca7000 r-xp 00000000 08:05 657674                     /lib/x86_64-linux-gnu/ld-2.19.so
7f3f33ca7000-7f3f33ca8000 r--s 00000000 00:16 83380                      /run/user/1000/dconf/user
7f3f33ca8000-7f3f33caa000 r--s 00006000 08:05 1204669                    /usr/share/java/java-atk-wrapper.jar
7f3f33caa000-7f3f33ccb000 rw-p 00000000 00:00 0 
7f3f33ccb000-7f3f33d81000 rw-p 00000000 00:00 0 
7f3f33d81000-7f3f33d84000 ---p 00000000 00:00 0 
7f3f33d84000-7f3f33e87000 rw-p 00000000 00:00 0                          [stack:14202]
7f3f33e87000-7f3f33e88000 r--s 00003000 08:05 659973                     /home/chibi/.m2/repository/org/eclipse/org.eclipse.swt/3.4.2.v3452b/org.eclipse.swt-3.4.2.v3452b.jar
7f3f33e88000-7f3f33e8a000 r--s 00012000 08:05 800709                     /usr/lib/jvm/java-7-openjdk-amd64/jre/lib/ext/zipfs.jar
7f3f33e8a000-7f3f33e8e000 r--s 00085000 08:05 800704                     /usr/lib/jvm/java-7-openjdk-amd64/jre/lib/ext/localedata.jar
7f3f33e8e000-7f3f33e92000 r--s 00034000 08:05 800706                     /usr/lib/jvm/java-7-openjdk-amd64/jre/lib/ext/sunjce_provider.jar
7f3f33e92000-7f3f33e93000 r--s 00002000 08:05 800705                     /usr/lib/jvm/java-7-openjdk-amd64/jre/lib/ext/dnsns.jar
7f3f33e93000-7f3f33e96000 r--s 0000f000 08:05 800708                     /usr/lib/jvm/java-7-openjdk-amd64/jre/lib/ext/icedtea-sound.jar
7f3f33e96000-7f3f33e9a000 r--s 0003c000 08:05 800707                     /usr/lib/jvm/java-7-openjdk-amd64/jre/lib/ext/sunpkcs11.jar
7f3f33e9a000-7f3f33ea2000 rw-s 00000000 08:05 177661                     /tmp/hsperfdata_chibi/14196
7f3f33ea2000-7f3f33ea3000 rw-p 00000000 00:00 0 
7f3f33ea3000-7f3f33ea4000 ---p 00000000 00:00 0 
7f3f33ea4000-7f3f33ea6000 rw-p 00000000 00:00 0 
7f3f33ea6000-7f3f33ea7000 r--p 00022000 08:05 657674                     /lib/x86_64-linux-gnu/ld-2.19.so
7f3f33ea7000-7f3f33ea8000 rw-p 00023000 08:05 657674                     /lib/x86_64-linux-gnu/ld-2.19.so
7f3f33ea8000-7f3f33ea9000 rw-p 00000000 00:00 0 
7ffd05f45000-7ffd05f67000 rw-p 00000000 00:00 0                          [stack]
7ffd05f96000-7ffd05f98000 r--p 00000000 00:00 0                          [vvar]
7ffd05f98000-7ffd05f9a000 r-xp 00000000 00:00 0                          [vdso]
ffffffffff600000-ffffffffff601000 r-xp 00000000 00:00 0                  [vsyscall]

VM Arguments:
jvm_args: -Djava.system.class.loader=com.uqbar.apo.APOClassLoader -Dfile.encoding=UTF-8 
java_command: ventanaEstadisticas.WindowSeleccionEstadistica
Launcher Type: SUN_STANDARD

Environment Variables:
PATH=/usr/local/sbin:/usr/local/bin:/usr/sbin:/usr/bin:/sbin:/bin:/usr/games:/usr/local/games
SHELL=/bin/bash
DISPLAY=:0.0

Signal Handlers:
SIGSEGV: [libjvm.so+0x94bab0], sa_mask[0]=0x7ffbfeff, sa_flags=0x10000004
SIGBUS: [libjvm.so+0x94bab0], sa_mask[0]=0x7ffbfeff, sa_flags=0x10000004
SIGFPE: [libjvm.so+0x7c38b0], sa_mask[0]=0x7ffbfeff, sa_flags=0x10000004
SIGPIPE: SIG_IGN, sa_mask[0]=0x00001000, sa_flags=0x10000000
SIGXFSZ: [libjvm.so+0x7c38b0], sa_mask[0]=0x7ffbfeff, sa_flags=0x10000004
SIGILL: [libjvm.so+0x7c38b0], sa_mask[0]=0x7ffbfeff, sa_flags=0x10000004
SIGUSR1: SIG_DFL, sa_mask[0]=0x00000000, sa_flags=0x00000000
SIGUSR2: [libjvm.so+0x7c3750], sa_mask[0]=0x00000004, sa_flags=0x10000004
SIGHUP: [libjvm.so+0x7c3930], sa_mask[0]=0x7ffbfeff, sa_flags=0x10000004
SIGINT: [libjvm.so+0x7c3930], sa_mask[0]=0x7ffbfeff, sa_flags=0x10000004
SIGTERM: [libjvm.so+0x7c3930], sa_mask[0]=0x7ffbfeff, sa_flags=0x10000004
SIGQUIT: [libjvm.so+0x7c3930], sa_mask[0]=0x7ffbfeff, sa_flags=0x10000004
SIGTRAP: SIG_DFL, sa_mask[0]=0x00000000, sa_flags=0x00000000


---------------  S Y S T E M  ---------------

OS:Ubuntu 14.04 (trusty)
uname:Linux 3.19.0-25-generic #26~14.04.1-Ubuntu SMP Fri Jul 24 21:16:20 UTC 2015 x86_64
libc:glibc 2.19 NPTL 2.19 
rlimit: STACK 8192k, CORE 0k, NPROC 15514, NOFILE 4096, AS infinity
load average:4,60 1,54 0,77

/proc/meminfo:
MemTotal:        3993216 kB
MemFree:          107176 kB
MemAvailable:      54780 kB
Buffers:            1056 kB
Cached:           243248 kB
SwapCached:            0 kB
Active:          3508464 kB
Inactive:         219436 kB
Active(anon):    3501160 kB
Inactive(anon):   193996 kB
Active(file):       7304 kB
Inactive(file):    25440 kB
Unevictable:          32 kB
Mlocked:              32 kB
SwapTotal:             0 kB
SwapFree:              0 kB
Dirty:               136 kB
Writeback:             0 kB
AnonPages:       3483892 kB
Mapped:            78340 kB
Shmem:            211296 kB
Slab:              62772 kB
SReclaimable:      31408 kB
SUnreclaim:        31364 kB
KernelStack:        9904 kB
PageTables:        41016 kB
NFS_Unstable:          0 kB
Bounce:                0 kB
WritebackTmp:          0 kB
CommitLimit:     1996608 kB
Committed_AS:    7507836 kB
VmallocTotal:   34359738367 kB
VmallocUsed:      216740 kB
VmallocChunk:   34359511004 kB
HardwareCorrupted:     0 kB
AnonHugePages:   1613824 kB
CmaTotal:              0 kB
CmaFree:               0 kB
HugePages_Total:       0
HugePages_Free:        0
HugePages_Rsvd:        0
HugePages_Surp:        0
Hugepagesize:       2048 kB
DirectMap4k:      116992 kB
DirectMap2M:     4024320 kB


CPU:total 4 (2 cores per cpu, 2 threads per core) family 6 model 42 stepping 7, cmov, cx8, fxsr, mmx, sse, sse2, sse3, ssse3, sse4.1, sse4.2, popcnt, avx, ht, tsc, tscinvbit

/proc/cpuinfo:
processor	: 0
vendor_id	: GenuineIntel
cpu family	: 6
model		: 42
model name	: Intel(R) Core(TM) i3-2330M CPU @ 2.20GHz
stepping	: 7
microcode	: 0x23
cpu MHz		: 799.992
cache size	: 3072 KB
physical id	: 0
siblings	: 4
core id		: 0
cpu cores	: 2
apicid		: 0
initial apicid	: 0
fpu		: yes
fpu_exception	: yes
cpuid level	: 13
wp		: yes
flags		: fpu vme de pse tsc msr pae mce cx8 apic sep mtrr pge mca cmov pat pse36 clflush dts acpi mmx fxsr sse sse2 ss ht tm pbe syscall nx rdtscp lm constant_tsc arch_perfmon pebs bts rep_good nopl xtopology nonstop_tsc aperfmperf eagerfpu pni pclmulqdq dtes64 monitor ds_cpl vmx est tm2 ssse3 cx16 xtpr pdcm pcid sse4_1 sse4_2 x2apic popcnt tsc_deadline_timer xsave avx lahf_lm arat epb pln pts dtherm tpr_shadow vnmi flexpriority ept vpid xsaveopt
bugs		:
bogomips	: 4390.11
clflush size	: 64
cache_alignment	: 64
address sizes	: 36 bits physical, 48 bits virtual
power management:

processor	: 1
vendor_id	: GenuineIntel
cpu family	: 6
model		: 42
model name	: Intel(R) Core(TM) i3-2330M CPU @ 2.20GHz
stepping	: 7
microcode	: 0x23
cpu MHz		: 828.265
cache size	: 3072 KB
physical id	: 0
siblings	: 4
core id		: 0
cpu cores	: 2
apicid		: 1
initial apicid	: 1
fpu		: yes
fpu_exception	: yes
cpuid level	: 13
wp		: yes
flags		: fpu vme de pse tsc msr pae mce cx8 apic sep mtrr pge mca cmov pat pse36 clflush dts acpi mmx fxsr sse sse2 ss ht tm pbe syscall nx rdtscp lm constant_tsc arch_perfmon pebs bts rep_good nopl xtopology nonstop_tsc aperfmperf eagerfpu pni pclmulqdq dtes64 monitor ds_cpl vmx est tm2 ssse3 cx16 xtpr pdcm pcid sse4_1 sse4_2 x2apic popcnt tsc_deadline_timer xsave avx lahf_lm arat epb pln pts dtherm tpr_shadow vnmi flexpriority ept vpid xsaveopt
bugs		:
bogomips	: 4390.11
clflush size	: 64
cache_alignment	: 64
address sizes	: 36 bits physical, 48 bits virtual
power management:

processor	: 2
vendor_id	: GenuineIntel
cpu family	: 6
model		: 42
model name	: Intel(R) Core(TM) i3-2330M CPU @ 2.20GHz
stepping	: 7
microcode	: 0x23
cpu MHz		: 799.992
cache size	: 3072 KB
physical id	: 0
siblings	: 4
core id		: 1
cpu cores	: 2
apicid		: 2
initial apicid	: 2
fpu		: yes
fpu_exception	: yes
cpuid level	: 13
wp		: yes
flags		: fpu vme de pse tsc msr pae mce cx8 apic sep mtrr pge mca cmov pat pse36 clflush dts acpi mmx fxsr sse sse2 ss ht tm pbe syscall nx rdtscp lm constant_tsc arch_perfmon pebs bts rep_good nopl xtopology nonstop_tsc aperfmperf eagerfpu pni pclmulqdq dtes64 monitor ds_cpl vmx est tm2 ssse3 cx16 xtpr pdcm pcid sse4_1 sse4_2 x2apic popcnt tsc_deadline_timer xsave avx lahf_lm arat epb pln pts dtherm tpr_shadow vnmi flexpriority ept vpid xsaveopt
bugs		:
bogomips	: 4390.11
clflush size	: 64
cache_alignment	: 64
address sizes	: 36 bits physical, 48 bits virtual
power management:

processor	: 3
vendor_id	: GenuineIntel
cpu family	: 6
model		: 42
model name	: Intel(R) Core(TM) i3-2330M CPU @ 2.20GHz
stepping	: 7
microcode	: 0x23
cpu MHz		: 822.421
cache size	: 3072 KB
physical id	: 0
siblings	: 4
core id		: 1
cpu cores	: 2
apicid		: 3
initial apicid	: 3
fpu		: yes
fpu_exception	: yes
cpuid level	: 13
wp		: yes
flags		: fpu vme de pse tsc msr pae mce cx8 apic sep mtrr pge mca cmov pat pse36 clflush dts acpi mmx fxsr sse sse2 ss ht tm pbe syscall nx rdtscp lm constant_tsc arch_perfmon pebs bts rep_good nopl xtopology nonstop_tsc aperfmperf eagerfpu pni pclmulqdq dtes64 monitor ds_cpl vmx est tm2 ssse3 cx16 xtpr pdcm pcid sse4_1 sse4_2 x2apic popcnt tsc_deadline_timer xsave avx lahf_lm arat epb pln pts dtherm tpr_shadow vnmi flexpriority ept vpid xsaveopt
bugs		:
bogomips	: 4390.11
clflush size	: 64
cache_alignment	: 64
address sizes	: 36 bits physical, 48 bits virtual
power management:



Memory: 4k page, physical 3993216k(107176k free), swap 0k(0k free)

vm_info: OpenJDK 64-Bit Server VM (24.79-b02) for linux-amd64 JRE (1.7.0_79-b14), built on Jul 24 2015 08:15:54 by "buildd" with gcc 4.8.2

time: Tue Sep 22 02:06:04 2015
elapsed time: 65 seconds

